<?xml version="1.0" encoding="UTF-8"?>
<robot generator="Robot 3.1.2 (Python 3.7.4 on darwin)" generated="20210409 19:21:52.534" rpa="false">
<suite id="s1" name="API Trip Task Todo" source="/Users/panuwitsupageeratirod/ondemand/Automation_Ondemand2.0/CPFresh mart/TMS-Trip-Task-Todo/API_Trip_Task_Todo.robot">
<test id="s1-t1" name="Setting Selenium Options">
<kw name="Set Selenium Speed" library="Selenium2Library">
<doc>Sets the delay that is waited after each Selenium command.</doc>
<arguments>
<arg>10s</arg>
</arguments>
<status status="PASS" starttime="20210409 19:21:53.344" endtime="20210409 19:21:53.344"></status>
</kw>
<kw name="Set Selenium Timeout" library="Selenium2Library">
<doc>Sets the timeout that is used by various keywords.</doc>
<arguments>
<arg>60</arg>
</arguments>
<status status="PASS" starttime="20210409 19:21:53.344" endtime="20210409 19:21:53.345"></status>
</kw>
<status status="PASS" starttime="20210409 19:21:53.342" endtime="20210409 19:21:53.345" critical="yes"></status>
</test>
<test id="s1-t2" name="TC_001_Driver Login success">
<kw name="Create Session" library="RequestsLibrary">
<doc>Create Session: create a HTTP session to a server</doc>
<arguments>
<arg>session</arg>
<arg>http://app-4pl-authentication.drivs.staging.tel.internal</arg>
</arguments>
<msg timestamp="20210409 19:21:53.346" level="INFO">Creating Session using : alias=session, url=http://app-4pl-authentication.drivs.staging.tel.internal, headers={},                     cookies={}, auth=None, timeout=None, proxies=None, verify=False,                     debug=0 </msg>
<status status="PASS" starttime="20210409 19:21:53.346" endtime="20210409 19:21:53.346"></status>
</kw>
<kw name="Create Dictionary" library="BuiltIn">
<doc>Creates and returns a dictionary based on the given ``items``.</doc>
<arguments>
<arg>apiKey=${api-key}</arg>
<arg>Content-Type=${Content-Type}</arg>
<arg>x-consumer-username=CPF</arg>
</arguments>
<assign>
<var>${headers}</var>
</assign>
<msg timestamp="20210409 19:21:53.347" level="INFO">${headers} = {'apiKey': 'x210JD9W0BrlKmqDWgegELzRvPfIiVb5', 'Content-Type': 'application/json', 'x-consumer-username': 'CPF'}</msg>
<status status="PASS" starttime="20210409 19:21:53.346" endtime="20210409 19:21:53.347"></status>
</kw>
<kw name="Get File" library="OperatingSystem">
<doc>Returns the contents of a specified file.</doc>
<arguments>
<arg>TC_001_login.json</arg>
</arguments>
<assign>
<var>${json_string}</var>
</assign>
<msg timestamp="20210409 19:21:53.347" level="INFO" html="yes">Getting file '&lt;a href="file:///Users/panuwitsupageeratirod/ondemand/Automation_Ondemand2.0/CPFresh mart/TMS-Trip-Task-Todo/TC_001_login.json"&gt;/Users/panuwitsupageeratirod/ondemand/Automation_Ondemand2.0/CPFresh mart/TMS-Trip-Task-Todo/TC_001_login.json&lt;/a&gt;'.</msg>
<msg timestamp="20210409 19:21:53.348" level="INFO">${json_string} = {
    "citizenId": "1000000000019",
    "password": "@Test0019"
}</msg>
<status status="PASS" starttime="20210409 19:21:53.347" endtime="20210409 19:21:53.348"></status>
</kw>
<kw name="Post Request" library="RequestsLibrary">
<doc>Send a POST request on the session object found using the
given `alias`</doc>
<arguments>
<arg>session</arg>
<arg>/v1/auth/login-citizen-id</arg>
<arg>data=${json_string}</arg>
<arg>headers=${headers}</arg>
</arguments>
<assign>
<var>${resp}</var>
</assign>
<msg timestamp="20210409 19:21:53.349" level="INFO">POST Request using : uri=/v1/auth/login-citizen-id, params=None, files=None, allow_redirects=True, timeout=None
headers={'User-Agent': 'python-requests/2.22.0', 'Accept-Encoding': 'gzip, deflate', 'Accept': '*/*', 'Connection': 'keep-alive', 'apiKey': 'x210JD9W0BrlKmqDWgegELzRvPfIiVb5', 'Content-Type': 'application/json', 'x-consumer-username': 'CPF'} 
data={
    "citizenId": "1000000000019",
    "password": "@Test0019"
} 
json=None</msg>
<msg timestamp="20210409 19:21:53.502" level="INFO">${resp} = &lt;Response [200]&gt;</msg>
<status status="PASS" starttime="20210409 19:21:53.348" endtime="20210409 19:21:53.502"></status>
</kw>
<kw name="Set Variable" library="BuiltIn">
<doc>Returns the given values which can then be assigned to a variables.</doc>
<arguments>
<arg>${resp.status_code}</arg>
</arguments>
<assign>
<var>${http_status_res_code}</var>
</assign>
<msg timestamp="20210409 19:21:53.503" level="INFO">${http_status_res_code} = 200</msg>
<status status="PASS" starttime="20210409 19:21:53.503" endtime="20210409 19:21:53.503"></status>
</kw>
<kw name="Log" library="BuiltIn">
<doc>Logs the given message with the given level.</doc>
<arguments>
<arg>${resp.json()}</arg>
</arguments>
<msg timestamp="20210409 19:21:53.504" level="INFO">{'data': {'token': 'Bearer eyJhbGciOiJIUzI1NiIsInR5cCI6IkpXVCJ9.eyJ1c2VybmFtZSI6IlRFU1RfMDAwMTkiLCJlbWFpbCI6IiIsInBob25lIjoiNjY4OTAwMDAwMTkiLCJpYXQiOjE2MTc5NzA5MTMsImV4cCI6MTYxODU3NTcxMywiaXNzIjoicWVSUkxaa3ptIn0.LT4Nvy2D1HoGNa8D8Jy3qsfZsjr5J3fY71gYhXbefZ8', 'refreshToken': 'Bearer eyJhbGciOiJIUzI1NiIsInR5cCI6IkpXVCJ9.eyJ1c2VybmFtZSI6IlRFU1RfMDAwMTkiLCJlbWFpbCI6IiIsInBob25lIjoiNjY4OTAwMDAwMTkiLCJpYXQiOjE2MTc5NzA5MTMsImV4cCI6MTYxOTE4MDUxMywiaXNzIjoicWVSUkxaa3ptIn0.uJkG0gL_nXEKkAZjDJvLvBJbKT-t-kQMrKVGV-3ddoQ'}, 'status': 'OK', 'statusCodes': 200}</msg>
<status status="PASS" starttime="20210409 19:21:53.503" endtime="20210409 19:21:53.504"></status>
</kw>
<kw name="Validation Http status code success 200 OK" library="user_keywords">
<arguments>
<arg>${http_status_res_code}</arg>
</arguments>
<kw name="Should Be Equal As Strings" library="BuiltIn">
<doc>Fails if objects are unequal after converting them to strings.</doc>
<arguments>
<arg>${http_status_res_code}</arg>
<arg>200</arg>
</arguments>
<msg timestamp="20210409 19:21:53.506" level="INFO">Argument types are:
&lt;class 'int'&gt;
&lt;type 'unicode'&gt;</msg>
<status status="PASS" starttime="20210409 19:21:53.506" endtime="20210409 19:21:53.509"></status>
</kw>
<status status="PASS" starttime="20210409 19:21:53.505" endtime="20210409 19:21:53.509"></status>
</kw>
<kw name="Get From Dictionary" library="Collections">
<doc>Returns a value from the given ``dictionary`` based on the given ``key``.</doc>
<arguments>
<arg>${resp.json()["data"]}</arg>
<arg>token</arg>
</arguments>
<assign>
<var>${Token}</var>
</assign>
<msg timestamp="20210409 19:21:53.512" level="INFO">${Token} = Bearer eyJhbGciOiJIUzI1NiIsInR5cCI6IkpXVCJ9.eyJ1c2VybmFtZSI6IlRFU1RfMDAwMTkiLCJlbWFpbCI6IiIsInBob25lIjoiNjY4OTAwMDAwMTkiLCJpYXQiOjE2MTc5NzA5MTMsImV4cCI6MTYxODU3NTcxMywiaXNzIjoicWVSUkxaa3ptIn0.LT4Nvy2D...</msg>
<status status="PASS" starttime="20210409 19:21:53.511" endtime="20210409 19:21:53.512"></status>
</kw>
<kw name="Set Global Variable" library="BuiltIn">
<doc>Makes a variable available globally in all tests and suites.</doc>
<arguments>
<arg>${Token}</arg>
</arguments>
<msg timestamp="20210409 19:21:53.513" level="INFO">${Token} = Bearer eyJhbGciOiJIUzI1NiIsInR5cCI6IkpXVCJ9.eyJ1c2VybmFtZSI6IlRFU1RfMDAwMTkiLCJlbWFpbCI6IiIsInBob25lIjoiNjY4OTAwMDAwMTkiLCJpYXQiOjE2MTc5NzA5MTMsImV4cCI6MTYxODU3NTcxMywiaXNzIjoicWVSUkxaa3ptIn0.LT4Nvy2D...</msg>
<status status="PASS" starttime="20210409 19:21:53.512" endtime="20210409 19:21:53.513"></status>
</kw>
<status status="PASS" starttime="20210409 19:21:53.345" endtime="20210409 19:21:53.513" critical="yes"></status>
</test>
<test id="s1-t3" name="DRIVER ONLINE SUCCESS">
<kw name="Create Session" library="RequestsLibrary">
<doc>Create Session: create a HTTP session to a server</doc>
<arguments>
<arg>session</arg>
<arg>https://api.staging.true-e-logistics.com</arg>
</arguments>
<msg timestamp="20210409 19:21:53.515" level="INFO">Creating Session using : alias=session, url=https://api.staging.true-e-logistics.com, headers={},                     cookies={}, auth=None, timeout=None, proxies=None, verify=False,                     debug=0 </msg>
<status status="PASS" starttime="20210409 19:21:53.515" endtime="20210409 19:21:53.516"></status>
</kw>
<kw name="Create Dictionary" library="BuiltIn">
<doc>Creates and returns a dictionary based on the given ``items``.</doc>
<arguments>
<arg>Authorization=${Token}</arg>
<arg>Content-Type=${Content-Type}</arg>
<arg>project-id=5ec78aecf3a41244b9031586</arg>
<arg>company-id=5ea93cda890a1f52c86637e3</arg>
</arguments>
<assign>
<var>${headers}</var>
</assign>
<msg timestamp="20210409 19:21:53.517" level="INFO">${headers} = {'Authorization': 'Bearer eyJhbGciOiJIUzI1NiIsInR5cCI6IkpXVCJ9.eyJ1c2VybmFtZSI6IlRFU1RfMDAwMTkiLCJlbWFpbCI6IiIsInBob25lIjoiNjY4OTAwMDAwMTkiLCJpYXQiOjE2MTc5NzA5MTMsImV4cCI6MTYxODU3NTcxMywiaXNzIjoicWVSU...</msg>
<status status="PASS" starttime="20210409 19:21:53.516" endtime="20210409 19:21:53.517"></status>
</kw>
<kw name="Get File" library="OperatingSystem">
<doc>Returns the contents of a specified file.</doc>
<arguments>
<arg>TC_000_Driver_online.json</arg>
</arguments>
<assign>
<var>${json_string}</var>
</assign>
<msg timestamp="20210409 19:21:53.518" level="INFO" html="yes">Getting file '&lt;a href="file:///Users/panuwitsupageeratirod/ondemand/Automation_Ondemand2.0/CPFresh mart/TMS-Trip-Task-Todo/TC_000_Driver_online.json"&gt;/Users/panuwitsupageeratirod/ondemand/Automation_Ondemand2.0/CPFresh mart/TMS-Trip-Task-Todo/TC_000_Driver_online.json&lt;/a&gt;'.</msg>
<msg timestamp="20210409 19:21:53.518" level="INFO">${json_string} = {
    "status": "ONLINE"
}</msg>
<status status="PASS" starttime="20210409 19:21:53.517" endtime="20210409 19:21:53.519"></status>
</kw>
<kw name="Put Request" library="RequestsLibrary">
<doc>Send a PUT request on the session object found using the
given `alias`</doc>
<arguments>
<arg>session</arg>
<arg>/v1/mobile/staff/updateStatus</arg>
<arg>data=${json_string}</arg>
<arg>headers=${headers}</arg>
</arguments>
<assign>
<var>${resp}</var>
</assign>
<msg timestamp="20210409 19:21:53.519" level="INFO">PUT Request using : uri=/v1/mobile/staff/updateStatus, params=None, files=None, allow_redirects=True, timeout=None
headers={'User-Agent': 'python-requests/2.22.0', 'Accept-Encoding': 'gzip, deflate', 'Accept': '*/*', 'Connection': 'keep-alive', 'Authorization': 'Bearer eyJhbGciOiJIUzI1NiIsInR5cCI6IkpXVCJ9.eyJ1c2VybmFtZSI6IlRFU1RfMDAwMTkiLCJlbWFpbCI6IiIsInBob25lIjoiNjY4OTAwMDAwMTkiLCJpYXQiOjE2MTc5NzA5MTMsImV4cCI6MTYxODU3NTcxMywiaXNzIjoicWVSUkxaa3ptIn0.LT4Nvy2D1HoGNa8D8Jy3qsfZsjr5J3fY71gYhXbefZ8', 'Content-Type': 'application/json', 'project-id': '5ec78aecf3a41244b9031586', 'company-id': '5ea93cda890a1f52c86637e3'} 
data={
    "status": "ONLINE"
} 
json=None</msg>
<msg timestamp="20210409 19:21:53.771" level="INFO">/Users/panuwitsupageeratirod/.virtualenvs/automate/lib/python3.7/site-packages/urllib3/connectionpool.py:851: InsecureRequestWarning: Unverified HTTPS request is being made. Adding certificate verification is strongly advised. See: https://urllib3.readthedocs.io/en/latest/advanced-usage.html#ssl-warnings
  InsecureRequestWarning)</msg>
<msg timestamp="20210409 19:21:53.772" level="INFO">${resp} = &lt;Response [200]&gt;</msg>
<status status="PASS" starttime="20210409 19:21:53.519" endtime="20210409 19:21:53.772"></status>
</kw>
<kw name="Set Variable" library="BuiltIn">
<doc>Returns the given values which can then be assigned to a variables.</doc>
<arguments>
<arg>${resp.status_code}</arg>
</arguments>
<assign>
<var>${http_status_res_code}</var>
</assign>
<msg timestamp="20210409 19:21:53.772" level="INFO">${http_status_res_code} = 200</msg>
<status status="PASS" starttime="20210409 19:21:53.772" endtime="20210409 19:21:53.772"></status>
</kw>
<kw name="Log" library="BuiltIn">
<doc>Logs the given message with the given level.</doc>
<arguments>
<arg>${resp.json()}</arg>
</arguments>
<msg timestamp="20210409 19:21:53.773" level="INFO">{'statusCode': 200, 'status': 'success', 'data': {'status': 'ONLINE', 'staffId': '5f688acb4e5fb5001c1e854b', 'userId': '5f688acbe562ec00122a5bcd'}}</msg>
<status status="PASS" starttime="20210409 19:21:53.773" endtime="20210409 19:21:53.773"></status>
</kw>
<kw name="Validation Http status code success 200 OK" library="user_keywords">
<arguments>
<arg>${http_status_res_code}</arg>
</arguments>
<kw name="Should Be Equal As Strings" library="BuiltIn">
<doc>Fails if objects are unequal after converting them to strings.</doc>
<arguments>
<arg>${http_status_res_code}</arg>
<arg>200</arg>
</arguments>
<msg timestamp="20210409 19:21:53.775" level="INFO">Argument types are:
&lt;class 'int'&gt;
&lt;type 'unicode'&gt;</msg>
<status status="PASS" starttime="20210409 19:21:53.774" endtime="20210409 19:21:53.775"></status>
</kw>
<status status="PASS" starttime="20210409 19:21:53.773" endtime="20210409 19:21:53.775"></status>
</kw>
<kw name="Validation driver online success" library="user_keywords_trip_task_todo">
<arguments>
<arg>${resp}</arg>
</arguments>
<kw name="Get From Dictionary" library="Collections">
<doc>Returns a value from the given ``dictionary`` based on the given ``key``.</doc>
<arguments>
<arg>${resp.json()["data"]}</arg>
<arg>status</arg>
</arguments>
<assign>
<var>${ResMessage}</var>
</assign>
<msg timestamp="20210409 19:21:53.776" level="INFO">${ResMessage} = ONLINE</msg>
<status status="PASS" starttime="20210409 19:21:53.775" endtime="20210409 19:21:53.776"></status>
</kw>
<kw name="Should Be Equal As Strings" library="BuiltIn">
<doc>Fails if objects are unequal after converting them to strings.</doc>
<arguments>
<arg>${ResMessage}</arg>
<arg>ONLINE</arg>
</arguments>
<status status="PASS" starttime="20210409 19:21:53.776" endtime="20210409 19:21:53.777"></status>
</kw>
<status status="PASS" starttime="20210409 19:21:53.775" endtime="20210409 19:21:53.777"></status>
</kw>
<status status="PASS" starttime="20210409 19:21:53.514" endtime="20210409 19:21:53.777" critical="yes"></status>
</test>
<test id="s1-t4" name="TC_002_GET TRIP LIST">
<kw name="Create Session" library="RequestsLibrary">
<doc>Create Session: create a HTTP session to a server</doc>
<arguments>
<arg>session</arg>
<arg>http://app-4pl-tms-api.drivs.staging.tel.internal</arg>
</arguments>
<msg timestamp="20210409 19:21:53.778" level="INFO">Creating Session using : alias=session, url=http://app-4pl-tms-api.drivs.staging.tel.internal, headers={},                     cookies={}, auth=None, timeout=None, proxies=None, verify=False,                     debug=0 </msg>
<status status="PASS" starttime="20210409 19:21:53.778" endtime="20210409 19:21:53.779"></status>
</kw>
<kw name="Create Dictionary" library="BuiltIn">
<doc>Creates and returns a dictionary based on the given ``items``.</doc>
<arguments>
<arg>apiKey=${api-key}</arg>
<arg>Content-Type=${Content-Type}</arg>
<arg>x-consumer-username=CPF</arg>
</arguments>
<assign>
<var>${headers}</var>
</assign>
<msg timestamp="20210409 19:21:53.779" level="INFO">${headers} = {'apiKey': 'x210JD9W0BrlKmqDWgegELzRvPfIiVb5', 'Content-Type': 'application/json', 'x-consumer-username': 'CPF'}</msg>
<status status="PASS" starttime="20210409 19:21:53.779" endtime="20210409 19:21:53.779"></status>
</kw>
<kw name="Get Request" library="RequestsLibrary">
<doc>Send a GET request on the session object found using the
given `alias`</doc>
<arguments>
<arg>session</arg>
<arg>/v1/trips?limit=5&amp;page=1&amp;sort=%7B%22createdAt%22%3A%20-1%7D&amp;search={"$and":[{"status": "PENDING"}, {"projectId": "5ec78aecf3a41244b9031586"}, {"companyId": "5ea93cda890a1f52c86637e3"}]}</arg>
</arguments>
<assign>
<var>${resp}</var>
</assign>
<msg timestamp="20210409 19:21:53.780" level="INFO">GET Request using : uri=/v1/trips?limit=5&amp;page=1&amp;sort=%7B%22createdAt%22%3A%20-1%7D&amp;search={"$and":[{"status": "PENDING"}, {"projectId": "5ec78aecf3a41244b9031586"}, {"companyId": "5ea93cda890a1f52c86637e3"}]}, params=None, allow_redirects=True, timeout=None
headers={'User-Agent': 'python-requests/2.22.0', 'Accept-Encoding': 'gzip, deflate', 'Accept': '*/*', 'Connection': 'keep-alive'} 
data=None 
json=None</msg>
<msg timestamp="20210409 19:21:53.921" level="INFO">${resp} = &lt;Response [200]&gt;</msg>
<status status="PASS" starttime="20210409 19:21:53.780" endtime="20210409 19:21:53.921"></status>
</kw>
<kw name="Set Variable" library="BuiltIn">
<doc>Returns the given values which can then be assigned to a variables.</doc>
<arguments>
<arg>${resp.status_code}</arg>
</arguments>
<assign>
<var>${http_status_res_code}</var>
</assign>
<msg timestamp="20210409 19:21:53.922" level="INFO">${http_status_res_code} = 200</msg>
<status status="PASS" starttime="20210409 19:21:53.922" endtime="20210409 19:21:53.922"></status>
</kw>
<kw name="Log" library="BuiltIn">
<doc>Logs the given message with the given level.</doc>
<arguments>
<arg>${resp.json()}</arg>
</arguments>
<msg timestamp="20210409 19:21:53.924" level="INFO">{'status': 'OK', 'statusCode': 200, 'data': {'data': [{'detailStatusMetadata': {'refOrderStatuses': []}, 'priceIncentive': {'cost': []}, 'windowTime': ['2020-10-22T04:27:00.000Z', None], 'status': 'PENDING', 'passengers': [], 'staffs': [], 'tasks': ['5fbc966f17d83800117a8588', '5fbc966f17d83800117a8589', '5fbc966f17d83800117a858a'], 'rejectRequest': [], 'income': 0, 'workflowInstanceId': None, 'workflowTaskId': None, 'workflowType': None, 'metadata': {'consignment': 'MAKROTEST1123IN0011', 'orderId': 'ODM201123090851444', 'orderType': 'MAKRO_B2C_ONLINE', 'customer': {'_id': '5f867fef0b39fb91c9c80de2', 'name': 'Makro'}, 'pickUpAt': {'start': '2020-10-22T04:27:00.000Z'}, 'optimized': {'couriers': [{'_id': '5ea93cda890a1f52c86637e3', 'projectId': '5ec78aecf3a41244b9031586', 'name': 'CP Freshmart', 'description': 'Contract between CPFM and CP Freshmart', 'isInternalService': True, 'priority': 0, 'timeout': 300000, 'vehicleTypes': [{'name': 'Motorcycle', 'weight': 100000, 'width': 64, 'height': 44, 'length': 38}]}, {'_id': '5e8d43f99ccb8f8909edc07b', 'projectId': '5ec797eaf3a41244b903ade1', 'name': 'Sendit', 'description': 'Contract between CPFM and Sendit', 'isInternalService': False, 'priority': 1, 'timeout': 300000, 'vehicleTypes': [{'name': 'Motorcycle', 'weight': 100000, 'width': 64, 'height': 44, 'length': 38}]}], 'couriersVehicleDeliverable': [{'courierCompanyId': '5ea93cda890a1f52c86637e3', 'courierName': 'CP Freshmart', 'vehicle': {'vehicleType': {'name': 'Motorcycle', 'weight': 100000, 'width': 64, 'height': 44, 'length': 38}, 'amount': 1}}, {'courierCompanyId': '5e8d43f99ccb8f8909edc07b', 'courierName': 'Sendit', 'vehicle': {'vehicleType': {'name': 'Motorcycle', 'weight': 100000, 'width': 64, 'height': 44, 'length': 38}, 'amount': 1}}], 'direction': {'distance': 7274, 'duration': 617, 'trafficTime': 617}, 'dimension': {'price': 138, 'weight': 200, 'width': 20, 'height': 20, 'length': 10, 'volume': 4000}}, 'prices': [{'success': True, 'outputs': [{'name': '(Test) Makro-CPFM - Delivery Fee', 'output': {'price': 25}, 'success': True, 'total': 25}], 'request': {'courierCompanyId': '5ea93cda890a1f52c86637e3', 'modelInput': {'assistant': 0, 'destination': 1, 'distance': 7.274, 'liftingService': 0, 'totalOrder': 0, 'cod': True, 'document': 1, 'extraLarge': 0, 'totalPrice': 138, 'vehicleType': 'Motorcycle'}, 'ownerCompanyId': '5f867fef0b39fb91c9c80de2'}}, {'outputs': [{'name': '(Test) Makro-Sendit - Delivery Fee', 'output': {'start': 70, 'priceFrom5km': 30}, 'success': True, 'total': 100}], 'request': {'ownerCompanyId': '5f867fef0b39fb91c9c80de2', 'courierCompanyId': '5e8d43f99ccb8f8909edc07b', 'modelInput': {'destination': 1, 'document': 1, 'extraLarge': 0, 'totalOrder': 0, 'assistant': 0, 'distance': 7.274, 'liftingService': 0, 'totalPrice': 138, 'vehicleType': 'Motorcycle', 'cod': True}}, 'success': True}], 'workflow': {'taskId': 'ab710730-10fe-4b17-8df1-4e83ce752b57', 'taskName': 'tms_waiting_accept_trip', 'taskReferenceName': 'odm_auto_assign_waiting_sendit_accept_trip', 'workflowId': '7a0a6726-e68d-4045-bfca-5abdb42203db', 'transactionId': '81567690-2d6b-11eb-8ccb-596112957a2f_HejtJKXCbBCjLdsPJXmqLb_auto_assign_courier'}, 'external': None, 'ticketId': '0a802c1a', 'token': 'de40df2f', 'payment': {'detailService': {'serviceFee': 0, 'deliveryFee': 25}}, 'workflows': [{'orderId': '81567690-2d6b-11eb-8ccb-596112957a2f_ebecc670_manual_assign_courier', 'transactionPrefix': 'odm-transport-', 'workflowName': 'ODM_TRANSPORT', 'workflowRev': 1, 'transactionId': '81567690-2d6b-11eb-8ccb-596112957a2f_ebecc670_manual_assign_courierodm-transport-'}, {'taskId': '18b58bb9-511e-4158-a52c-6861902c9fd2', 'taskName': 'tms_waiting_accept_trip', 'taskReferenceName': 'odm_manual_assign_waiting_accept_trip', 'workflowId': 'd497eb64-4286-4cb0-9c10-50b6066d9b2c', 'transactionId': '81567690-2d6b-11eb-8ccb-596112957a2f_ebecc670_manual_assign_courier'}]}, 'deleted': False, '_id': '5fbc967017d83800117a858b', '__v': 0, 'companyId': '5ea93cda890a1f52c86637e3', 'createdAt': '2020-11-24T05:13:20.606Z', 'directions': [], 'orderId': '81567690-2d6b-11eb-8ccb-596112957a2f_ebecc670_manual_assign_courier', 'orderReferenceId': '81567690-2d6b-11eb-8ccb-596112957a2f-1', 'projectId': '5ec78aecf3a41244b9031586', 'referenceCompanyId': '5ea93cda890a1f52c86637e3', 'referenceProjectId': '5ec78aecf3a41244b9031586', 'tripId': 'ODMTR242020112453', 'updatedAt': '2020-11-24T05:13:23.654Z'}], 'total': 1, 'limit': 5, 'page': 1, 'hasNext': False}}</msg>
<status status="PASS" starttime="20210409 19:21:53.924" endtime="20210409 19:21:53.925"></status>
</kw>
<kw name="Validation Http status code success 200 OK" library="user_keywords">
<arguments>
<arg>${http_status_res_code}</arg>
</arguments>
<kw name="Should Be Equal As Strings" library="BuiltIn">
<doc>Fails if objects are unequal after converting them to strings.</doc>
<arguments>
<arg>${http_status_res_code}</arg>
<arg>200</arg>
</arguments>
<msg timestamp="20210409 19:21:53.926" level="INFO">Argument types are:
&lt;class 'int'&gt;
&lt;type 'unicode'&gt;</msg>
<status status="PASS" starttime="20210409 19:21:53.926" endtime="20210409 19:21:53.926"></status>
</kw>
<status status="PASS" starttime="20210409 19:21:53.925" endtime="20210409 19:21:53.927"></status>
</kw>
<kw name="Get From Dictionary" library="Collections">
<doc>Returns a value from the given ``dictionary`` based on the given ``key``.</doc>
<arguments>
<arg>${resp.json()["data"]["data"][0]}</arg>
<arg>_id</arg>
</arguments>
<assign>
<var>${TripID}</var>
</assign>
<msg timestamp="20210409 19:21:53.929" level="INFO">${TripID} = 5fbc967017d83800117a858b</msg>
<status status="PASS" starttime="20210409 19:21:53.927" endtime="20210409 19:21:53.929"></status>
</kw>
<kw name="Set Global Variable" library="BuiltIn">
<doc>Makes a variable available globally in all tests and suites.</doc>
<arguments>
<arg>${TripID}</arg>
</arguments>
<msg timestamp="20210409 19:21:53.930" level="INFO">${TripID} = 5fbc967017d83800117a858b</msg>
<status status="PASS" starttime="20210409 19:21:53.929" endtime="20210409 19:21:53.930"></status>
</kw>
<status status="PASS" starttime="20210409 19:21:53.777" endtime="20210409 19:21:53.930" critical="yes"></status>
</test>
<test id="s1-t5" name="TC_003_GET TRIP ID">
<kw name="Create Session" library="RequestsLibrary">
<doc>Create Session: create a HTTP session to a server</doc>
<arguments>
<arg>session</arg>
<arg>http://app-4pl-tms-api.drivs.staging.tel.internal</arg>
</arguments>
<msg timestamp="20210409 19:21:53.932" level="INFO">Creating Session using : alias=session, url=http://app-4pl-tms-api.drivs.staging.tel.internal, headers={},                     cookies={}, auth=None, timeout=None, proxies=None, verify=False,                     debug=0 </msg>
<status status="PASS" starttime="20210409 19:21:53.931" endtime="20210409 19:21:53.933"></status>
</kw>
<kw name="Create Dictionary" library="BuiltIn">
<doc>Creates and returns a dictionary based on the given ``items``.</doc>
<arguments>
<arg>apiKey=${api-key}</arg>
<arg>Content-Type=${Content-Type}</arg>
<arg>x-consumer-username=CPF</arg>
</arguments>
<assign>
<var>${headers}</var>
</assign>
<msg timestamp="20210409 19:21:53.934" level="INFO">${headers} = {'apiKey': 'x210JD9W0BrlKmqDWgegELzRvPfIiVb5', 'Content-Type': 'application/json', 'x-consumer-username': 'CPF'}</msg>
<status status="PASS" starttime="20210409 19:21:53.934" endtime="20210409 19:21:53.934"></status>
</kw>
<kw name="Get Request" library="RequestsLibrary">
<doc>Send a GET request on the session object found using the
given `alias`</doc>
<arguments>
<arg>session</arg>
<arg>/v1/trips/${TripID}</arg>
</arguments>
<assign>
<var>${resp}</var>
</assign>
<msg timestamp="20210409 19:21:53.935" level="INFO">GET Request using : uri=/v1/trips/5fbc967017d83800117a858b, params=None, allow_redirects=True, timeout=None
headers={'User-Agent': 'python-requests/2.22.0', 'Accept-Encoding': 'gzip, deflate', 'Accept': '*/*', 'Connection': 'keep-alive'} 
data=None 
json=None</msg>
<msg timestamp="20210409 19:21:54.013" level="INFO">${resp} = &lt;Response [200]&gt;</msg>
<status status="PASS" starttime="20210409 19:21:53.935" endtime="20210409 19:21:54.013"></status>
</kw>
<kw name="Set Variable" library="BuiltIn">
<doc>Returns the given values which can then be assigned to a variables.</doc>
<arguments>
<arg>${resp.status_code}</arg>
</arguments>
<assign>
<var>${http_status_res_code}</var>
</assign>
<msg timestamp="20210409 19:21:54.014" level="INFO">${http_status_res_code} = 200</msg>
<status status="PASS" starttime="20210409 19:21:54.013" endtime="20210409 19:21:54.014"></status>
</kw>
<kw name="Log" library="BuiltIn">
<doc>Logs the given message with the given level.</doc>
<arguments>
<arg>${resp.json()}</arg>
</arguments>
<msg timestamp="20210409 19:21:54.015" level="INFO">{'status': 'OK', 'statusCode': 200, 'data': {'detailStatusMetadata': {'refOrderStatuses': []}, 'priceIncentive': {'cost': []}, 'windowTime': ['2020-10-22T04:27:00.000Z', None], 'status': 'PENDING', 'passengers': [], 'staffs': [], 'tasks': ['5fbc966f17d83800117a8588', '5fbc966f17d83800117a8589', '5fbc966f17d83800117a858a'], 'rejectRequest': [], 'income': 0, 'workflowInstanceId': None, 'workflowTaskId': None, 'workflowType': None, 'metadata': {'consignment': 'MAKROTEST1123IN0011', 'orderId': 'ODM201123090851444', 'orderType': 'MAKRO_B2C_ONLINE', 'customer': {'_id': '5f867fef0b39fb91c9c80de2', 'name': 'Makro'}, 'pickUpAt': {'start': '2020-10-22T04:27:00.000Z'}, 'optimized': {'couriers': [{'_id': '5ea93cda890a1f52c86637e3', 'projectId': '5ec78aecf3a41244b9031586', 'name': 'CP Freshmart', 'description': 'Contract between CPFM and CP Freshmart', 'isInternalService': True, 'priority': 0, 'timeout': 300000, 'vehicleTypes': [{'name': 'Motorcycle', 'weight': 100000, 'width': 64, 'height': 44, 'length': 38}]}, {'_id': '5e8d43f99ccb8f8909edc07b', 'projectId': '5ec797eaf3a41244b903ade1', 'name': 'Sendit', 'description': 'Contract between CPFM and Sendit', 'isInternalService': False, 'priority': 1, 'timeout': 300000, 'vehicleTypes': [{'name': 'Motorcycle', 'weight': 100000, 'width': 64, 'height': 44, 'length': 38}]}], 'couriersVehicleDeliverable': [{'courierCompanyId': '5ea93cda890a1f52c86637e3', 'courierName': 'CP Freshmart', 'vehicle': {'vehicleType': {'name': 'Motorcycle', 'weight': 100000, 'width': 64, 'height': 44, 'length': 38}, 'amount': 1}}, {'courierCompanyId': '5e8d43f99ccb8f8909edc07b', 'courierName': 'Sendit', 'vehicle': {'vehicleType': {'name': 'Motorcycle', 'weight': 100000, 'width': 64, 'height': 44, 'length': 38}, 'amount': 1}}], 'direction': {'distance': 7274, 'duration': 617, 'trafficTime': 617}, 'dimension': {'price': 138, 'weight': 200, 'width': 20, 'height': 20, 'length': 10, 'volume': 4000}}, 'prices': [{'success': True, 'outputs': [{'name': '(Test) Makro-CPFM - Delivery Fee', 'output': {'price': 25}, 'success': True, 'total': 25}], 'request': {'courierCompanyId': '5ea93cda890a1f52c86637e3', 'modelInput': {'assistant': 0, 'destination': 1, 'distance': 7.274, 'liftingService': 0, 'totalOrder': 0, 'cod': True, 'document': 1, 'extraLarge': 0, 'totalPrice': 138, 'vehicleType': 'Motorcycle'}, 'ownerCompanyId': '5f867fef0b39fb91c9c80de2'}}, {'outputs': [{'name': '(Test) Makro-Sendit - Delivery Fee', 'output': {'start': 70, 'priceFrom5km': 30}, 'success': True, 'total': 100}], 'request': {'ownerCompanyId': '5f867fef0b39fb91c9c80de2', 'courierCompanyId': '5e8d43f99ccb8f8909edc07b', 'modelInput': {'destination': 1, 'document': 1, 'extraLarge': 0, 'totalOrder': 0, 'assistant': 0, 'distance': 7.274, 'liftingService': 0, 'totalPrice': 138, 'vehicleType': 'Motorcycle', 'cod': True}}, 'success': True}], 'workflow': {'taskId': 'ab710730-10fe-4b17-8df1-4e83ce752b57', 'taskName': 'tms_waiting_accept_trip', 'taskReferenceName': 'odm_auto_assign_waiting_sendit_accept_trip', 'workflowId': '7a0a6726-e68d-4045-bfca-5abdb42203db', 'transactionId': '81567690-2d6b-11eb-8ccb-596112957a2f_HejtJKXCbBCjLdsPJXmqLb_auto_assign_courier'}, 'external': None, 'ticketId': '0a802c1a', 'token': 'de40df2f', 'payment': {'detailService': {'serviceFee': 0, 'deliveryFee': 25}}, 'workflows': [{'orderId': '81567690-2d6b-11eb-8ccb-596112957a2f_ebecc670_manual_assign_courier', 'transactionPrefix': 'odm-transport-', 'workflowName': 'ODM_TRANSPORT', 'workflowRev': 1, 'transactionId': '81567690-2d6b-11eb-8ccb-596112957a2f_ebecc670_manual_assign_courierodm-transport-'}, {'taskId': '18b58bb9-511e-4158-a52c-6861902c9fd2', 'taskName': 'tms_waiting_accept_trip', 'taskReferenceName': 'odm_manual_assign_waiting_accept_trip', 'workflowId': 'd497eb64-4286-4cb0-9c10-50b6066d9b2c', 'transactionId': '81567690-2d6b-11eb-8ccb-596112957a2f_ebecc670_manual_assign_courier'}]}, 'deleted': False, '_id': '5fbc967017d83800117a858b', '__v': 0, 'companyId': '5ea93cda890a1f52c86637e3', 'createdAt': '2020-11-24T05:13:20.606Z', 'directions': [], 'orderId': '81567690-2d6b-11eb-8ccb-596112957a2f_ebecc670_manual_assign_courier', 'orderReferenceId': '81567690-2d6b-11eb-8ccb-596112957a2f-1', 'projectId': '5ec78aecf3a41244b9031586', 'referenceCompanyId': '5ea93cda890a1f52c86637e3', 'referenceProjectId': '5ec78aecf3a41244b9031586', 'tripId': 'ODMTR242020112453', 'updatedAt': '2020-11-24T05:13:23.654Z'}}</msg>
<status status="PASS" starttime="20210409 19:21:54.014" endtime="20210409 19:21:54.015"></status>
</kw>
<kw name="Validation Http status code success 200 OK" library="user_keywords">
<arguments>
<arg>${http_status_res_code}</arg>
</arguments>
<kw name="Should Be Equal As Strings" library="BuiltIn">
<doc>Fails if objects are unequal after converting them to strings.</doc>
<arguments>
<arg>${http_status_res_code}</arg>
<arg>200</arg>
</arguments>
<msg timestamp="20210409 19:21:54.017" level="INFO">Argument types are:
&lt;class 'int'&gt;
&lt;type 'unicode'&gt;</msg>
<status status="PASS" starttime="20210409 19:21:54.016" endtime="20210409 19:21:54.017"></status>
</kw>
<status status="PASS" starttime="20210409 19:21:54.016" endtime="20210409 19:21:54.017"></status>
</kw>
<kw name="Get From Dictionary" library="Collections">
<doc>Returns a value from the given ``dictionary`` based on the given ``key``.</doc>
<arguments>
<arg>${resp.json()["data"]}</arg>
<arg>tasks</arg>
</arguments>
<assign>
<var>${TaskID}</var>
</assign>
<msg timestamp="20210409 19:21:54.018" level="INFO">${TaskID} = ['5fbc966f17d83800117a8588', '5fbc966f17d83800117a8589', '5fbc966f17d83800117a858a']</msg>
<status status="PASS" starttime="20210409 19:21:54.017" endtime="20210409 19:21:54.018"></status>
</kw>
<kw name="Set Global Variable" library="BuiltIn">
<doc>Makes a variable available globally in all tests and suites.</doc>
<arguments>
<arg>${TaskID[0]}</arg>
</arguments>
<msg timestamp="20210409 19:21:54.020" level="INFO">${TaskID[0]} = 5fbc966f17d83800117a8588</msg>
<status status="PASS" starttime="20210409 19:21:54.019" endtime="20210409 19:21:54.020"></status>
</kw>
<kw name="Set Global Variable" library="BuiltIn">
<doc>Makes a variable available globally in all tests and suites.</doc>
<arguments>
<arg>${TaskID[1]}</arg>
</arguments>
<msg timestamp="20210409 19:21:54.021" level="INFO">${TaskID[1]} = 5fbc966f17d83800117a8589</msg>
<status status="PASS" starttime="20210409 19:21:54.020" endtime="20210409 19:21:54.021"></status>
</kw>
<kw name="Set Global Variable" library="BuiltIn">
<doc>Makes a variable available globally in all tests and suites.</doc>
<arguments>
<arg>${TaskID[2]}</arg>
</arguments>
<msg timestamp="20210409 19:21:54.022" level="INFO">${TaskID[2]} = 5fbc966f17d83800117a858a</msg>
<status status="PASS" starttime="20210409 19:21:54.021" endtime="20210409 19:21:54.022"></status>
</kw>
<status status="PASS" starttime="20210409 19:21:53.930" endtime="20210409 19:21:54.022" critical="yes"></status>
</test>
<test id="s1-t6" name="TC_004_GET TASK ACCEPT TRIP">
<kw name="Create Session" library="RequestsLibrary">
<doc>Create Session: create a HTTP session to a server</doc>
<arguments>
<arg>session</arg>
<arg>http://app-4pl-tms-api.drivs.staging.tel.internal</arg>
</arguments>
<msg timestamp="20210409 19:21:54.024" level="INFO">Creating Session using : alias=session, url=http://app-4pl-tms-api.drivs.staging.tel.internal, headers={},                     cookies={}, auth=None, timeout=None, proxies=None, verify=False,                     debug=0 </msg>
<status status="PASS" starttime="20210409 19:21:54.023" endtime="20210409 19:21:54.024"></status>
</kw>
<kw name="Create Dictionary" library="BuiltIn">
<doc>Creates and returns a dictionary based on the given ``items``.</doc>
<arguments>
<arg>apiKey=${api-key}</arg>
<arg>Content-Type=${Content-Type}</arg>
<arg>x-consumer-username=CPF</arg>
</arguments>
<assign>
<var>${headers}</var>
</assign>
<msg timestamp="20210409 19:21:54.025" level="INFO">${headers} = {'apiKey': 'x210JD9W0BrlKmqDWgegELzRvPfIiVb5', 'Content-Type': 'application/json', 'x-consumer-username': 'CPF'}</msg>
<status status="PASS" starttime="20210409 19:21:54.025" endtime="20210409 19:21:54.025"></status>
</kw>
<kw name="Get Request" library="RequestsLibrary">
<doc>Send a GET request on the session object found using the
given `alias`</doc>
<arguments>
<arg>session</arg>
<arg>/v1/tasks/${TaskID[0]}</arg>
</arguments>
<assign>
<var>${resp}</var>
</assign>
<msg timestamp="20210409 19:21:54.026" level="INFO">GET Request using : uri=/v1/tasks/5fbc966f17d83800117a8588, params=None, allow_redirects=True, timeout=None
headers={'User-Agent': 'python-requests/2.22.0', 'Accept-Encoding': 'gzip, deflate', 'Accept': '*/*', 'Connection': 'keep-alive'} 
data=None 
json=None</msg>
<msg timestamp="20210409 19:21:54.105" level="INFO">${resp} = &lt;Response [200]&gt;</msg>
<status status="PASS" starttime="20210409 19:21:54.026" endtime="20210409 19:21:54.106"></status>
</kw>
<kw name="Set Variable" library="BuiltIn">
<doc>Returns the given values which can then be assigned to a variables.</doc>
<arguments>
<arg>${resp.status_code}</arg>
</arguments>
<assign>
<var>${http_status_res_code}</var>
</assign>
<msg timestamp="20210409 19:21:54.106" level="INFO">${http_status_res_code} = 200</msg>
<status status="PASS" starttime="20210409 19:21:54.106" endtime="20210409 19:21:54.106"></status>
</kw>
<kw name="Log" library="BuiltIn">
<doc>Logs the given message with the given level.</doc>
<arguments>
<arg>${resp.json()}</arg>
</arguments>
<msg timestamp="20210409 19:21:54.107" level="INFO">{'status': 'OK', 'statusCode': 200, 'data': {'tripId': '5fbc967017d83800117a858b', 'sequenceSystem': 1, 'sequenceManual': 0, 'todos': ['5fbc966f17d83800117a857c'], 'parcels': [], 'staffs': [], 'passengers': [], 'rejectRequest': [], 'status': 'PENDING', 'detailStatus': None, 'windowTime': ['2020-10-22T04:27:00.000Z', None], 'requireSkills': [], 'tracking': [], 'note': '', 'adminNote': '', 'geographyId': '5fbb7c246bbc6600111e83c3', 'referenceGeographyId': None, 'workflowInstanceId': None, 'workflowTaskId': None, 'workflowType': None, 'priority': 0, 'appointmentNo': None, 'standardTimeLength': None, 'isRequired': True, 'deleted': False, '_id': '5fbc966f17d83800117a8588', 'orderId': '81567690-2d6b-11eb-8ccb-596112957a2f-1', 'information': {'name': 'MAKRO - อินทามระ 41', 'phone': '083-9889780', 'parcels': [{'productId': '1.00000000', 'sku': '000000000023025642', 'name': 'เนื้อหนูหมัก 2 กิโล', 'weight': 100, 'price': 69, 'dimension': {'width': 10, 'height': 10, 'length': 5}}, {'productId': '1.00000000', 'sku': '000000000023025642', 'name': 'ไก่หมัก 2 กิโล', 'weight': 100, 'price': 69, 'dimension': {'width': 10, 'height': 10, 'length': 5}}], 'note': 'ทดสอบระบบ TOPTEST', 'vehicle': {'type': 'Motorcycle', 'amount': 1}}, 'projectId': '5ec78aecf3a41244b9031586', 'companyId': '5ea93cda890a1f52c86637e3', 'deliveryStatus': 'PROCESS', 'referenceCompanyId': '5ea93cda890a1f52c86637e3', 'referenceProjectId': '5ec78aecf3a41244b9031586', 'taskId': 'ODMTA842020112427', 'taskTypeId': '5f8d554a2d69e1900d0b6bc6', 'track': [], 'remarks': [], 'createdAt': '2020-11-24T05:13:19.417Z', 'updatedAt': '2021-02-09T03:59:15.911Z', '__v': 0}}</msg>
<status status="PASS" starttime="20210409 19:21:54.107" endtime="20210409 19:21:54.107"></status>
</kw>
<kw name="Validation Http status code success 200 OK" library="user_keywords">
<arguments>
<arg>${http_status_res_code}</arg>
</arguments>
<kw name="Should Be Equal As Strings" library="BuiltIn">
<doc>Fails if objects are unequal after converting them to strings.</doc>
<arguments>
<arg>${http_status_res_code}</arg>
<arg>200</arg>
</arguments>
<msg timestamp="20210409 19:21:54.108" level="INFO">Argument types are:
&lt;class 'int'&gt;
&lt;type 'unicode'&gt;</msg>
<status status="PASS" starttime="20210409 19:21:54.108" endtime="20210409 19:21:54.108"></status>
</kw>
<status status="PASS" starttime="20210409 19:21:54.107" endtime="20210409 19:21:54.108"></status>
</kw>
<kw name="Get From Dictionary" library="Collections">
<doc>Returns a value from the given ``dictionary`` based on the given ``key``.</doc>
<arguments>
<arg>${resp.json()["data"]}</arg>
<arg>todos</arg>
</arguments>
<assign>
<var>${TodoID}</var>
</assign>
<msg timestamp="20210409 19:21:54.109" level="INFO">${TodoID} = ['5fbc966f17d83800117a857c']</msg>
<status status="PASS" starttime="20210409 19:21:54.109" endtime="20210409 19:21:54.109"></status>
</kw>
<kw name="Set Global Variable" library="BuiltIn">
<doc>Makes a variable available globally in all tests and suites.</doc>
<arguments>
<arg>${TodoID[0]}</arg>
</arguments>
<msg timestamp="20210409 19:21:54.109" level="INFO">${TodoID[0]} = 5fbc966f17d83800117a857c</msg>
<status status="PASS" starttime="20210409 19:21:54.109" endtime="20210409 19:21:54.110"></status>
</kw>
<status status="PASS" starttime="20210409 19:21:54.023" endtime="20210409 19:21:54.110" critical="yes"></status>
</test>
<test id="s1-t7" name="TC_005_PUT TASK ACCEPT TRIP">
<kw name="Create Session" library="RequestsLibrary">
<doc>Create Session: create a HTTP session to a server</doc>
<arguments>
<arg>session</arg>
<arg>https://api.staging.true-e-logistics.com</arg>
</arguments>
<msg timestamp="20210409 19:21:54.111" level="INFO">Creating Session using : alias=session, url=https://api.staging.true-e-logistics.com, headers={},                     cookies={}, auth=None, timeout=None, proxies=None, verify=False,                     debug=0 </msg>
<status status="PASS" starttime="20210409 19:21:54.110" endtime="20210409 19:21:54.111"></status>
</kw>
<kw name="Create Dictionary" library="BuiltIn">
<doc>Creates and returns a dictionary based on the given ``items``.</doc>
<arguments>
<arg>Authorization=${Token}</arg>
<arg>Content-Type=${Content-Type}</arg>
<arg>project-id=5ec78aecf3a41244b9031586</arg>
<arg>company-id=5ea93cda890a1f52c86637e3</arg>
</arguments>
<assign>
<var>${headers}</var>
</assign>
<msg timestamp="20210409 19:21:54.112" level="INFO">${headers} = {'Authorization': 'Bearer eyJhbGciOiJIUzI1NiIsInR5cCI6IkpXVCJ9.eyJ1c2VybmFtZSI6IlRFU1RfMDAwMTkiLCJlbWFpbCI6IiIsInBob25lIjoiNjY4OTAwMDAwMTkiLCJpYXQiOjE2MTc5NzA5MTMsImV4cCI6MTYxODU3NTcxMywiaXNzIjoicWVSU...</msg>
<status status="PASS" starttime="20210409 19:21:54.111" endtime="20210409 19:21:54.112"></status>
</kw>
<kw name="Get File" library="OperatingSystem">
<doc>Returns the contents of a specified file.</doc>
<arguments>
<arg>TC_004_lat_long.json</arg>
</arguments>
<assign>
<var>${json_string}</var>
</assign>
<msg timestamp="20210409 19:21:54.112" level="INFO" html="yes">Getting file '&lt;a href="file:///Users/panuwitsupageeratirod/ondemand/Automation_Ondemand2.0/CPFresh mart/TMS-Trip-Task-Todo/TC_004_lat_long.json"&gt;/Users/panuwitsupageeratirod/ondemand/Automation_Ondemand2.0/CPFresh mart/TMS-Trip-Task-Todo/TC_004_lat_long.json&lt;/a&gt;'.</msg>
<msg timestamp="20210409 19:21:54.113" level="INFO">${json_string} = {
    "lat": 13.6851301,
    "lng": 100.6088319
}</msg>
<status status="PASS" starttime="20210409 19:21:54.112" endtime="20210409 19:21:54.113"></status>
</kw>
<kw name="Put Request" library="RequestsLibrary">
<doc>Send a PUT request on the session object found using the
given `alias`</doc>
<arguments>
<arg>session</arg>
<arg>/v1/mobile/todos/${TodoID[0]}</arg>
<arg>data=${json_string}</arg>
<arg>headers=${headers}</arg>
</arguments>
<assign>
<var>${resp}</var>
</assign>
<msg timestamp="20210409 19:21:54.114" level="INFO">PUT Request using : uri=/v1/mobile/todos/5fbc966f17d83800117a857c, params=None, files=None, allow_redirects=True, timeout=None
headers={'User-Agent': 'python-requests/2.22.0', 'Accept-Encoding': 'gzip, deflate', 'Accept': '*/*', 'Connection': 'keep-alive', 'Authorization': 'Bearer eyJhbGciOiJIUzI1NiIsInR5cCI6IkpXVCJ9.eyJ1c2VybmFtZSI6IlRFU1RfMDAwMTkiLCJlbWFpbCI6IiIsInBob25lIjoiNjY4OTAwMDAwMTkiLCJpYXQiOjE2MTc5NzA5MTMsImV4cCI6MTYxODU3NTcxMywiaXNzIjoicWVSUkxaa3ptIn0.LT4Nvy2D1HoGNa8D8Jy3qsfZsjr5J3fY71gYhXbefZ8', 'Content-Type': 'application/json', 'project-id': '5ec78aecf3a41244b9031586', 'company-id': '5ea93cda890a1f52c86637e3'} 
data={
    "lat": 13.6851301,
    "lng": 100.6088319
} 
json=None</msg>
<msg timestamp="20210409 19:21:55.366" level="INFO">/Users/panuwitsupageeratirod/.virtualenvs/automate/lib/python3.7/site-packages/urllib3/connectionpool.py:851: InsecureRequestWarning: Unverified HTTPS request is being made. Adding certificate verification is strongly advised. See: https://urllib3.readthedocs.io/en/latest/advanced-usage.html#ssl-warnings
  InsecureRequestWarning)</msg>
<msg timestamp="20210409 19:21:55.366" level="INFO">${resp} = &lt;Response [200]&gt;</msg>
<status status="PASS" starttime="20210409 19:21:54.113" endtime="20210409 19:21:55.366"></status>
</kw>
<kw name="Set Variable" library="BuiltIn">
<doc>Returns the given values which can then be assigned to a variables.</doc>
<arguments>
<arg>${resp.status_code}</arg>
</arguments>
<assign>
<var>${http_status_res_code}</var>
</assign>
<msg timestamp="20210409 19:21:55.367" level="INFO">${http_status_res_code} = 200</msg>
<status status="PASS" starttime="20210409 19:21:55.367" endtime="20210409 19:21:55.367"></status>
</kw>
<kw name="Log" library="BuiltIn">
<doc>Logs the given message with the given level.</doc>
<arguments>
<arg>${resp.json()}</arg>
</arguments>
<msg timestamp="20210409 19:21:55.368" level="INFO">{'status': 'OK', 'statusCode': 200, 'data': {'requestOptionsPayload': {'data': {'fromPath': [], 'toPath': []}, 'baseURL': None}, 'metadata': {'orderId': '81567690-2d6b-11eb-8ccb-596112957a2f-1', 'transactionId': '81567690-2d6b-11eb-8ccb-596112957a2f_ebecc670_manual_assign_courier', 'taskId': 'ODMTA842020112427', 'todoTypeCode': 'ACCEPT_TRIP', 'taskTypeCode': 'ACCEPT_TRIP'}, 'note': '', 'description': {'th': '', 'en': ''}, 'title': {'th': 'รับงานนี้', 'en': 'Start Task'}, 'action': 'CLICK', 'status': 'DONE', 'parcels': [], 'isRequired': True, 'todosRequired': [], 'isStart': True, 'isLast': False, 'isArrived': False, 'isAccept': False, 'isHidden': True, 'isButton': True, 'isUser': False, 'isNotification': False, 'isBroadcast': False, 'isWebView': False, 'isRequestOptions': False, 'isUpload': False, 'isTrackWorkflow': False, 'result': {'lat': 13.6851301, 'lng': 100.6088319, 'date': '2021-04-09T12:21:54.285Z', 'userId': '5f688acbe562ec00122a5bcd'}, 'value': None, 'deleted': False, '_id': '5fbc966f17d83800117a857c', 'tripRelate': [], 'uploadOptions': [], 'todoType': '5e5dd08e9fd417350992c6fd', 'sequenceSystem': 1, 'companyId': '5ea93cda890a1f52c86637e3', 'projectId': '5ec78aecf3a41244b9031586', 'referenceCompanyId': '5ea93cda890a1f52c86637e3', 'referenceProjectId': '5ec78aecf3a41244b9031586', 'createdAt': '2020-11-24T05:13:19.339Z', 'updatedAt': '2021-04-09T12:21:54.302Z', '__v': 0, 'taskId': '5fbc966f17d83800117a8588', 'message': 'คุณได้รับงานนี้แล้ว'}}</msg>
<status status="PASS" starttime="20210409 19:21:55.368" endtime="20210409 19:21:55.368"></status>
</kw>
<kw name="Validation Http status code success 200 OK" library="user_keywords">
<arguments>
<arg>${http_status_res_code}</arg>
</arguments>
<kw name="Should Be Equal As Strings" library="BuiltIn">
<doc>Fails if objects are unequal after converting them to strings.</doc>
<arguments>
<arg>${http_status_res_code}</arg>
<arg>200</arg>
</arguments>
<msg timestamp="20210409 19:21:55.370" level="INFO">Argument types are:
&lt;class 'int'&gt;
&lt;type 'unicode'&gt;</msg>
<status status="PASS" starttime="20210409 19:21:55.369" endtime="20210409 19:21:55.370"></status>
</kw>
<status status="PASS" starttime="20210409 19:21:55.369" endtime="20210409 19:21:55.370"></status>
</kw>
<kw name="Sleep" library="BuiltIn">
<doc>Pauses the test executed for the given time.</doc>
<arguments>
<arg>3s</arg>
</arguments>
<msg timestamp="20210409 19:21:58.371" level="INFO">Slept 3 seconds</msg>
<status status="PASS" starttime="20210409 19:21:55.370" endtime="20210409 19:21:58.371"></status>
</kw>
<status status="PASS" starttime="20210409 19:21:54.110" endtime="20210409 19:21:58.371" critical="yes"></status>
</test>
<test id="s1-t8" name="TC_006_GET TASK PICK UP">
<kw name="Create Session" library="RequestsLibrary">
<doc>Create Session: create a HTTP session to a server</doc>
<arguments>
<arg>session</arg>
<arg>http://app-4pl-tms-api.drivs.staging.tel.internal</arg>
</arguments>
<msg timestamp="20210409 19:21:58.374" level="INFO">Creating Session using : alias=session, url=http://app-4pl-tms-api.drivs.staging.tel.internal, headers={},                     cookies={}, auth=None, timeout=None, proxies=None, verify=False,                     debug=0 </msg>
<status status="PASS" starttime="20210409 19:21:58.374" endtime="20210409 19:21:58.375"></status>
</kw>
<kw name="Create Dictionary" library="BuiltIn">
<doc>Creates and returns a dictionary based on the given ``items``.</doc>
<arguments>
<arg>apiKey=${api-key}</arg>
<arg>Content-Type=${Content-Type}</arg>
<arg>x-consumer-username=CPF</arg>
</arguments>
<assign>
<var>${headers}</var>
</assign>
<msg timestamp="20210409 19:21:58.376" level="INFO">${headers} = {'apiKey': 'x210JD9W0BrlKmqDWgegELzRvPfIiVb5', 'Content-Type': 'application/json', 'x-consumer-username': 'CPF'}</msg>
<status status="PASS" starttime="20210409 19:21:58.375" endtime="20210409 19:21:58.376"></status>
</kw>
<kw name="Get Request" library="RequestsLibrary">
<doc>Send a GET request on the session object found using the
given `alias`</doc>
<arguments>
<arg>session</arg>
<arg>/v1/tasks/${TaskID[1]}</arg>
</arguments>
<assign>
<var>${resp}</var>
</assign>
<msg timestamp="20210409 19:21:58.377" level="INFO">GET Request using : uri=/v1/tasks/5fbc966f17d83800117a8589, params=None, allow_redirects=True, timeout=None
headers={'User-Agent': 'python-requests/2.22.0', 'Accept-Encoding': 'gzip, deflate', 'Accept': '*/*', 'Connection': 'keep-alive'} 
data=None 
json=None</msg>
<msg timestamp="20210409 19:21:58.457" level="INFO">${resp} = &lt;Response [200]&gt;</msg>
<status status="PASS" starttime="20210409 19:21:58.376" endtime="20210409 19:21:58.457"></status>
</kw>
<kw name="Set Variable" library="BuiltIn">
<doc>Returns the given values which can then be assigned to a variables.</doc>
<arguments>
<arg>${resp.status_code}</arg>
</arguments>
<assign>
<var>${http_status_res_code}</var>
</assign>
<msg timestamp="20210409 19:21:58.458" level="INFO">${http_status_res_code} = 200</msg>
<status status="PASS" starttime="20210409 19:21:58.458" endtime="20210409 19:21:58.458"></status>
</kw>
<kw name="Log" library="BuiltIn">
<doc>Logs the given message with the given level.</doc>
<arguments>
<arg>${resp.json()}</arg>
</arguments>
<msg timestamp="20210409 19:21:58.459" level="INFO">{'status': 'OK', 'statusCode': 200, 'data': {'tripId': '5fbc967017d83800117a858b', 'sequenceSystem': 2, 'sequenceManual': 0, 'todos': ['5fbc966f17d83800117a857d', '5fbc966f17d83800117a857e', '5fbc966f17d83800117a857f', '5fbc966f17d83800117a8580', '5fbc966f17d83800117a8581'], 'parcels': [], 'staffs': ['5f688acb4e5fb5001c1e854b'], 'passengers': [], 'rejectRequest': [], 'status': 'PENDING', 'detailStatus': None, 'windowTime': ['2020-10-22T04:27:00.000Z', None], 'requireSkills': [], 'tracking': [], 'note': '', 'adminNote': '', 'geographyId': '5fbb7c246bbc6600111e83c3', 'referenceGeographyId': None, 'workflowInstanceId': None, 'workflowTaskId': None, 'workflowType': None, 'priority': 0, 'appointmentNo': None, 'standardTimeLength': None, 'isRequired': True, 'deleted': False, '_id': '5fbc966f17d83800117a8589', 'orderId': '81567690-2d6b-11eb-8ccb-596112957a2f-1', 'information': {'name': 'MAKRO - อินทามระ 41', 'phone': '083-9889780', 'parcels': [{'productId': '1.00000000', 'sku': '000000000023025642', 'name': 'เนื้อหนูหมัก 2 กิโล', 'weight': 100, 'price': 69, 'dimension': {'width': 10, 'height': 10, 'length': 5}}, {'productId': '1.00000000', 'sku': '000000000023025642', 'name': 'ไก่หมัก 2 กิโล', 'weight': 100, 'price': 69, 'dimension': {'width': 10, 'height': 10, 'length': 5}}], 'note': 'ทดสอบระบบ TOPTEST', 'vehicle': {'type': 'Motorcycle', 'amount': 1}}, 'projectId': '5ec78aecf3a41244b9031586', 'companyId': '5ea93cda890a1f52c86637e3', 'deliveryStatus': 'PICK_UP', 'referenceCompanyId': '5ea93cda890a1f52c86637e3', 'referenceProjectId': '5ec78aecf3a41244b9031586', 'taskId': 'ODMTA942020112427', 'taskTypeId': '5f8d56932d69e1900d0c1827', 'track': [], 'remarks': [], 'createdAt': '2020-11-24T05:13:19.456Z', 'updatedAt': '2021-04-09T12:21:55.436Z', '__v': 0}}</msg>
<status status="PASS" starttime="20210409 19:21:58.458" endtime="20210409 19:21:58.459"></status>
</kw>
<kw name="Validation Http status code success 200 OK" library="user_keywords">
<arguments>
<arg>${http_status_res_code}</arg>
</arguments>
<kw name="Should Be Equal As Strings" library="BuiltIn">
<doc>Fails if objects are unequal after converting them to strings.</doc>
<arguments>
<arg>${http_status_res_code}</arg>
<arg>200</arg>
</arguments>
<msg timestamp="20210409 19:21:58.460" level="INFO">Argument types are:
&lt;class 'int'&gt;
&lt;type 'unicode'&gt;</msg>
<status status="PASS" starttime="20210409 19:21:58.460" endtime="20210409 19:21:58.460"></status>
</kw>
<status status="PASS" starttime="20210409 19:21:58.459" endtime="20210409 19:21:58.460"></status>
</kw>
<kw name="Get From Dictionary" library="Collections">
<doc>Returns a value from the given ``dictionary`` based on the given ``key``.</doc>
<arguments>
<arg>${resp.json()["data"]}</arg>
<arg>todos</arg>
</arguments>
<assign>
<var>${TodoID_PICKUP}</var>
</assign>
<msg timestamp="20210409 19:21:58.461" level="INFO">${TodoID_PICKUP} = ['5fbc966f17d83800117a857d', '5fbc966f17d83800117a857e', '5fbc966f17d83800117a857f', '5fbc966f17d83800117a8580', '5fbc966f17d83800117a8581']</msg>
<status status="PASS" starttime="20210409 19:21:58.461" endtime="20210409 19:21:58.462"></status>
</kw>
<kw name="Set Global Variable" library="BuiltIn">
<doc>Makes a variable available globally in all tests and suites.</doc>
<arguments>
<arg>${TodoID_PICKUP[0]}</arg>
</arguments>
<msg timestamp="20210409 19:21:58.463" level="INFO">${TodoID_PICKUP[0]} = 5fbc966f17d83800117a857d</msg>
<status status="PASS" starttime="20210409 19:21:58.462" endtime="20210409 19:21:58.463"></status>
</kw>
<kw name="Set Global Variable" library="BuiltIn">
<doc>Makes a variable available globally in all tests and suites.</doc>
<arguments>
<arg>${TodoID_PICKUP[1]}</arg>
</arguments>
<msg timestamp="20210409 19:21:58.465" level="INFO">${TodoID_PICKUP[1]} = 5fbc966f17d83800117a857e</msg>
<status status="PASS" starttime="20210409 19:21:58.464" endtime="20210409 19:21:58.465"></status>
</kw>
<kw name="Set Global Variable" library="BuiltIn">
<doc>Makes a variable available globally in all tests and suites.</doc>
<arguments>
<arg>${TodoID_PICKUP[2]}</arg>
</arguments>
<msg timestamp="20210409 19:21:58.467" level="INFO">${TodoID_PICKUP[2]} = 5fbc966f17d83800117a857f</msg>
<status status="PASS" starttime="20210409 19:21:58.465" endtime="20210409 19:21:58.468"></status>
</kw>
<kw name="Set Global Variable" library="BuiltIn">
<doc>Makes a variable available globally in all tests and suites.</doc>
<arguments>
<arg>${TodoID_PICKUP[3]}</arg>
</arguments>
<msg timestamp="20210409 19:21:58.470" level="INFO">${TodoID_PICKUP[3]} = 5fbc966f17d83800117a8580</msg>
<status status="PASS" starttime="20210409 19:21:58.469" endtime="20210409 19:21:58.470"></status>
</kw>
<kw name="Set Global Variable" library="BuiltIn">
<doc>Makes a variable available globally in all tests and suites.</doc>
<arguments>
<arg>${TodoID_PICKUP[4]}</arg>
</arguments>
<msg timestamp="20210409 19:21:58.470" level="INFO">${TodoID_PICKUP[4]} = 5fbc966f17d83800117a8581</msg>
<status status="PASS" starttime="20210409 19:21:58.470" endtime="20210409 19:21:58.470"></status>
</kw>
<status status="PASS" starttime="20210409 19:21:58.373" endtime="20210409 19:21:58.471" critical="yes"></status>
</test>
<test id="s1-t9" name="TC_007_PUT START TASK PICKUP">
<kw name="Create Session" library="RequestsLibrary">
<doc>Create Session: create a HTTP session to a server</doc>
<arguments>
<arg>session</arg>
<arg>https://api.staging.true-e-logistics.com</arg>
</arguments>
<msg timestamp="20210409 19:21:58.473" level="INFO">Creating Session using : alias=session, url=https://api.staging.true-e-logistics.com, headers={},                     cookies={}, auth=None, timeout=None, proxies=None, verify=False,                     debug=0 </msg>
<status status="PASS" starttime="20210409 19:21:58.472" endtime="20210409 19:21:58.474"></status>
</kw>
<kw name="Create Dictionary" library="BuiltIn">
<doc>Creates and returns a dictionary based on the given ``items``.</doc>
<arguments>
<arg>Authorization=${Token}</arg>
<arg>Content-Type=${Content-Type}</arg>
<arg>project-id=5ec78aecf3a41244b9031586</arg>
<arg>company-id=5ea93cda890a1f52c86637e3</arg>
</arguments>
<assign>
<var>${headers}</var>
</assign>
<msg timestamp="20210409 19:21:58.475" level="INFO">${headers} = {'Authorization': 'Bearer eyJhbGciOiJIUzI1NiIsInR5cCI6IkpXVCJ9.eyJ1c2VybmFtZSI6IlRFU1RfMDAwMTkiLCJlbWFpbCI6IiIsInBob25lIjoiNjY4OTAwMDAwMTkiLCJpYXQiOjE2MTc5NzA5MTMsImV4cCI6MTYxODU3NTcxMywiaXNzIjoicWVSU...</msg>
<status status="PASS" starttime="20210409 19:21:58.474" endtime="20210409 19:21:58.475"></status>
</kw>
<kw name="Get File" library="OperatingSystem">
<doc>Returns the contents of a specified file.</doc>
<arguments>
<arg>TC_004_lat_long.json</arg>
</arguments>
<assign>
<var>${json_string}</var>
</assign>
<msg timestamp="20210409 19:21:58.478" level="INFO" html="yes">Getting file '&lt;a href="file:///Users/panuwitsupageeratirod/ondemand/Automation_Ondemand2.0/CPFresh mart/TMS-Trip-Task-Todo/TC_004_lat_long.json"&gt;/Users/panuwitsupageeratirod/ondemand/Automation_Ondemand2.0/CPFresh mart/TMS-Trip-Task-Todo/TC_004_lat_long.json&lt;/a&gt;'.</msg>
<msg timestamp="20210409 19:21:58.479" level="INFO">${json_string} = {
    "lat": 13.6851301,
    "lng": 100.6088319
}</msg>
<status status="PASS" starttime="20210409 19:21:58.477" endtime="20210409 19:21:58.479"></status>
</kw>
<kw name="Put Request" library="RequestsLibrary">
<doc>Send a PUT request on the session object found using the
given `alias`</doc>
<arguments>
<arg>session</arg>
<arg>/v1/mobile/todos/${TodoID_PICKUP[0]}</arg>
<arg>data=${json_string}</arg>
<arg>headers=${headers}</arg>
</arguments>
<assign>
<var>${resp}</var>
</assign>
<msg timestamp="20210409 19:21:58.481" level="INFO">PUT Request using : uri=/v1/mobile/todos/5fbc966f17d83800117a857d, params=None, files=None, allow_redirects=True, timeout=None
headers={'User-Agent': 'python-requests/2.22.0', 'Accept-Encoding': 'gzip, deflate', 'Accept': '*/*', 'Connection': 'keep-alive', 'Authorization': 'Bearer eyJhbGciOiJIUzI1NiIsInR5cCI6IkpXVCJ9.eyJ1c2VybmFtZSI6IlRFU1RfMDAwMTkiLCJlbWFpbCI6IiIsInBob25lIjoiNjY4OTAwMDAwMTkiLCJpYXQiOjE2MTc5NzA5MTMsImV4cCI6MTYxODU3NTcxMywiaXNzIjoicWVSUkxaa3ptIn0.LT4Nvy2D1HoGNa8D8Jy3qsfZsjr5J3fY71gYhXbefZ8', 'Content-Type': 'application/json', 'project-id': '5ec78aecf3a41244b9031586', 'company-id': '5ea93cda890a1f52c86637e3'} 
data={
    "lat": 13.6851301,
    "lng": 100.6088319
} 
json=None</msg>
<msg timestamp="20210409 19:21:58.713" level="INFO">/Users/panuwitsupageeratirod/.virtualenvs/automate/lib/python3.7/site-packages/urllib3/connectionpool.py:851: InsecureRequestWarning: Unverified HTTPS request is being made. Adding certificate verification is strongly advised. See: https://urllib3.readthedocs.io/en/latest/advanced-usage.html#ssl-warnings
  InsecureRequestWarning)</msg>
<msg timestamp="20210409 19:21:58.714" level="INFO">${resp} = &lt;Response [200]&gt;</msg>
<status status="PASS" starttime="20210409 19:21:58.479" endtime="20210409 19:21:58.714"></status>
</kw>
<kw name="Set Variable" library="BuiltIn">
<doc>Returns the given values which can then be assigned to a variables.</doc>
<arguments>
<arg>${resp.status_code}</arg>
</arguments>
<assign>
<var>${http_status_res_code}</var>
</assign>
<msg timestamp="20210409 19:21:58.716" level="INFO">${http_status_res_code} = 200</msg>
<status status="PASS" starttime="20210409 19:21:58.715" endtime="20210409 19:21:58.716"></status>
</kw>
<kw name="Log" library="BuiltIn">
<doc>Logs the given message with the given level.</doc>
<arguments>
<arg>${resp.json()}</arg>
</arguments>
<msg timestamp="20210409 19:21:58.717" level="INFO">{'status': 'OK', 'statusCode': 200, 'data': {'requestOptionsPayload': {'data': {'fromPath': [], 'toPath': []}, 'baseURL': None}, 'metadata': {'orderId': '81567690-2d6b-11eb-8ccb-596112957a2f-1', 'transactionId': '81567690-2d6b-11eb-8ccb-596112957a2f_ebecc670_manual_assign_courier', 'taskId': 'ODMTA942020112427', 'todoTypeCode': 'SET_OFF', 'taskTypeCode': 'ONDEMAND_PICKUP'}, 'note': 'Driver Start Task Pickup', 'description': {'th': '', 'en': ''}, 'title': {'th': 'เริ่มเดินทางไปรับของ', 'en': 'Start Task'}, 'action': 'CLICK', 'status': 'DONE', 'parcels': [], 'isRequired': True, 'todosRequired': ['5e5dd08e9fd417350992c6fd'], 'isStart': True, 'isLast': False, 'isArrived': False, 'isAccept': False, 'isHidden': True, 'isButton': True, 'isUser': False, 'isNotification': False, 'isBroadcast': False, 'isWebView': False, 'isRequestOptions': False, 'isUpload': False, 'isTrackWorkflow': False, 'result': {'lat': 13.6851301, 'lng': 100.6088319, 'date': '2021-04-09T12:21:58.663Z', 'userId': '5f688acbe562ec00122a5bcd'}, 'value': None, 'deleted': False, '_id': '5fbc966f17d83800117a857d', 'tripRelate': [], 'uploadOptions': [], 'todoType': '5e5dd0cf9fd417350992ca37', 'sequenceSystem': 1, 'companyId': '5ea93cda890a1f52c86637e3', 'projectId': '5ec78aecf3a41244b9031586', 'referenceCompanyId': '5ea93cda890a1f52c86637e3', 'referenceProjectId': '5ec78aecf3a41244b9031586', 'createdAt': '2020-11-24T05:13:19.356Z', 'updatedAt': '2021-04-09T12:21:58.674Z', '__v': 0, 'taskId': '5fbc966f17d83800117a8589', 'message': 'อัปเดทข้อมูลสำเร็จแล้ว'}}</msg>
<status status="PASS" starttime="20210409 19:21:58.716" endtime="20210409 19:21:58.717"></status>
</kw>
<kw name="Validation Http status code success 200 OK" library="user_keywords">
<arguments>
<arg>${http_status_res_code}</arg>
</arguments>
<kw name="Should Be Equal As Strings" library="BuiltIn">
<doc>Fails if objects are unequal after converting them to strings.</doc>
<arguments>
<arg>${http_status_res_code}</arg>
<arg>200</arg>
</arguments>
<msg timestamp="20210409 19:21:58.718" level="INFO">Argument types are:
&lt;class 'int'&gt;
&lt;type 'unicode'&gt;</msg>
<status status="PASS" starttime="20210409 19:21:58.718" endtime="20210409 19:21:58.718"></status>
</kw>
<status status="PASS" starttime="20210409 19:21:58.717" endtime="20210409 19:21:58.719"></status>
</kw>
<kw name="Sleep" library="BuiltIn">
<doc>Pauses the test executed for the given time.</doc>
<arguments>
<arg>3s</arg>
</arguments>
<msg timestamp="20210409 19:22:01.720" level="INFO">Slept 3 seconds</msg>
<status status="PASS" starttime="20210409 19:21:58.719" endtime="20210409 19:22:01.721"></status>
</kw>
<status status="PASS" starttime="20210409 19:21:58.471" endtime="20210409 19:22:01.721" critical="yes"></status>
</test>
<test id="s1-t10" name="TC_008_PUT CHECK IN PICKUP">
<kw name="Create Session" library="RequestsLibrary">
<doc>Create Session: create a HTTP session to a server</doc>
<arguments>
<arg>session</arg>
<arg>https://api.staging.true-e-logistics.com</arg>
</arguments>
<msg timestamp="20210409 19:22:01.723" level="INFO">Creating Session using : alias=session, url=https://api.staging.true-e-logistics.com, headers={},                     cookies={}, auth=None, timeout=None, proxies=None, verify=False,                     debug=0 </msg>
<status status="PASS" starttime="20210409 19:22:01.723" endtime="20210409 19:22:01.724"></status>
</kw>
<kw name="Create Dictionary" library="BuiltIn">
<doc>Creates and returns a dictionary based on the given ``items``.</doc>
<arguments>
<arg>Authorization=${Token}</arg>
<arg>Content-Type=${Content-Type}</arg>
<arg>project-id=5ec78aecf3a41244b9031586</arg>
<arg>company-id=5ea93cda890a1f52c86637e3</arg>
</arguments>
<assign>
<var>${headers}</var>
</assign>
<msg timestamp="20210409 19:22:01.725" level="INFO">${headers} = {'Authorization': 'Bearer eyJhbGciOiJIUzI1NiIsInR5cCI6IkpXVCJ9.eyJ1c2VybmFtZSI6IlRFU1RfMDAwMTkiLCJlbWFpbCI6IiIsInBob25lIjoiNjY4OTAwMDAwMTkiLCJpYXQiOjE2MTc5NzA5MTMsImV4cCI6MTYxODU3NTcxMywiaXNzIjoicWVSU...</msg>
<status status="PASS" starttime="20210409 19:22:01.724" endtime="20210409 19:22:01.725"></status>
</kw>
<kw name="Get File" library="OperatingSystem">
<doc>Returns the contents of a specified file.</doc>
<arguments>
<arg>TC_004_lat_long.json</arg>
</arguments>
<assign>
<var>${json_string}</var>
</assign>
<msg timestamp="20210409 19:22:01.726" level="INFO" html="yes">Getting file '&lt;a href="file:///Users/panuwitsupageeratirod/ondemand/Automation_Ondemand2.0/CPFresh mart/TMS-Trip-Task-Todo/TC_004_lat_long.json"&gt;/Users/panuwitsupageeratirod/ondemand/Automation_Ondemand2.0/CPFresh mart/TMS-Trip-Task-Todo/TC_004_lat_long.json&lt;/a&gt;'.</msg>
<msg timestamp="20210409 19:22:01.726" level="INFO">${json_string} = {
    "lat": 13.6851301,
    "lng": 100.6088319
}</msg>
<status status="PASS" starttime="20210409 19:22:01.726" endtime="20210409 19:22:01.727"></status>
</kw>
<kw name="Put Request" library="RequestsLibrary">
<doc>Send a PUT request on the session object found using the
given `alias`</doc>
<arguments>
<arg>session</arg>
<arg>/v1/mobile/todos/${TodoID_PICKUP[1]}</arg>
<arg>data=${json_string}</arg>
<arg>headers=${headers}</arg>
</arguments>
<assign>
<var>${resp}</var>
</assign>
<msg timestamp="20210409 19:22:01.727" level="INFO">PUT Request using : uri=/v1/mobile/todos/5fbc966f17d83800117a857e, params=None, files=None, allow_redirects=True, timeout=None
headers={'User-Agent': 'python-requests/2.22.0', 'Accept-Encoding': 'gzip, deflate', 'Accept': '*/*', 'Connection': 'keep-alive', 'Authorization': 'Bearer eyJhbGciOiJIUzI1NiIsInR5cCI6IkpXVCJ9.eyJ1c2VybmFtZSI6IlRFU1RfMDAwMTkiLCJlbWFpbCI6IiIsInBob25lIjoiNjY4OTAwMDAwMTkiLCJpYXQiOjE2MTc5NzA5MTMsImV4cCI6MTYxODU3NTcxMywiaXNzIjoicWVSUkxaa3ptIn0.LT4Nvy2D1HoGNa8D8Jy3qsfZsjr5J3fY71gYhXbefZ8', 'Content-Type': 'application/json', 'project-id': '5ec78aecf3a41244b9031586', 'company-id': '5ea93cda890a1f52c86637e3'} 
data={
    "lat": 13.6851301,
    "lng": 100.6088319
} 
json=None</msg>
<msg timestamp="20210409 19:22:01.933" level="INFO">/Users/panuwitsupageeratirod/.virtualenvs/automate/lib/python3.7/site-packages/urllib3/connectionpool.py:851: InsecureRequestWarning: Unverified HTTPS request is being made. Adding certificate verification is strongly advised. See: https://urllib3.readthedocs.io/en/latest/advanced-usage.html#ssl-warnings
  InsecureRequestWarning)</msg>
<msg timestamp="20210409 19:22:01.933" level="INFO">${resp} = &lt;Response [200]&gt;</msg>
<status status="PASS" starttime="20210409 19:22:01.727" endtime="20210409 19:22:01.933"></status>
</kw>
<kw name="Set Variable" library="BuiltIn">
<doc>Returns the given values which can then be assigned to a variables.</doc>
<arguments>
<arg>${resp.status_code}</arg>
</arguments>
<assign>
<var>${http_status_res_code}</var>
</assign>
<msg timestamp="20210409 19:22:01.933" level="INFO">${http_status_res_code} = 200</msg>
<status status="PASS" starttime="20210409 19:22:01.933" endtime="20210409 19:22:01.934"></status>
</kw>
<kw name="Log" library="BuiltIn">
<doc>Logs the given message with the given level.</doc>
<arguments>
<arg>${resp.json()}</arg>
</arguments>
<msg timestamp="20210409 19:22:01.934" level="INFO">{'status': 'OK', 'statusCode': 200, 'data': {'requestOptionsPayload': {'data': {'fromPath': [], 'toPath': []}, 'baseURL': None}, 'metadata': {'orderId': '81567690-2d6b-11eb-8ccb-596112957a2f-1', 'transactionId': '81567690-2d6b-11eb-8ccb-596112957a2f_ebecc670_manual_assign_courier', 'taskId': 'ODMTA942020112427', 'todoTypeCode': 'CHECK_IN', 'taskTypeCode': 'ONDEMAND_PICKUP'}, 'note': 'Driver Check In Pickup', 'description': {'th': '', 'en': ''}, 'title': {'th': 'ถึงจุดรับของแล้ว', 'en': 'CHECK IN'}, 'action': 'CLICK', 'status': 'DONE', 'parcels': [], 'isRequired': True, 'todosRequired': ['5e5dd0cf9fd417350992ca37'], 'isStart': True, 'isLast': False, 'isArrived': False, 'isAccept': False, 'isHidden': True, 'isButton': True, 'isUser': False, 'isNotification': False, 'isBroadcast': False, 'isWebView': False, 'isRequestOptions': False, 'isUpload': False, 'isTrackWorkflow': False, 'result': {'lat': 13.6851301, 'lng': 100.6088319, 'date': '2021-04-09T12:22:01.888Z', 'userId': '5f688acbe562ec00122a5bcd'}, 'value': {'radius': 100000}, 'deleted': False, '_id': '5fbc966f17d83800117a857e', 'tripRelate': [], 'uploadOptions': [], 'todoType': '5e5dd1199fd417350992ce45', 'sequenceSystem': 2, 'companyId': '5ea93cda890a1f52c86637e3', 'projectId': '5ec78aecf3a41244b9031586', 'referenceCompanyId': '5ea93cda890a1f52c86637e3', 'referenceProjectId': '5ec78aecf3a41244b9031586', 'createdAt': '2020-11-24T05:13:19.356Z', 'updatedAt': '2021-04-09T12:22:01.898Z', '__v': 0, 'taskId': '5fbc966f17d83800117a8589', 'message': 'อัปเดทข้อมูลสำเร็จแล้ว'}}</msg>
<status status="PASS" starttime="20210409 19:22:01.934" endtime="20210409 19:22:01.934"></status>
</kw>
<kw name="Validation Http status code success 200 OK" library="user_keywords">
<arguments>
<arg>${http_status_res_code}</arg>
</arguments>
<kw name="Should Be Equal As Strings" library="BuiltIn">
<doc>Fails if objects are unequal after converting them to strings.</doc>
<arguments>
<arg>${http_status_res_code}</arg>
<arg>200</arg>
</arguments>
<msg timestamp="20210409 19:22:01.935" level="INFO">Argument types are:
&lt;class 'int'&gt;
&lt;type 'unicode'&gt;</msg>
<status status="PASS" starttime="20210409 19:22:01.935" endtime="20210409 19:22:01.936"></status>
</kw>
<status status="PASS" starttime="20210409 19:22:01.935" endtime="20210409 19:22:01.936"></status>
</kw>
<kw name="Sleep" library="BuiltIn">
<doc>Pauses the test executed for the given time.</doc>
<arguments>
<arg>3s</arg>
</arguments>
<msg timestamp="20210409 19:22:04.936" level="INFO">Slept 3 seconds</msg>
<status status="PASS" starttime="20210409 19:22:01.936" endtime="20210409 19:22:04.937"></status>
</kw>
<status status="PASS" starttime="20210409 19:22:01.722" endtime="20210409 19:22:04.937" critical="yes"></status>
</test>
<test id="s1-t11" name="TC_009_PUT Take a photo (pick up)">
<kw name="Create Session" library="RequestsLibrary">
<doc>Create Session: create a HTTP session to a server</doc>
<arguments>
<arg>session</arg>
<arg>https://api.staging.true-e-logistics.com</arg>
</arguments>
<msg timestamp="20210409 19:22:04.939" level="INFO">Creating Session using : alias=session, url=https://api.staging.true-e-logistics.com, headers={},                     cookies={}, auth=None, timeout=None, proxies=None, verify=False,                     debug=0 </msg>
<status status="PASS" starttime="20210409 19:22:04.939" endtime="20210409 19:22:04.941"></status>
</kw>
<kw name="Create Dictionary" library="BuiltIn">
<doc>Creates and returns a dictionary based on the given ``items``.</doc>
<arguments>
<arg>Authorization=${Token}</arg>
<arg>Content-Type=${Content-Type}</arg>
<arg>project-id=5ec78aecf3a41244b9031586</arg>
<arg>company-id=5ea93cda890a1f52c86637e3</arg>
</arguments>
<assign>
<var>${headers}</var>
</assign>
<msg timestamp="20210409 19:22:04.942" level="INFO">${headers} = {'Authorization': 'Bearer eyJhbGciOiJIUzI1NiIsInR5cCI6IkpXVCJ9.eyJ1c2VybmFtZSI6IlRFU1RfMDAwMTkiLCJlbWFpbCI6IiIsInBob25lIjoiNjY4OTAwMDAwMTkiLCJpYXQiOjE2MTc5NzA5MTMsImV4cCI6MTYxODU3NTcxMywiaXNzIjoicWVSU...</msg>
<status status="PASS" starttime="20210409 19:22:04.941" endtime="20210409 19:22:04.942"></status>
</kw>
<kw name="Get File" library="OperatingSystem">
<doc>Returns the contents of a specified file.</doc>
<arguments>
<arg>TC_009_Take_Photo.json</arg>
</arguments>
<assign>
<var>${json_string}</var>
</assign>
<msg timestamp="20210409 19:22:04.942" level="INFO" html="yes">Getting file '&lt;a href="file:///Users/panuwitsupageeratirod/ondemand/Automation_Ondemand2.0/CPFresh mart/TMS-Trip-Task-Todo/TC_009_Take_Photo.json"&gt;/Users/panuwitsupageeratirod/ondemand/Automation_Ondemand2.0/CPFresh mart/TMS-Trip-Task-Todo/TC_009_Take_Photo.json&lt;/a&gt;'.</msg>
<msg timestamp="20210409 19:22:04.943" level="INFO">${json_string} = {
    "lat": 13.6851301,
    "lng": 100.6088319,
    "images": ["/DEV_TEST/FjeBVvIe3.jpg"]
}</msg>
<status status="PASS" starttime="20210409 19:22:04.942" endtime="20210409 19:22:04.943"></status>
</kw>
<kw name="Put Request" library="RequestsLibrary">
<doc>Send a PUT request on the session object found using the
given `alias`</doc>
<arguments>
<arg>session</arg>
<arg>/v1/mobile/todos/${TodoID_PICKUP[2]}</arg>
<arg>data=${json_string}</arg>
<arg>headers=${headers}</arg>
</arguments>
<assign>
<var>${resp}</var>
</assign>
<msg timestamp="20210409 19:22:04.944" level="INFO">PUT Request using : uri=/v1/mobile/todos/5fbc966f17d83800117a857f, params=None, files=None, allow_redirects=True, timeout=None
headers={'User-Agent': 'python-requests/2.22.0', 'Accept-Encoding': 'gzip, deflate', 'Accept': '*/*', 'Connection': 'keep-alive', 'Authorization': 'Bearer eyJhbGciOiJIUzI1NiIsInR5cCI6IkpXVCJ9.eyJ1c2VybmFtZSI6IlRFU1RfMDAwMTkiLCJlbWFpbCI6IiIsInBob25lIjoiNjY4OTAwMDAwMTkiLCJpYXQiOjE2MTc5NzA5MTMsImV4cCI6MTYxODU3NTcxMywiaXNzIjoicWVSUkxaa3ptIn0.LT4Nvy2D1HoGNa8D8Jy3qsfZsjr5J3fY71gYhXbefZ8', 'Content-Type': 'application/json', 'project-id': '5ec78aecf3a41244b9031586', 'company-id': '5ea93cda890a1f52c86637e3'} 
data={
    "lat": 13.6851301,
    "lng": 100.6088319,
    "images": ["/DEV_TEST/FjeBVvIe3.jpg"]
} 
json=None</msg>
<msg timestamp="20210409 19:22:05.160" level="INFO">/Users/panuwitsupageeratirod/.virtualenvs/automate/lib/python3.7/site-packages/urllib3/connectionpool.py:851: InsecureRequestWarning: Unverified HTTPS request is being made. Adding certificate verification is strongly advised. See: https://urllib3.readthedocs.io/en/latest/advanced-usage.html#ssl-warnings
  InsecureRequestWarning)</msg>
<msg timestamp="20210409 19:22:05.160" level="INFO">${resp} = &lt;Response [200]&gt;</msg>
<status status="PASS" starttime="20210409 19:22:04.944" endtime="20210409 19:22:05.160"></status>
</kw>
<kw name="Set Variable" library="BuiltIn">
<doc>Returns the given values which can then be assigned to a variables.</doc>
<arguments>
<arg>${resp.status_code}</arg>
</arguments>
<assign>
<var>${http_status_res_code}</var>
</assign>
<msg timestamp="20210409 19:22:05.161" level="INFO">${http_status_res_code} = 200</msg>
<status status="PASS" starttime="20210409 19:22:05.161" endtime="20210409 19:22:05.161"></status>
</kw>
<kw name="Log" library="BuiltIn">
<doc>Logs the given message with the given level.</doc>
<arguments>
<arg>${resp.json()}</arg>
</arguments>
<msg timestamp="20210409 19:22:05.162" level="INFO">{'status': 'OK', 'statusCode': 200, 'data': {'requestOptionsPayload': {'data': {'fromPath': [], 'toPath': []}, 'baseURL': None}, 'metadata': {'orderId': '81567690-2d6b-11eb-8ccb-596112957a2f-1', 'transactionId': '81567690-2d6b-11eb-8ccb-596112957a2f_ebecc670_manual_assign_courier', 'taskId': 'ODMTA942020112427', 'todoTypeCode': 'TAKE_A_PHOTO', 'taskTypeCode': 'ONDEMAND_PICKUP'}, 'note': '', 'description': {'th': 'เพื่อยืนยันว่าคุณได้รับของครบถ้วน', 'en': ''}, 'title': {'th': 'ถ่ายรูปของที่เข้ารับ', 'en': 'Take a Photo*'}, 'action': 'CLICK', 'status': 'DONE', 'parcels': [], 'isRequired': True, 'todosRequired': ['5e5dd1199fd417350992ce45'], 'isStart': False, 'isLast': False, 'isArrived': False, 'isAccept': False, 'isHidden': False, 'isButton': False, 'isUser': False, 'isNotification': False, 'isBroadcast': False, 'isWebView': False, 'isRequestOptions': False, 'isUpload': False, 'isTrackWorkflow': False, 'result': {'date': '2021-04-09T12:22:05.113Z', 'lat': 13.6851301, 'lng': 100.6088319, 'userId': '5f688acbe562ec00122a5bcd', 'imgUrls': ['FjeBVvIe3.jpg']}, 'value': {'limit': 3}, 'deleted': False, '_id': '5fbc966f17d83800117a857f', 'tripRelate': [], 'uploadOptions': [], 'sequenceSystem': 3, 'todoType': '5e5dd1649fd417350992d240', 'companyId': '5ea93cda890a1f52c86637e3', 'projectId': '5ec78aecf3a41244b9031586', 'referenceCompanyId': '5ea93cda890a1f52c86637e3', 'referenceProjectId': '5ec78aecf3a41244b9031586', 'createdAt': '2020-11-24T05:13:19.356Z', 'updatedAt': '2021-04-09T12:22:05.126Z', '__v': 0, 'taskId': '5fbc966f17d83800117a8589', 'message': 'อัปเดทข้อมูลสำเร็จแล้ว'}}</msg>
<status status="PASS" starttime="20210409 19:22:05.161" endtime="20210409 19:22:05.162"></status>
</kw>
<kw name="Validation Http status code success 200 OK" library="user_keywords">
<arguments>
<arg>${http_status_res_code}</arg>
</arguments>
<kw name="Should Be Equal As Strings" library="BuiltIn">
<doc>Fails if objects are unequal after converting them to strings.</doc>
<arguments>
<arg>${http_status_res_code}</arg>
<arg>200</arg>
</arguments>
<msg timestamp="20210409 19:22:05.163" level="INFO">Argument types are:
&lt;class 'int'&gt;
&lt;type 'unicode'&gt;</msg>
<status status="PASS" starttime="20210409 19:22:05.163" endtime="20210409 19:22:05.163"></status>
</kw>
<status status="PASS" starttime="20210409 19:22:05.162" endtime="20210409 19:22:05.163"></status>
</kw>
<kw name="Sleep" library="BuiltIn">
<doc>Pauses the test executed for the given time.</doc>
<arguments>
<arg>3s</arg>
</arguments>
<msg timestamp="20210409 19:22:08.164" level="INFO">Slept 3 seconds</msg>
<status status="PASS" starttime="20210409 19:22:05.164" endtime="20210409 19:22:08.164"></status>
</kw>
<status status="PASS" starttime="20210409 19:22:04.938" endtime="20210409 19:22:08.165" critical="yes"></status>
</test>
<test id="s1-t12" name="TC_010_PUT POD (pick up)">
<kw name="Create Session" library="RequestsLibrary">
<doc>Create Session: create a HTTP session to a server</doc>
<arguments>
<arg>session</arg>
<arg>https://api.staging.true-e-logistics.com</arg>
</arguments>
<msg timestamp="20210409 19:22:08.168" level="INFO">Creating Session using : alias=session, url=https://api.staging.true-e-logistics.com, headers={},                     cookies={}, auth=None, timeout=None, proxies=None, verify=False,                     debug=0 </msg>
<status status="PASS" starttime="20210409 19:22:08.167" endtime="20210409 19:22:08.168"></status>
</kw>
<kw name="Create Dictionary" library="BuiltIn">
<doc>Creates and returns a dictionary based on the given ``items``.</doc>
<arguments>
<arg>Authorization=${Token}</arg>
<arg>Content-Type=${Content-Type}</arg>
<arg>project-id=5ec78aecf3a41244b9031586</arg>
<arg>company-id=5ea93cda890a1f52c86637e3</arg>
</arguments>
<assign>
<var>${headers}</var>
</assign>
<msg timestamp="20210409 19:22:08.170" level="INFO">${headers} = {'Authorization': 'Bearer eyJhbGciOiJIUzI1NiIsInR5cCI6IkpXVCJ9.eyJ1c2VybmFtZSI6IlRFU1RfMDAwMTkiLCJlbWFpbCI6IiIsInBob25lIjoiNjY4OTAwMDAwMTkiLCJpYXQiOjE2MTc5NzA5MTMsImV4cCI6MTYxODU3NTcxMywiaXNzIjoicWVSU...</msg>
<status status="PASS" starttime="20210409 19:22:08.169" endtime="20210409 19:22:08.170"></status>
</kw>
<kw name="Get File" library="OperatingSystem">
<doc>Returns the contents of a specified file.</doc>
<arguments>
<arg>TC_010_POD.json</arg>
</arguments>
<assign>
<var>${json_string}</var>
</assign>
<msg timestamp="20210409 19:22:08.170" level="INFO" html="yes">Getting file '&lt;a href="file:///Users/panuwitsupageeratirod/ondemand/Automation_Ondemand2.0/CPFresh mart/TMS-Trip-Task-Todo/TC_010_POD.json"&gt;/Users/panuwitsupageeratirod/ondemand/Automation_Ondemand2.0/CPFresh mart/TMS-Trip-Task-Todo/TC_010_POD.json&lt;/a&gt;'.</msg>
<msg timestamp="20210409 19:22:08.171" level="INFO">${json_string} = {   
    "images": ["/DEV_TEST/FjeBVvIe3.jpg"],
    "lat": 13.6851301,
    "lng": 100.6088319,
    "relationship" : "นิติ"
}</msg>
<status status="PASS" starttime="20210409 19:22:08.170" endtime="20210409 19:22:08.171"></status>
</kw>
<kw name="Put Request" library="RequestsLibrary">
<doc>Send a PUT request on the session object found using the
given `alias`</doc>
<arguments>
<arg>session</arg>
<arg>/v1/mobile/todos/${TodoID_PICKUP[3]}</arg>
<arg>data=${json_string}</arg>
<arg>headers=${headers}</arg>
</arguments>
<assign>
<var>${resp}</var>
</assign>
<msg timestamp="20210409 19:22:08.173" level="INFO">PUT Request using : uri=/v1/mobile/todos/5fbc966f17d83800117a8580, params=None, files=None, allow_redirects=True, timeout=None
headers={'User-Agent': 'python-requests/2.22.0', 'Accept-Encoding': 'gzip, deflate', 'Accept': '*/*', 'Connection': 'keep-alive', 'Authorization': 'Bearer eyJhbGciOiJIUzI1NiIsInR5cCI6IkpXVCJ9.eyJ1c2VybmFtZSI6IlRFU1RfMDAwMTkiLCJlbWFpbCI6IiIsInBob25lIjoiNjY4OTAwMDAwMTkiLCJpYXQiOjE2MTc5NzA5MTMsImV4cCI6MTYxODU3NTcxMywiaXNzIjoicWVSUkxaa3ptIn0.LT4Nvy2D1HoGNa8D8Jy3qsfZsjr5J3fY71gYhXbefZ8', 'Content-Type': 'application/json', 'project-id': '5ec78aecf3a41244b9031586', 'company-id': '5ea93cda890a1f52c86637e3'} 
data={   
    "images": ["/DEV_TEST/FjeBVvIe3.jpg"],
    "lat": 13.6851301,
    "lng": 100.6088319,
    "relationship" : "นิติ"
} 
json=None</msg>
<msg timestamp="20210409 19:22:08.385" level="INFO">/Users/panuwitsupageeratirod/.virtualenvs/automate/lib/python3.7/site-packages/urllib3/connectionpool.py:851: InsecureRequestWarning: Unverified HTTPS request is being made. Adding certificate verification is strongly advised. See: https://urllib3.readthedocs.io/en/latest/advanced-usage.html#ssl-warnings
  InsecureRequestWarning)</msg>
<msg timestamp="20210409 19:22:08.385" level="INFO">${resp} = &lt;Response [200]&gt;</msg>
<status status="PASS" starttime="20210409 19:22:08.172" endtime="20210409 19:22:08.385"></status>
</kw>
<kw name="Set Variable" library="BuiltIn">
<doc>Returns the given values which can then be assigned to a variables.</doc>
<arguments>
<arg>${resp.status_code}</arg>
</arguments>
<assign>
<var>${http_status_res_code}</var>
</assign>
<msg timestamp="20210409 19:22:08.386" level="INFO">${http_status_res_code} = 200</msg>
<status status="PASS" starttime="20210409 19:22:08.386" endtime="20210409 19:22:08.386"></status>
</kw>
<kw name="Log" library="BuiltIn">
<doc>Logs the given message with the given level.</doc>
<arguments>
<arg>${resp.json()}</arg>
</arguments>
[...]
given `alias`</doc>
<arguments>
<arg>session</arg>
<arg>/v1/mobile/todos/${TodoID_Delivery[3]}</arg>
<arg>data=${json_string}</arg>
<arg>headers=${headers}</arg>
</arguments>
<assign>
<var>${resp}</var>
</assign>
<msg timestamp="20210409 19:22:24.360" level="INFO">PUT Request using : uri=/v1/mobile/todos/5fbc966f17d83800117a8585, params=None, files=None, allow_redirects=True, timeout=None
headers={'User-Agent': 'python-requests/2.22.0', 'Accept-Encoding': 'gzip, deflate', 'Accept': '*/*', 'Connection': 'keep-alive', 'Authorization': 'Bearer eyJhbGciOiJIUzI1NiIsInR5cCI6IkpXVCJ9.eyJ1c2VybmFtZSI6IlRFU1RfMDAwMTkiLCJlbWFpbCI6IiIsInBob25lIjoiNjY4OTAwMDAwMTkiLCJpYXQiOjE2MTc5NzA5MTMsImV4cCI6MTYxODU3NTcxMywiaXNzIjoicWVSUkxaa3ptIn0.LT4Nvy2D1HoGNa8D8Jy3qsfZsjr5J3fY71gYhXbefZ8', 'Content-Type': 'application/json', 'project-id': '5ec78aecf3a41244b9031586', 'company-id': '5ea93cda890a1f52c86637e3'} 
data={
    "price": 700,
    "lat": 13.6851301,
    "lng": 100.6088319
} 
json=None</msg>
<msg timestamp="20210409 19:22:24.563" level="INFO">/Users/panuwitsupageeratirod/.virtualenvs/automate/lib/python3.7/site-packages/urllib3/connectionpool.py:851: InsecureRequestWarning: Unverified HTTPS request is being made. Adding certificate verification is strongly advised. See: https://urllib3.readthedocs.io/en/latest/advanced-usage.html#ssl-warnings
  InsecureRequestWarning)</msg>
<msg timestamp="20210409 19:22:24.563" level="INFO">${resp} = &lt;Response [200]&gt;</msg>
<status status="PASS" starttime="20210409 19:22:24.359" endtime="20210409 19:22:24.564"></status>
</kw>
<kw name="Set Variable" library="BuiltIn">
<doc>Returns the given values which can then be assigned to a variables.</doc>
<arguments>
<arg>${resp.status_code}</arg>
</arguments>
<assign>
<var>${http_status_res_code}</var>
</assign>
<msg timestamp="20210409 19:22:24.564" level="INFO">${http_status_res_code} = 200</msg>
<status status="PASS" starttime="20210409 19:22:24.564" endtime="20210409 19:22:24.564"></status>
</kw>
<kw name="Log" library="BuiltIn">
<doc>Logs the given message with the given level.</doc>
<arguments>
<arg>${resp.json()}</arg>
</arguments>
<msg timestamp="20210409 19:22:24.565" level="INFO">{'status': 'OK', 'statusCode': 200, 'data': {'requestOptionsPayload': {'data': {'fromPath': [], 'toPath': []}, 'baseURL': None}, 'metadata': {'orderId': '81567690-2d6b-11eb-8ccb-596112957a2f-1', 'transactionId': '81567690-2d6b-11eb-8ccb-596112957a2f_ebecc670_manual_assign_courier', 'taskId': 'ODMTA522020112427', 'todoTypeCode': 'COLLECT_CASH', 'taskTypeCode': 'ONDEMAND_DELIVERY_WITH_COD'}, 'note': '', 'description': {'th': 'เก็บเงิน {{value}} บาท', 'en': ''}, 'title': {'th': 'เก็บเงินจากผู้รับ', 'en': 'COD*'}, 'action': 'CLICK', 'status': 'DONE', 'parcels': [], 'isRequired': True, 'todosRequired': ['5e5dd1649fd417350992d240'], 'isStart': False, 'isLast': False, 'isArrived': False, 'isAccept': False, 'isHidden': False, 'isButton': False, 'isUser': False, 'isNotification': False, 'isBroadcast': False, 'isWebView': False, 'isRequestOptions': False, 'isUpload': False, 'isTrackWorkflow': False, 'result': {'projectId': '5ec78aecf3a41244b9031586', 'companyId': '5ea93cda890a1f52c86637e3', 'userId': '5f688acbe562ec00122a5bcd', 'price': 700, 'lat': 13.6851301, 'lng': 100.6088319, 'date': '2021-04-09T12:22:24.518Z'}, 'value': None, 'deleted': False, '_id': '5fbc966f17d83800117a8585', 'tripRelate': [], 'uploadOptions': [], 'todoType': '5e5dd2049fd417350992db5a', 'sequenceSystem': 4, 'companyId': '5ea93cda890a1f52c86637e3', 'projectId': '5ec78aecf3a41244b9031586', 'referenceCompanyId': '5ea93cda890a1f52c86637e3', 'referenceProjectId': '5ec78aecf3a41244b9031586', 'createdAt': '2020-11-24T05:13:19.391Z', 'updatedAt': '2021-04-09T12:22:24.528Z', '__v': 0, 'taskId': '5fbc966f17d83800117a858a', 'message': 'เก็บเงินแล้ว'}}</msg>
<status status="PASS" starttime="20210409 19:22:24.565" endtime="20210409 19:22:24.565"></status>
</kw>
<kw name="Validation Http status code success 200 OK" library="user_keywords">
<arguments>
<arg>${http_status_res_code}</arg>
</arguments>
<kw name="Should Be Equal As Strings" library="BuiltIn">
<doc>Fails if objects are unequal after converting them to strings.</doc>
<arguments>
<arg>${http_status_res_code}</arg>
<arg>200</arg>
</arguments>
<msg timestamp="20210409 19:22:24.566" level="INFO">Argument types are:
&lt;class 'int'&gt;
&lt;type 'unicode'&gt;</msg>
<status status="PASS" starttime="20210409 19:22:24.566" endtime="20210409 19:22:24.566"></status>
</kw>
<status status="PASS" starttime="20210409 19:22:24.566" endtime="20210409 19:22:24.567"></status>
</kw>
<kw name="Sleep" library="BuiltIn">
<doc>Pauses the test executed for the given time.</doc>
<arguments>
<arg>3s</arg>
</arguments>
<msg timestamp="20210409 19:22:27.567" level="INFO">Slept 3 seconds</msg>
<status status="PASS" starttime="20210409 19:22:24.567" endtime="20210409 19:22:27.567"></status>
</kw>
<status status="PASS" starttime="20210409 19:22:24.350" endtime="20210409 19:22:27.568" critical="yes"></status>
</test>
<test id="s1-t19" name="TC_017_PUT POD (DELIVERY)">
<kw name="Create Session" library="RequestsLibrary">
<doc>Create Session: create a HTTP session to a server</doc>
<arguments>
<arg>session</arg>
<arg>https://api.staging.true-e-logistics.com</arg>
</arguments>
<msg timestamp="20210409 19:22:27.570" level="INFO">Creating Session using : alias=session, url=https://api.staging.true-e-logistics.com, headers={},                     cookies={}, auth=None, timeout=None, proxies=None, verify=False,                     debug=0 </msg>
<status status="PASS" starttime="20210409 19:22:27.569" endtime="20210409 19:22:27.570"></status>
</kw>
<kw name="Create Dictionary" library="BuiltIn">
<doc>Creates and returns a dictionary based on the given ``items``.</doc>
<arguments>
<arg>Authorization=${Token}</arg>
<arg>Content-Type=${Content-Type}</arg>
<arg>project-id=5ec78aecf3a41244b9031586</arg>
<arg>company-id=5ea93cda890a1f52c86637e3</arg>
</arguments>
<assign>
<var>${headers}</var>
</assign>
<msg timestamp="20210409 19:22:27.571" level="INFO">${headers} = {'Authorization': 'Bearer eyJhbGciOiJIUzI1NiIsInR5cCI6IkpXVCJ9.eyJ1c2VybmFtZSI6IlRFU1RfMDAwMTkiLCJlbWFpbCI6IiIsInBob25lIjoiNjY4OTAwMDAwMTkiLCJpYXQiOjE2MTc5NzA5MTMsImV4cCI6MTYxODU3NTcxMywiaXNzIjoicWVSU...</msg>
<status status="PASS" starttime="20210409 19:22:27.570" endtime="20210409 19:22:27.571"></status>
</kw>
<kw name="Get File" library="OperatingSystem">
<doc>Returns the contents of a specified file.</doc>
<arguments>
<arg>TC_010_POD.json</arg>
</arguments>
<assign>
<var>${json_string}</var>
</assign>
<msg timestamp="20210409 19:22:27.571" level="INFO" html="yes">Getting file '&lt;a href="file:///Users/panuwitsupageeratirod/ondemand/Automation_Ondemand2.0/CPFresh mart/TMS-Trip-Task-Todo/TC_010_POD.json"&gt;/Users/panuwitsupageeratirod/ondemand/Automation_Ondemand2.0/CPFresh mart/TMS-Trip-Task-Todo/TC_010_POD.json&lt;/a&gt;'.</msg>
<msg timestamp="20210409 19:22:27.572" level="INFO">${json_string} = {   
    "images": ["/DEV_TEST/FjeBVvIe3.jpg"],
    "lat": 13.6851301,
    "lng": 100.6088319,
    "relationship" : "นิติ"
}</msg>
<status status="PASS" starttime="20210409 19:22:27.571" endtime="20210409 19:22:27.572"></status>
</kw>
<kw name="Put Request" library="RequestsLibrary">
<doc>Send a PUT request on the session object found using the
given `alias`</doc>
<arguments>
<arg>session</arg>
<arg>/v1/mobile/todos/${TodoID_Delivery[4]}</arg>
<arg>data=${json_string}</arg>
<arg>headers=${headers}</arg>
</arguments>
<assign>
<var>${resp}</var>
</assign>
<msg timestamp="20210409 19:22:27.573" level="INFO">PUT Request using : uri=/v1/mobile/todos/5fbc966f17d83800117a8586, params=None, files=None, allow_redirects=True, timeout=None
headers={'User-Agent': 'python-requests/2.22.0', 'Accept-Encoding': 'gzip, deflate', 'Accept': '*/*', 'Connection': 'keep-alive', 'Authorization': 'Bearer eyJhbGciOiJIUzI1NiIsInR5cCI6IkpXVCJ9.eyJ1c2VybmFtZSI6IlRFU1RfMDAwMTkiLCJlbWFpbCI6IiIsInBob25lIjoiNjY4OTAwMDAwMTkiLCJpYXQiOjE2MTc5NzA5MTMsImV4cCI6MTYxODU3NTcxMywiaXNzIjoicWVSUkxaa3ptIn0.LT4Nvy2D1HoGNa8D8Jy3qsfZsjr5J3fY71gYhXbefZ8', 'Content-Type': 'application/json', 'project-id': '5ec78aecf3a41244b9031586', 'company-id': '5ea93cda890a1f52c86637e3'} 
data={   
    "images": ["/DEV_TEST/FjeBVvIe3.jpg"],
    "lat": 13.6851301,
    "lng": 100.6088319,
    "relationship" : "นิติ"
} 
json=None</msg>
<msg timestamp="20210409 19:22:27.771" level="INFO">/Users/panuwitsupageeratirod/.virtualenvs/automate/lib/python3.7/site-packages/urllib3/connectionpool.py:851: InsecureRequestWarning: Unverified HTTPS request is being made. Adding certificate verification is strongly advised. See: https://urllib3.readthedocs.io/en/latest/advanced-usage.html#ssl-warnings
  InsecureRequestWarning)</msg>
<msg timestamp="20210409 19:22:27.771" level="INFO">${resp} = &lt;Response [200]&gt;</msg>
<status status="PASS" starttime="20210409 19:22:27.572" endtime="20210409 19:22:27.771"></status>
</kw>
<kw name="Set Variable" library="BuiltIn">
<doc>Returns the given values which can then be assigned to a variables.</doc>
<arguments>
<arg>${resp.status_code}</arg>
</arguments>
<assign>
<var>${http_status_res_code}</var>
</assign>
<msg timestamp="20210409 19:22:27.773" level="INFO">${http_status_res_code} = 200</msg>
<status status="PASS" starttime="20210409 19:22:27.772" endtime="20210409 19:22:27.773"></status>
</kw>
<kw name="Log" library="BuiltIn">
<doc>Logs the given message with the given level.</doc>
<arguments>
<arg>${resp.json()}</arg>
</arguments>
<msg timestamp="20210409 19:22:27.774" level="INFO">{'status': 'OK', 'statusCode': 200, 'data': {'requestOptionsPayload': {'data': {'fromPath': [], 'toPath': []}, 'baseURL': None}, 'metadata': {'orderId': '81567690-2d6b-11eb-8ccb-596112957a2f-1', 'transactionId': '81567690-2d6b-11eb-8ccb-596112957a2f_ebecc670_manual_assign_courier', 'taskId': 'ODMTA522020112427', 'todoTypeCode': 'POD', 'taskTypeCode': 'ONDEMAND_DELIVERY_WITH_COD'}, 'note': '', 'description': {'th': 'เพื่อยืนยันว่าผู้รับได้รับของครบถ้วนแล้ว', 'en': ''}, 'title': {'th': 'ลายเซ็นผู้รับ', 'en': 'POD*'}, 'action': 'CLICK', 'status': 'DONE', 'parcels': [], 'isRequired': True, 'todosRequired': ['5e5dd2049fd417350992db5a'], 'isStart': False, 'isLast': False, 'isArrived': False, 'isAccept': False, 'isHidden': False, 'isButton': False, 'isUser': False, 'isNotification': False, 'isBroadcast': False, 'isWebView': False, 'isRequestOptions': False, 'isUpload': False, 'isTrackWorkflow': False, 'result': {'date': '2021-04-09T12:22:27.724Z', 'lat': 13.6851301, 'lng': 100.6088319, 'userId': '5f688acbe562ec00122a5bcd', 'recipientName': None, 'imgUrls': ['FjeBVvIe3.jpg'], 'relationship': 'นิติ'}, 'value': None, 'deleted': False, '_id': '5fbc966f17d83800117a8586', 'tripRelate': [], 'uploadOptions': [], 'todoType': '5e5dd1c99fd417350992d7ea', 'sequenceSystem': 5, 'companyId': '5ea93cda890a1f52c86637e3', 'projectId': '5ec78aecf3a41244b9031586', 'referenceCompanyId': '5ea93cda890a1f52c86637e3', 'referenceProjectId': '5ec78aecf3a41244b9031586', 'createdAt': '2020-11-24T05:13:19.391Z', 'updatedAt': '2021-04-09T12:22:27.736Z', '__v': 0, 'taskId': '5fbc966f17d83800117a858a', 'message': 'เพิ่มลายเซ็นแล้ว'}}</msg>
<status status="PASS" starttime="20210409 19:22:27.773" endtime="20210409 19:22:27.774"></status>
</kw>
<kw name="Validation Http status code success 200 OK" library="user_keywords">
<arguments>
<arg>${http_status_res_code}</arg>
</arguments>
<kw name="Should Be Equal As Strings" library="BuiltIn">
<doc>Fails if objects are unequal after converting them to strings.</doc>
<arguments>
<arg>${http_status_res_code}</arg>
<arg>200</arg>
</arguments>
<msg timestamp="20210409 19:22:27.775" level="INFO">Argument types are:
&lt;class 'int'&gt;
&lt;type 'unicode'&gt;</msg>
<status status="PASS" starttime="20210409 19:22:27.775" endtime="20210409 19:22:27.776"></status>
</kw>
<status status="PASS" starttime="20210409 19:22:27.775" endtime="20210409 19:22:27.776"></status>
</kw>
<kw name="Sleep" library="BuiltIn">
<doc>Pauses the test executed for the given time.</doc>
<arguments>
<arg>3s</arg>
</arguments>
<msg timestamp="20210409 19:22:30.778" level="INFO">Slept 3 seconds</msg>
<status status="PASS" starttime="20210409 19:22:27.776" endtime="20210409 19:22:30.778"></status>
</kw>
<status status="PASS" starttime="20210409 19:22:27.568" endtime="20210409 19:22:30.779" critical="yes"></status>
</test>
<test id="s1-t20" name="TC_018_PUT TASK DELIVERED">
<kw name="Create Session" library="RequestsLibrary">
<doc>Create Session: create a HTTP session to a server</doc>
<arguments>
<arg>session</arg>
<arg>https://api.staging.true-e-logistics.com</arg>
</arguments>
<msg timestamp="20210409 19:22:30.782" level="INFO">Creating Session using : alias=session, url=https://api.staging.true-e-logistics.com, headers={},                     cookies={}, auth=None, timeout=None, proxies=None, verify=False,                     debug=0 </msg>
<status status="PASS" starttime="20210409 19:22:30.781" endtime="20210409 19:22:30.782"></status>
</kw>
<kw name="Create Dictionary" library="BuiltIn">
<doc>Creates and returns a dictionary based on the given ``items``.</doc>
<arguments>
<arg>Authorization=${Token}</arg>
<arg>Content-Type=${Content-Type}</arg>
<arg>project-id=5ec78aecf3a41244b9031586</arg>
<arg>company-id=5ea93cda890a1f52c86637e3</arg>
</arguments>
<assign>
<var>${headers}</var>
</assign>
<msg timestamp="20210409 19:22:30.783" level="INFO">${headers} = {'Authorization': 'Bearer eyJhbGciOiJIUzI1NiIsInR5cCI6IkpXVCJ9.eyJ1c2VybmFtZSI6IlRFU1RfMDAwMTkiLCJlbWFpbCI6IiIsInBob25lIjoiNjY4OTAwMDAwMTkiLCJpYXQiOjE2MTc5NzA5MTMsImV4cCI6MTYxODU3NTcxMywiaXNzIjoicWVSU...</msg>
<status status="PASS" starttime="20210409 19:22:30.782" endtime="20210409 19:22:30.783"></status>
</kw>
<kw name="Get File" library="OperatingSystem">
<doc>Returns the contents of a specified file.</doc>
<arguments>
<arg>TC_004_lat_long.json</arg>
</arguments>
<assign>
<var>${json_string}</var>
</assign>
<msg timestamp="20210409 19:22:30.784" level="INFO" html="yes">Getting file '&lt;a href="file:///Users/panuwitsupageeratirod/ondemand/Automation_Ondemand2.0/CPFresh mart/TMS-Trip-Task-Todo/TC_004_lat_long.json"&gt;/Users/panuwitsupageeratirod/ondemand/Automation_Ondemand2.0/CPFresh mart/TMS-Trip-Task-Todo/TC_004_lat_long.json&lt;/a&gt;'.</msg>
<msg timestamp="20210409 19:22:30.784" level="INFO">${json_string} = {
    "lat": 13.6851301,
    "lng": 100.6088319
}</msg>
<status status="PASS" starttime="20210409 19:22:30.783" endtime="20210409 19:22:30.784"></status>
</kw>
<kw name="Put Request" library="RequestsLibrary">
<doc>Send a PUT request on the session object found using the
given `alias`</doc>
<arguments>
<arg>session</arg>
<arg>/v1/mobile/todos/${TodoID_Delivery[5]}</arg>
<arg>data=${json_string}</arg>
<arg>headers=${headers}</arg>
</arguments>
<assign>
<var>${resp}</var>
</assign>
<msg timestamp="20210409 19:22:30.785" level="INFO">PUT Request using : uri=/v1/mobile/todos/5fbc966f17d83800117a8587, params=None, files=None, allow_redirects=True, timeout=None
headers={'User-Agent': 'python-requests/2.22.0', 'Accept-Encoding': 'gzip, deflate', 'Accept': '*/*', 'Connection': 'keep-alive', 'Authorization': 'Bearer eyJhbGciOiJIUzI1NiIsInR5cCI6IkpXVCJ9.eyJ1c2VybmFtZSI6IlRFU1RfMDAwMTkiLCJlbWFpbCI6IiIsInBob25lIjoiNjY4OTAwMDAwMTkiLCJpYXQiOjE2MTc5NzA5MTMsImV4cCI6MTYxODU3NTcxMywiaXNzIjoicWVSUkxaa3ptIn0.LT4Nvy2D1HoGNa8D8Jy3qsfZsjr5J3fY71gYhXbefZ8', 'Content-Type': 'application/json', 'project-id': '5ec78aecf3a41244b9031586', 'company-id': '5ea93cda890a1f52c86637e3'} 
data={
    "lat": 13.6851301,
    "lng": 100.6088319
} 
json=None</msg>
<msg timestamp="20210409 19:22:31.011" level="INFO">/Users/panuwitsupageeratirod/.virtualenvs/automate/lib/python3.7/site-packages/urllib3/connectionpool.py:851: InsecureRequestWarning: Unverified HTTPS request is being made. Adding certificate verification is strongly advised. See: https://urllib3.readthedocs.io/en/latest/advanced-usage.html#ssl-warnings
  InsecureRequestWarning)</msg>
<msg timestamp="20210409 19:22:31.011" level="INFO">${resp} = &lt;Response [200]&gt;</msg>
<status status="PASS" starttime="20210409 19:22:30.785" endtime="20210409 19:22:31.011"></status>
</kw>
<kw name="Set Variable" library="BuiltIn">
<doc>Returns the given values which can then be assigned to a variables.</doc>
<arguments>
<arg>${resp.status_code}</arg>
</arguments>
<assign>
<var>${http_status_res_code}</var>
</assign>
<msg timestamp="20210409 19:22:31.011" level="INFO">${http_status_res_code} = 200</msg>
<status status="PASS" starttime="20210409 19:22:31.011" endtime="20210409 19:22:31.011"></status>
</kw>
<kw name="Log" library="BuiltIn">
<doc>Logs the given message with the given level.</doc>
<arguments>
<arg>${resp.json()}</arg>
</arguments>
<msg timestamp="20210409 19:22:31.012" level="INFO">{'status': 'OK', 'statusCode': 200, 'data': {'requestOptionsPayload': {'data': {'fromPath': [], 'toPath': []}, 'baseURL': None}, 'metadata': {'orderId': '81567690-2d6b-11eb-8ccb-596112957a2f-1', 'transactionId': '81567690-2d6b-11eb-8ccb-596112957a2f_ebecc670_manual_assign_courier', 'taskId': 'ODMTA522020112427', 'todoTypeCode': 'DELIVERED', 'taskTypeCode': 'ONDEMAND_DELIVERY_WITH_COD'}, 'note': '', 'description': {'th': '', 'en': ''}, 'title': {'th': 'ส่งของเรียบร้อย', 'en': 'Delivered*'}, 'action': 'CLICK', 'status': 'DONE', 'parcels': [], 'isRequired': True, 'todosRequired': ['5e5dd1c99fd417350992d7ea'], 'isStart': False, 'isLast': True, 'isArrived': False, 'isAccept': False, 'isHidden': False, 'isButton': True, 'isUser': False, 'isNotification': False, 'isBroadcast': False, 'isWebView': False, 'isRequestOptions': False, 'isUpload': False, 'isTrackWorkflow': False, 'result': {'lat': 13.6851301, 'lng': 100.6088319, 'date': '2021-04-09T12:22:30.940Z', 'userId': '5f688acbe562ec00122a5bcd'}, 'value': None, 'deleted': False, '_id': '5fbc966f17d83800117a8587', 'tripRelate': [], 'uploadOptions': [], 'todoType': '5e81d5b5c68c92e5e02fae08', 'sequenceSystem': 6, 'companyId': '5ea93cda890a1f52c86637e3', 'projectId': '5ec78aecf3a41244b9031586', 'referenceCompanyId': '5ea93cda890a1f52c86637e3', 'referenceProjectId': '5ec78aecf3a41244b9031586', 'createdAt': '2020-11-24T05:13:19.391Z', 'updatedAt': '2021-04-09T12:22:30.960Z', '__v': 0, 'taskId': '5fbc966f17d83800117a858a', 'message': 'คุณได้ส่งของเรียบร้อยแล้ว'}}</msg>
<status status="PASS" starttime="20210409 19:22:31.011" endtime="20210409 19:22:31.012"></status>
</kw>
<kw name="Validation Http status code success 200 OK" library="user_keywords">
<arguments>
<arg>${http_status_res_code}</arg>
</arguments>
<kw name="Should Be Equal As Strings" library="BuiltIn">
<doc>Fails if objects are unequal after converting them to strings.</doc>
<arguments>
<arg>${http_status_res_code}</arg>
<arg>200</arg>
</arguments>
<msg timestamp="20210409 19:22:31.013" level="INFO">Argument types are:
&lt;class 'int'&gt;
&lt;type 'unicode'&gt;</msg>
<status status="PASS" starttime="20210409 19:22:31.013" endtime="20210409 19:22:31.013"></status>
</kw>
<status status="PASS" starttime="20210409 19:22:31.012" endtime="20210409 19:22:31.013"></status>
</kw>
<kw name="Sleep" library="BuiltIn">
<doc>Pauses the test executed for the given time.</doc>
<arguments>
<arg>3s</arg>
</arguments>
<msg timestamp="20210409 19:22:34.016" level="INFO">Slept 3 seconds</msg>
<status status="PASS" starttime="20210409 19:22:31.014" endtime="20210409 19:22:34.016"></status>
</kw>
<status status="PASS" starttime="20210409 19:22:30.780" endtime="20210409 19:22:34.017" critical="yes"></status>
</test>
<status status="PASS" starttime="20210409 19:21:52.536" endtime="20210409 19:22:34.020"></status>
</suite>
<statistics>
<total>
<stat pass="20" fail="0">Critical Tests</stat>
<stat pass="20" fail="0">All Tests</stat>
</total>
<tag>
</tag>
<suite>
<stat pass="20" fail="0" id="s1" name="API Trip Task Todo">API Trip Task Todo</stat>
</suite>
</statistics>
<errors>
</errors>
</robot>
