<?xml version="1.0" encoding="UTF-8"?>
<robot generator="Robot 3.1.2 (Python 3.7.4 on darwin)" generated="20210420 16:33:38.077" rpa="false">
<suite id="s1" name="Login" source="/Users/panuwitsupageeratirod/ondemand/Automation_Ondemand2.0/CPFresh_mart/API_LOGIN_DRIVER/Login_Driver/Login.robot">
<test id="s1-t1" name="TC_0001_Login">
<kw name="Create Session" library="RequestsLibrary">
<doc>Create Session: create a HTTP session to a server</doc>
<arguments>
<arg>session</arg>
<arg>${on_demand_host_1}</arg>
</arguments>
<msg timestamp="20210420 16:33:38.521" level="INFO">Creating Session using : alias=session, url=http://app-4pl-authentication.drivs.staging.tel.internal, headers={},                     cookies={}, auth=None, timeout=None, proxies=None, verify=False,                     debug=0 </msg>
<status status="PASS" starttime="20210420 16:33:38.520" endtime="20210420 16:33:38.521"></status>
</kw>
<kw name="Create Dictionary" library="BuiltIn">
<doc>Creates and returns a dictionary based on the given ``items``.</doc>
<arguments>
<arg>Content-Type=${Content-Type}</arg>
</arguments>
<assign>
<var>${headers}</var>
</assign>
<msg timestamp="20210420 16:33:38.522" level="INFO">${headers} = {'Content-Type': 'application/json'}</msg>
<status status="PASS" starttime="20210420 16:33:38.521" endtime="20210420 16:33:38.522"></status>
</kw>
<kw name="Get File" library="OperatingSystem">
<doc>Returns the contents of a specified file.</doc>
<arguments>
<arg>TC_001_Login.json</arg>
</arguments>
<assign>
<var>${json_string}</var>
</assign>
<msg timestamp="20210420 16:33:38.522" level="INFO" html="yes">Getting file '&lt;a href="file:///Users/panuwitsupageeratirod/ondemand/Automation_Ondemand2.0/CPFresh_mart/API_LOGIN_DRIVER/Login_Driver/TC_001_Login.json"&gt;/Users/panuwitsupageeratirod/ondemand/Automation_Ondemand2.0/CPFresh_mart/API_LOGIN_DRIVER/Login_Driver/TC_001_Login.json&lt;/a&gt;'.</msg>
<msg timestamp="20210420 16:33:38.522" level="INFO">${json_string} = {
    "citizenId": "1000000000019",
    "password": "@Test0019"
}</msg>
<status status="PASS" starttime="20210420 16:33:38.522" endtime="20210420 16:33:38.522"></status>
</kw>
<kw name="Post Request" library="RequestsLibrary">
<doc>Send a POST request on the session object found using the
given `alias`</doc>
<arguments>
<arg>session</arg>
<arg>${path_1}</arg>
<arg>data=${json_string}</arg>
<arg>headers=${headers}</arg>
</arguments>
<assign>
<var>${resp}</var>
</assign>
<msg timestamp="20210420 16:33:38.523" level="INFO">POST Request using : uri=/v1/auth/login-citizen-id, params=None, files=None, allow_redirects=True, timeout=None
headers={'User-Agent': 'python-requests/2.22.0', 'Accept-Encoding': 'gzip, deflate', 'Accept': '*/*', 'Connection': 'keep-alive', 'Content-Type': 'application/json'} 
data={
    "citizenId": "1000000000019",
    "password": "@Test0019"
} 
json=None</msg>
<msg timestamp="20210420 16:33:38.636" level="INFO">${resp} = &lt;Response [200]&gt;</msg>
<status status="PASS" starttime="20210420 16:33:38.523" endtime="20210420 16:33:38.636"></status>
</kw>
<kw name="Log" library="BuiltIn">
<doc>Logs the given message with the given level.</doc>
<arguments>
<arg>${resp.json()}</arg>
</arguments>
<msg timestamp="20210420 16:33:38.637" level="INFO">{'data': {'token': 'Bearer eyJhbGciOiJIUzI1NiIsInR5cCI6IkpXVCJ9.eyJ1c2VybmFtZSI6IlRFU1RfMDAwMTkiLCJlbWFpbCI6IiIsInBob25lIjoiNjY4OTAwMDAwMTkiLCJpYXQiOjE2MTg5MTEyNDUsImV4cCI6MTYxOTUxNjA0NSwiaXNzIjoicWVSUkxaa3ptIn0.bxyw867PcXQVj1QeR5D9sc_aA0nwhCpxf1XSSNwgr4U', 'refreshToken': 'Bearer eyJhbGciOiJIUzI1NiIsInR5cCI6IkpXVCJ9.eyJ1c2VybmFtZSI6IlRFU1RfMDAwMTkiLCJlbWFpbCI6IiIsInBob25lIjoiNjY4OTAwMDAwMTkiLCJpYXQiOjE2MTg5MTEyNDUsImV4cCI6MTYyMDEyMDg0NSwiaXNzIjoicWVSUkxaa3ptIn0.Q5G9J2fuqf-Uk3mTApaBu88MsF8lszkB3kJnSROoVYM'}, 'status': 'OK', 'statusCodes': 200}</msg>
<status status="PASS" starttime="20210420 16:33:38.636" endtime="20210420 16:33:38.637"></status>
</kw>
<kw name="Set Variable" library="BuiltIn">
<doc>Returns the given values which can then be assigned to a variables.</doc>
<arguments>
<arg>${resp.status_code}</arg>
</arguments>
<assign>
<var>${http_status_res_code}</var>
</assign>
<msg timestamp="20210420 16:33:38.638" level="INFO">${http_status_res_code} = 200</msg>
<status status="PASS" starttime="20210420 16:33:38.637" endtime="20210420 16:33:38.638"></status>
</kw>
<kw name="Validation Http status code success 200 OK" library="user_keywords">
<arguments>
<arg>${http_status_res_code}</arg>
</arguments>
<kw name="Should Be Equal As Strings" library="BuiltIn">
<doc>Fails if objects are unequal after converting them to strings.</doc>
<arguments>
<arg>${http_status_res_code}</arg>
<arg>200</arg>
</arguments>
<msg timestamp="20210420 16:33:38.639" level="INFO">Argument types are:
&lt;class 'int'&gt;
&lt;type 'unicode'&gt;</msg>
<status status="PASS" starttime="20210420 16:33:38.639" endtime="20210420 16:33:38.639"></status>
</kw>
<status status="PASS" starttime="20210420 16:33:38.638" endtime="20210420 16:33:38.639"></status>
</kw>
<status status="PASS" starttime="20210420 16:33:38.519" endtime="20210420 16:33:38.640" critical="yes"></status>
</test>
<test id="s1-t2" name="TC_0002_Validation_Login_Fail">
<kw name="Create Session" library="RequestsLibrary">
<doc>Create Session: create a HTTP session to a server</doc>
<arguments>
<arg>session</arg>
<arg>${on_demand_host_1}</arg>
</arguments>
<msg timestamp="20210420 16:33:38.641" level="INFO">Creating Session using : alias=session, url=http://app-4pl-authentication.drivs.staging.tel.internal, headers={},                     cookies={}, auth=None, timeout=None, proxies=None, verify=False,                     debug=0 </msg>
<status status="PASS" starttime="20210420 16:33:38.641" endtime="20210420 16:33:38.642"></status>
</kw>
<kw name="Create Dictionary" library="BuiltIn">
<doc>Creates and returns a dictionary based on the given ``items``.</doc>
<arguments>
<arg>Content-Type=${Content-Type}</arg>
</arguments>
<assign>
<var>${headers}</var>
</assign>
<msg timestamp="20210420 16:33:38.643" level="INFO">${headers} = {'Content-Type': 'application/json'}</msg>
<status status="PASS" starttime="20210420 16:33:38.642" endtime="20210420 16:33:38.643"></status>
</kw>
<kw name="Get File" library="OperatingSystem">
<doc>Returns the contents of a specified file.</doc>
<arguments>
<arg>TC_002_Validation _Login_fail.json</arg>
</arguments>
<assign>
<var>${json_string}</var>
</assign>
<msg timestamp="20210420 16:33:38.644" level="INFO" html="yes">Getting file '&lt;a href="file:///Users/panuwitsupageeratirod/ondemand/Automation_Ondemand2.0/CPFresh_mart/API_LOGIN_DRIVER/Login_Driver/TC_002_Validation _Login_fail.json"&gt;/Users/panuwitsupageeratirod/ondemand/Automation_Ondemand2.0/CPFresh_mart/API_LOGIN_DRIVER/Login_Driver/TC_002_Validation _Login_fail.json&lt;/a&gt;'.</msg>
<msg timestamp="20210420 16:33:38.645" level="INFO">${json_string} = {
    "citizenId":"1",
    "password" : "@Test0001"

}</msg>
<status status="PASS" starttime="20210420 16:33:38.644" endtime="20210420 16:33:38.645"></status>
</kw>
<kw name="Post Request" library="RequestsLibrary">
<doc>Send a POST request on the session object found using the
given `alias`</doc>
<arguments>
<arg>session</arg>
<arg>${path_1}</arg>
<arg>data=${json_string}</arg>
<arg>headers=${headers}</arg>
</arguments>
<assign>
<var>${resp}</var>
</assign>
<msg timestamp="20210420 16:33:38.646" level="INFO">POST Request using : uri=/v1/auth/login-citizen-id, params=None, files=None, allow_redirects=True, timeout=None
headers={'User-Agent': 'python-requests/2.22.0', 'Accept-Encoding': 'gzip, deflate', 'Accept': '*/*', 'Connection': 'keep-alive', 'Content-Type': 'application/json'} 
data={
    "citizenId":"1",
    "password" : "@Test0001"

} 
json=None</msg>
<msg timestamp="20210420 16:33:38.731" level="INFO">${resp} = &lt;Response [404]&gt;</msg>
<status status="PASS" starttime="20210420 16:33:38.645" endtime="20210420 16:33:38.731"></status>
</kw>
<kw name="Set Variable" library="BuiltIn">
<doc>Returns the given values which can then be assigned to a variables.</doc>
<arguments>
<arg>${resp.status_code}</arg>
</arguments>
<assign>
<var>${http_status_res_code}</var>
</assign>
<msg timestamp="20210420 16:33:38.731" level="INFO">${http_status_res_code} = 404</msg>
<status status="PASS" starttime="20210420 16:33:38.731" endtime="20210420 16:33:38.731"></status>
</kw>
<status status="PASS" starttime="20210420 16:33:38.640" endtime="20210420 16:33:38.732" critical="yes"></status>
</test>
<test id="s1-t3" name="TC_0003_Validation Test with valid username empty password such that login must get fail">
<kw name="Create Session" library="RequestsLibrary">
<doc>Create Session: create a HTTP session to a server</doc>
<arguments>
<arg>session</arg>
<arg>${on_demand_host_1}</arg>
</arguments>
<msg timestamp="20210420 16:33:38.733" level="INFO">Creating Session using : alias=session, url=http://app-4pl-authentication.drivs.staging.tel.internal, headers={},                     cookies={}, auth=None, timeout=None, proxies=None, verify=False,                     debug=0 </msg>
<status status="PASS" starttime="20210420 16:33:38.733" endtime="20210420 16:33:38.734"></status>
</kw>
<kw name="Create Dictionary" library="BuiltIn">
<doc>Creates and returns a dictionary based on the given ``items``.</doc>
<arguments>
<arg>Content-Type=${Content-Type}</arg>
</arguments>
<assign>
<var>${headers}</var>
</assign>
<msg timestamp="20210420 16:33:38.735" level="INFO">${headers} = {'Content-Type': 'application/json'}</msg>
<status status="PASS" starttime="20210420 16:33:38.734" endtime="20210420 16:33:38.735"></status>
</kw>
<kw name="Get File" library="OperatingSystem">
<doc>Returns the contents of a specified file.</doc>
<arguments>
<arg>TC_003_Validation _username_empty.json</arg>
</arguments>
<assign>
<var>${json_string}</var>
</assign>
<msg timestamp="20210420 16:33:38.735" level="INFO" html="yes">Getting file '&lt;a href="file:///Users/panuwitsupageeratirod/ondemand/Automation_Ondemand2.0/CPFresh_mart/API_LOGIN_DRIVER/Login_Driver/TC_003_Validation _username_empty.json"&gt;/Users/panuwitsupageeratirod/ondemand/Automation_Ondemand2.0/CPFresh_mart/API_LOGIN_DRIVER/Login_Driver/TC_003_Validation _username_empty.json&lt;/a&gt;'.</msg>
<msg timestamp="20210420 16:33:38.736" level="INFO">${json_string} = {
    "citizenId":"",
    "password" : "Test0001"


}</msg>
<status status="PASS" starttime="20210420 16:33:38.735" endtime="20210420 16:33:38.736"></status>
</kw>
<kw name="Post Request" library="RequestsLibrary">
<doc>Send a POST request on the session object found using the
given `alias`</doc>
<arguments>
<arg>session</arg>
<arg>${path_1}</arg>
<arg>data=${json_string}</arg>
<arg>headers=${headers}</arg>
</arguments>
<assign>
<var>${resp}</var>
</assign>
<msg timestamp="20210420 16:33:38.737" level="INFO">POST Request using : uri=/v1/auth/login-citizen-id, params=None, files=None, allow_redirects=True, timeout=None
headers={'User-Agent': 'python-requests/2.22.0', 'Accept-Encoding': 'gzip, deflate', 'Accept': '*/*', 'Connection': 'keep-alive', 'Content-Type': 'application/json'} 
data={
    "citizenId":"",
    "password" : "Test0001"


} 
json=None</msg>
<msg timestamp="20210420 16:33:38.818" level="INFO">${resp} = &lt;Response [404]&gt;</msg>
<status status="PASS" starttime="20210420 16:33:38.736" endtime="20210420 16:33:38.818"></status>
</kw>
<kw name="Set Variable" library="BuiltIn">
<doc>Returns the given values which can then be assigned to a variables.</doc>
<arguments>
<arg>${resp.status_code}</arg>
</arguments>
<assign>
<var>${http_status_res_code}</var>
</assign>
<msg timestamp="20210420 16:33:38.819" level="INFO">${http_status_res_code} = 404</msg>
<status status="PASS" starttime="20210420 16:33:38.819" endtime="20210420 16:33:38.819"></status>
</kw>
<status status="PASS" starttime="20210420 16:33:38.732" endtime="20210420 16:33:38.820" critical="yes"></status>
</test>
<test id="s1-t4" name="TC_004_Validation _Password_empty">
<kw name="Create Session" library="RequestsLibrary">
<doc>Create Session: create a HTTP session to a server</doc>
<arguments>
<arg>session</arg>
<arg>${on_demand_host_1}</arg>
</arguments>
<msg timestamp="20210420 16:33:38.822" level="INFO">Creating Session using : alias=session, url=http://app-4pl-authentication.drivs.staging.tel.internal, headers={},                     cookies={}, auth=None, timeout=None, proxies=None, verify=False,                     debug=0 </msg>
<status status="PASS" starttime="20210420 16:33:38.821" endtime="20210420 16:33:38.822"></status>
</kw>
<kw name="Create Dictionary" library="BuiltIn">
<doc>Creates and returns a dictionary based on the given ``items``.</doc>
<arguments>
<arg>Content-Type=${Content-Type}</arg>
</arguments>
<assign>
<var>${headers}</var>
</assign>
<msg timestamp="20210420 16:33:38.823" level="INFO">${headers} = {'Content-Type': 'application/json'}</msg>
<status status="PASS" starttime="20210420 16:33:38.823" endtime="20210420 16:33:38.823"></status>
</kw>
<kw name="Get File" library="OperatingSystem">
<doc>Returns the contents of a specified file.</doc>
<arguments>
<arg>TC_004_Validation _Password_empty.json</arg>
</arguments>
<assign>
<var>${json_string}</var>
</assign>
<msg timestamp="20210420 16:33:38.824" level="INFO" html="yes">Getting file '&lt;a href="file:///Users/panuwitsupageeratirod/ondemand/Automation_Ondemand2.0/CPFresh_mart/API_LOGIN_DRIVER/Login_Driver/TC_004_Validation _Password_empty.json"&gt;/Users/panuwitsupageeratirod/ondemand/Automation_Ondemand2.0/CPFresh_mart/API_LOGIN_DRIVER/Login_Driver/TC_004_Validation _Password_empty.json&lt;/a&gt;'.</msg>
<msg timestamp="20210420 16:33:38.824" level="INFO">${json_string} = {
    "citizenId":"1000000000001",
    "password" : ""

}</msg>
<status status="PASS" starttime="20210420 16:33:38.823" endtime="20210420 16:33:38.824"></status>
</kw>
<kw name="Post Request" library="RequestsLibrary">
<doc>Send a POST request on the session object found using the
given `alias`</doc>
<arguments>
<arg>session</arg>
<arg>${path_1}</arg>
<arg>data=${json_string}</arg>
<arg>headers=${headers}</arg>
</arguments>
<assign>
<var>${resp}</var>
</assign>
<msg timestamp="20210420 16:33:38.825" level="INFO">POST Request using : uri=/v1/auth/login-citizen-id, params=None, files=None, allow_redirects=True, timeout=None
headers={'User-Agent': 'python-requests/2.22.0', 'Accept-Encoding': 'gzip, deflate', 'Accept': '*/*', 'Connection': 'keep-alive', 'Content-Type': 'application/json'} 
data={
    "citizenId":"1000000000001",
    "password" : ""

} 
json=None</msg>
<msg timestamp="20210420 16:33:38.909" level="INFO">${resp} = &lt;Response [404]&gt;</msg>
<status status="PASS" starttime="20210420 16:33:38.824" endtime="20210420 16:33:38.909"></status>
</kw>
<kw name="Set Variable" library="BuiltIn">
<doc>Returns the given values which can then be assigned to a variables.</doc>
<arguments>
<arg>${resp.status_code}</arg>
</arguments>
<assign>
<var>${http_status_res_code}</var>
</assign>
<msg timestamp="20210420 16:33:38.910" level="INFO">${http_status_res_code} = 404</msg>
<status status="PASS" starttime="20210420 16:33:38.910" endtime="20210420 16:33:38.910"></status>
</kw>
<status status="PASS" starttime="20210420 16:33:38.820" endtime="20210420 16:33:38.910" critical="yes"></status>
</test>
<test id="s1-t5" name="TC_005_Validation_Empty_username_and_empty_password">
<kw name="Create Session" library="RequestsLibrary">
<doc>Create Session: create a HTTP session to a server</doc>
<arguments>
<arg>session</arg>
<arg>${on_demand_host_1}</arg>
</arguments>
<msg timestamp="20210420 16:33:38.912" level="INFO">Creating Session using : alias=session, url=http://app-4pl-authentication.drivs.staging.tel.internal, headers={},                     cookies={}, auth=None, timeout=None, proxies=None, verify=False,                     debug=0 </msg>
<status status="PASS" starttime="20210420 16:33:38.912" endtime="20210420 16:33:38.913"></status>
</kw>
<kw name="Create Dictionary" library="BuiltIn">
<doc>Creates and returns a dictionary based on the given ``items``.</doc>
<arguments>
<arg>Content-Type=${Content-Type}</arg>
</arguments>
<assign>
<var>${headers}</var>
</assign>
<msg timestamp="20210420 16:33:38.913" level="INFO">${headers} = {'Content-Type': 'application/json'}</msg>
<status status="PASS" starttime="20210420 16:33:38.913" endtime="20210420 16:33:38.914"></status>
</kw>
<kw name="Get File" library="OperatingSystem">
<doc>Returns the contents of a specified file.</doc>
<arguments>
<arg>TC_005_Validation_Empty_username_and_empty_password.json</arg>
</arguments>
<assign>
<var>${json_string}</var>
</assign>
<msg timestamp="20210420 16:33:38.914" level="INFO" html="yes">Getting file '&lt;a href="file:///Users/panuwitsupageeratirod/ondemand/Automation_Ondemand2.0/CPFresh_mart/API_LOGIN_DRIVER/Login_Driver/TC_005_Validation_Empty_username_and_empty_password.json"&gt;/Users/panuwitsupageeratirod/ondemand/Automation_Ondemand2.0/CPFresh_mart/API_LOGIN_DRIVER/Login_Driver/TC_005_Validation_Empty_username_and_empty_password.json&lt;/a&gt;'.</msg>
<msg timestamp="20210420 16:33:38.915" level="INFO">${json_string} = {
    "citizenId":"",
    "password" : ""


}</msg>
<status status="PASS" starttime="20210420 16:33:38.914" endtime="20210420 16:33:38.915"></status>
</kw>
<kw name="Post Request" library="RequestsLibrary">
<doc>Send a POST request on the session object found using the
given `alias`</doc>
<arguments>
<arg>session</arg>
<arg>${path_1}</arg>
<arg>data=${json_string}</arg>
<arg>headers=${headers}</arg>
</arguments>
<assign>
<var>${resp}</var>
</assign>
<msg timestamp="20210420 16:33:38.917" level="INFO">POST Request using : uri=/v1/auth/login-citizen-id, params=None, files=None, allow_redirects=True, timeout=None
headers={'User-Agent': 'python-requests/2.22.0', 'Accept-Encoding': 'gzip, deflate', 'Accept': '*/*', 'Connection': 'keep-alive', 'Content-Type': 'application/json'} 
data={
    "citizenId":"",
    "password" : ""


} 
json=None</msg>
<msg timestamp="20210420 16:33:38.997" level="INFO">${resp} = &lt;Response [404]&gt;</msg>
<status status="PASS" starttime="20210420 16:33:38.915" endtime="20210420 16:33:38.997"></status>
</kw>
<kw name="Set Variable" library="BuiltIn">
<doc>Returns the given values which can then be assigned to a variables.</doc>
<arguments>
<arg>${resp.status_code}</arg>
</arguments>
<assign>
<var>${http_status_res_code}</var>
</assign>
<msg timestamp="20210420 16:33:38.998" level="INFO">${http_status_res_code} = 404</msg>
<status status="PASS" starttime="20210420 16:33:38.998" endtime="20210420 16:33:38.998"></status>
</kw>
<status status="PASS" starttime="20210420 16:33:38.911" endtime="20210420 16:33:38.999" critical="yes"></status>
</test>
<test id="s1-t6" name="TC_006_Validation_Verify_character_limit">
<kw name="Create Session" library="RequestsLibrary">
<doc>Create Session: create a HTTP session to a server</doc>
<arguments>
<arg>session</arg>
<arg>${on_demand_host_1}</arg>
</arguments>
<msg timestamp="20210420 16:33:39.000" level="INFO">Creating Session using : alias=session, url=http://app-4pl-authentication.drivs.staging.tel.internal, headers={},                     cookies={}, auth=None, timeout=None, proxies=None, verify=False,                     debug=0 </msg>
<status status="PASS" starttime="20210420 16:33:39.000" endtime="20210420 16:33:39.001"></status>
</kw>
<kw name="Create Dictionary" library="BuiltIn">
<doc>Creates and returns a dictionary based on the given ``items``.</doc>
<arguments>
<arg>Content-Type=${Content-Type}</arg>
</arguments>
<assign>
<var>${headers}</var>
</assign>
<msg timestamp="20210420 16:33:39.001" level="INFO">${headers} = {'Content-Type': 'application/json'}</msg>
<status status="PASS" starttime="20210420 16:33:39.001" endtime="20210420 16:33:39.001"></status>
</kw>
<kw name="Get File" library="OperatingSystem">
<doc>Returns the contents of a specified file.</doc>
<arguments>
<arg>TC_006_Validation_Verify_character_limit.json</arg>
</arguments>
<assign>
<var>${json_string}</var>
</assign>
<msg timestamp="20210420 16:33:39.002" level="INFO" html="yes">Getting file '&lt;a href="file:///Users/panuwitsupageeratirod/ondemand/Automation_Ondemand2.0/CPFresh_mart/API_LOGIN_DRIVER/Login_Driver/TC_006_Validation_Verify_character_limit.json"&gt;/Users/panuwitsupageeratirod/ondemand/Automation_Ondemand2.0/CPFresh_mart/API_LOGIN_DRIVER/Login_Driver/TC_006_Validation_Verify_character_limit.json&lt;/a&gt;'.</msg>
<msg timestamp="20210420 16:33:39.002" level="INFO">${json_string} = {
    "citizenId": "10000000000100000000000000000000",
    "Password":  "@Test000100000000000000"

}

</msg>
<status status="PASS" starttime="20210420 16:33:39.002" endtime="20210420 16:33:39.002"></status>
</kw>
<kw name="Post Request" library="RequestsLibrary">
<doc>Send a POST request on the session object found using the
given `alias`</doc>
<arguments>
<arg>session</arg>
<arg>${path_1}</arg>
<arg>data=${json_string}</arg>
<arg>headers=${headers}</arg>
</arguments>
<assign>
<var>${resp}</var>
</assign>
<msg timestamp="20210420 16:33:39.003" level="INFO">POST Request using : uri=/v1/auth/login-citizen-id, params=None, files=None, allow_redirects=True, timeout=None
headers={'User-Agent': 'python-requests/2.22.0', 'Accept-Encoding': 'gzip, deflate', 'Accept': '*/*', 'Connection': 'keep-alive', 'Content-Type': 'application/json'} 
data={
    "citizenId": "10000000000100000000000000000000",
    "Password":  "@Test000100000000000000"

}

 
json=None</msg>
<msg timestamp="20210420 16:33:39.079" level="INFO">${resp} = &lt;Response [400]&gt;</msg>
<status status="PASS" starttime="20210420 16:33:39.002" endtime="20210420 16:33:39.079"></status>
</kw>
<kw name="Set Variable" library="BuiltIn">
<doc>Returns the given values which can then be assigned to a variables.</doc>
<arguments>
<arg>${resp.status_code}</arg>
</arguments>
<assign>
<var>${http_status_res_code}</var>
</assign>
<msg timestamp="20210420 16:33:39.080" level="INFO">${http_status_res_code} = 400</msg>
<status status="PASS" starttime="20210420 16:33:39.080" endtime="20210420 16:33:39.080"></status>
</kw>
<kw name="Validation data should have required property 'password'" library="user_keywords_login">
<arguments>
<arg>${resp}</arg>
</arguments>
<kw name="Get From Dictionary" library="Collections">
<doc>Returns a value from the given ``dictionary`` based on the given ``key``.</doc>
<arguments>
<arg>${resp.json()["error"]}</arg>
<arg>message</arg>
</arguments>
<assign>
<var>${ResMessage}</var>
</assign>
<msg timestamp="20210420 16:33:39.082" level="INFO">${ResMessage} = data should have required property 'password'</msg>
<status status="PASS" starttime="20210420 16:33:39.081" endtime="20210420 16:33:39.082"></status>
</kw>
<kw name="Should Be Equal As Strings" library="BuiltIn">
<doc>Fails if objects are unequal after converting them to strings.</doc>
<arguments>
<arg>${ResMessage}</arg>
<arg>data should have required property 'password'</arg>
</arguments>
<status status="PASS" starttime="20210420 16:33:39.082" endtime="20210420 16:33:39.082"></status>
</kw>
<status status="PASS" starttime="20210420 16:33:39.081" endtime="20210420 16:33:39.082"></status>
</kw>
<status status="PASS" starttime="20210420 16:33:38.999" endtime="20210420 16:33:39.083" critical="yes"></status>
</test>
<test id="s1-t7" name="TC_007_Validation_Handles_case_sensitive">
<kw name="Create Session" library="RequestsLibrary">
<doc>Create Session: create a HTTP session to a server</doc>
<arguments>
<arg>session</arg>
<arg>${on_demand_host_1}</arg>
</arguments>
<msg timestamp="20210420 16:33:39.084" level="INFO">Creating Session using : alias=session, url=http://app-4pl-authentication.drivs.staging.tel.internal, headers={},                     cookies={}, auth=None, timeout=None, proxies=None, verify=False,                     debug=0 </msg>
<status status="PASS" starttime="20210420 16:33:39.084" endtime="20210420 16:33:39.084"></status>
</kw>
<kw name="Create Dictionary" library="BuiltIn">
<doc>Creates and returns a dictionary based on the given ``items``.</doc>
<arguments>
<arg>Content-Type=${Content-Type}</arg>
</arguments>
<assign>
<var>${headers}</var>
</assign>
<msg timestamp="20210420 16:33:39.085" level="INFO">${headers} = {'Content-Type': 'application/json'}</msg>
<status status="PASS" starttime="20210420 16:33:39.085" endtime="20210420 16:33:39.085"></status>
</kw>
<kw name="Get File" library="OperatingSystem">
<doc>Returns the contents of a specified file.</doc>
<arguments>
<arg>TC_007_Validation_Handles_case_sensitive.json</arg>
</arguments>
<assign>
<var>${json_string}</var>
</assign>
<msg timestamp="20210420 16:33:39.086" level="INFO" html="yes">Getting file '&lt;a href="file:///Users/panuwitsupageeratirod/ondemand/Automation_Ondemand2.0/CPFresh_mart/API_LOGIN_DRIVER/Login_Driver/TC_007_Validation_Handles_case_sensitive.json"&gt;/Users/panuwitsupageeratirod/ondemand/Automation_Ondemand2.0/CPFresh_mart/API_LOGIN_DRIVER/Login_Driver/TC_007_Validation_Handles_case_sensitive.json&lt;/a&gt;'.</msg>
<msg timestamp="20210420 16:33:39.086" level="INFO">${json_string} = {
"citizenId": "100000000001",
"Password":  "@TEST0001"
}</msg>
<status status="PASS" starttime="20210420 16:33:39.085" endtime="20210420 16:33:39.086"></status>
</kw>
<kw name="Post Request" library="RequestsLibrary">
<doc>Send a POST request on the session object found using the
given `alias`</doc>
<arguments>
<arg>session</arg>
<arg>${path_1}</arg>
<arg>data=${json_string}</arg>
<arg>headers=${headers}</arg>
</arguments>
<assign>
<var>${resp}</var>
</assign>
<msg timestamp="20210420 16:33:39.087" level="INFO">POST Request using : uri=/v1/auth/login-citizen-id, params=None, files=None, allow_redirects=True, timeout=None
headers={'User-Agent': 'python-requests/2.22.0', 'Accept-Encoding': 'gzip, deflate', 'Accept': '*/*', 'Connection': 'keep-alive', 'Content-Type': 'application/json'} 
data={
"citizenId": "100000000001",
"Password":  "@TEST0001"
} 
json=None</msg>
<msg timestamp="20210420 16:33:39.168" level="INFO">${resp} = &lt;Response [400]&gt;</msg>
<status status="PASS" starttime="20210420 16:33:39.086" endtime="20210420 16:33:39.168"></status>
</kw>
<kw name="Set Variable" library="BuiltIn">
<doc>Returns the given values which can then be assigned to a variables.</doc>
<arguments>
<arg>${resp.status_code}</arg>
</arguments>
<assign>
<var>${http_status_res_code}</var>
</assign>
<msg timestamp="20210420 16:33:39.169" level="INFO">${http_status_res_code} = 400</msg>
<status status="PASS" starttime="20210420 16:33:39.168" endtime="20210420 16:33:39.169"></status>
</kw>
<kw name="Validation data should have required property 'password'" library="user_keywords_login">
<arguments>
<arg>${resp}</arg>
</arguments>
<kw name="Get From Dictionary" library="Collections">
<doc>Returns a value from the given ``dictionary`` based on the given ``key``.</doc>
<arguments>
<arg>${resp.json()["error"]}</arg>
<arg>message</arg>
</arguments>
<assign>
<var>${ResMessage}</var>
</assign>
<msg timestamp="20210420 16:33:39.170" level="INFO">${ResMessage} = data should have required property 'password'</msg>
<status status="PASS" starttime="20210420 16:33:39.170" endtime="20210420 16:33:39.170"></status>
</kw>
<kw name="Should Be Equal As Strings" library="BuiltIn">
<doc>Fails if objects are unequal after converting them to strings.</doc>
<arguments>
<arg>${ResMessage}</arg>
<arg>data should have required property 'password'</arg>
</arguments>
<status status="PASS" starttime="20210420 16:33:39.170" endtime="20210420 16:33:39.171"></status>
</kw>
<status status="PASS" starttime="20210420 16:33:39.169" endtime="20210420 16:33:39.171"></status>
</kw>
<status status="PASS" starttime="20210420 16:33:39.083" endtime="20210420 16:33:39.171" critical="yes"></status>
</test>
<test id="s1-t8" name="TC_008_Validation_Enter_Username_in_characters">
<kw name="Create Session" library="RequestsLibrary">
<doc>Create Session: create a HTTP session to a server</doc>
<arguments>
<arg>session</arg>
<arg>${on_demand_host_1}</arg>
</arguments>
<msg timestamp="20210420 16:33:39.172" level="INFO">Creating Session using : alias=session, url=http://app-4pl-authentication.drivs.staging.tel.internal, headers={},                     cookies={}, auth=None, timeout=None, proxies=None, verify=False,                     debug=0 </msg>
<status status="PASS" starttime="20210420 16:33:39.172" endtime="20210420 16:33:39.173"></status>
</kw>
<kw name="Create Dictionary" library="BuiltIn">
<doc>Creates and returns a dictionary based on the given ``items``.</doc>
<arguments>
<arg>Content-Type=${Content-Type}</arg>
</arguments>
<assign>
<var>${headers}</var>
</assign>
<msg timestamp="20210420 16:33:39.173" level="INFO">${headers} = {'Content-Type': 'application/json'}</msg>
<status status="PASS" starttime="20210420 16:33:39.173" endtime="20210420 16:33:39.173"></status>
</kw>
<kw name="Get File" library="OperatingSystem">
<doc>Returns the contents of a specified file.</doc>
<arguments>
<arg>TC_008_Validation_Enter_Username_in_characters.json</arg>
</arguments>
<assign>
<var>${json_string}</var>
</assign>
<msg timestamp="20210420 16:33:39.174" level="INFO" html="yes">Getting file '&lt;a href="file:///Users/panuwitsupageeratirod/ondemand/Automation_Ondemand2.0/CPFresh_mart/API_LOGIN_DRIVER/Login_Driver/TC_008_Validation_Enter_Username_in_characters.json"&gt;/Users/panuwitsupageeratirod/ondemand/Automation_Ondemand2.0/CPFresh_mart/API_LOGIN_DRIVER/Login_Driver/TC_008_Validation_Enter_Username_in_characters.json&lt;/a&gt;'.</msg>
<msg timestamp="20210420 16:33:39.174" level="INFO">${json_string} = {
    "citizenId": "GGGG",
    "Password":  "@Test0001"

}</msg>
<status status="PASS" starttime="20210420 16:33:39.174" endtime="20210420 16:33:39.174"></status>
</kw>
<kw name="Post Request" library="RequestsLibrary">
<doc>Send a POST request on the session object found using the
given `alias`</doc>
<arguments>
<arg>session</arg>
<arg>${path_1}</arg>
<arg>data=${json_string}</arg>
<arg>headers=${headers}</arg>
</arguments>
<assign>
<var>${resp}</var>
</assign>
<msg timestamp="20210420 16:33:39.175" level="INFO">POST Request using : uri=/v1/auth/login-citizen-id, params=None, files=None, allow_redirects=True, timeout=None
headers={'User-Agent': 'python-requests/2.22.0', 'Accept-Encoding': 'gzip, deflate', 'Accept': '*/*', 'Connection': 'keep-alive', 'Content-Type': 'application/json'} 
data={
    "citizenId": "GGGG",
    "Password":  "@Test0001"

} 
json=None</msg>
<msg timestamp="20210420 16:33:39.262" level="INFO">${resp} = &lt;Response [400]&gt;</msg>
<status status="PASS" starttime="20210420 16:33:39.174" endtime="20210420 16:33:39.262"></status>
</kw>
<kw name="Set Variable" library="BuiltIn">
<doc>Returns the given values which can then be assigned to a variables.</doc>
<arguments>
<arg>${resp.status_code}</arg>
</arguments>
<assign>
<var>${http_status_res_code}</var>
</assign>
<msg timestamp="20210420 16:33:39.263" level="INFO">${http_status_res_code} = 400</msg>
<status status="PASS" starttime="20210420 16:33:39.263" endtime="20210420 16:33:39.263"></status>
</kw>
<kw name="Validation data should have required property 'password'" library="user_keywords_login">
<arguments>
<arg>${resp}</arg>
</arguments>
<kw name="Get From Dictionary" library="Collections">
<doc>Returns a value from the given ``dictionary`` based on the given ``key``.</doc>
<arguments>
<arg>${resp.json()["error"]}</arg>
<arg>message</arg>
</arguments>
<assign>
<var>${ResMessage}</var>
</assign>
<msg timestamp="20210420 16:33:39.266" level="INFO">${ResMessage} = data should have required property 'password'</msg>
<status status="PASS" starttime="20210420 16:33:39.265" endtime="20210420 16:33:39.266"></status>
</kw>
<kw name="Should Be Equal As Strings" library="BuiltIn">
<doc>Fails if objects are unequal after converting them to strings.</doc>
<arguments>
<arg>${ResMessage}</arg>
<arg>data should have required property 'password'</arg>
</arguments>
<status status="PASS" starttime="20210420 16:33:39.266" endtime="20210420 16:33:39.266"></status>
</kw>
<status status="PASS" starttime="20210420 16:33:39.264" endtime="20210420 16:33:39.266"></status>
</kw>
<status status="PASS" starttime="20210420 16:33:39.171" endtime="20210420 16:33:39.267" critical="yes"></status>
</test>
<test id="s1-t9" name="TC_009_Validation_Enter Username_in_special_characters">
<kw name="Create Session" library="RequestsLibrary">
<doc>Create Session: create a HTTP session to a server</doc>
<arguments>
<arg>session</arg>
<arg>${on_demand_host_1}</arg>
</arguments>
<msg timestamp="20210420 16:33:39.269" level="INFO">Creating Session using : alias=session, url=http://app-4pl-authentication.drivs.staging.tel.internal, headers={},                     cookies={}, auth=None, timeout=None, proxies=None, verify=False,                     debug=0 </msg>
<status status="PASS" starttime="20210420 16:33:39.268" endtime="20210420 16:33:39.269"></status>
</kw>
<kw name="Create Dictionary" library="BuiltIn">
<doc>Creates and returns a dictionary based on the given ``items``.</doc>
<arguments>
<arg>Content-Type=${Content-Type}</arg>
</arguments>
<assign>
<var>${headers}</var>
</assign>
<msg timestamp="20210420 16:33:39.270" level="INFO">${headers} = {'Content-Type': 'application/json'}</msg>
<status status="PASS" starttime="20210420 16:33:39.269" endtime="20210420 16:33:39.270"></status>
</kw>
<kw name="Get File" library="OperatingSystem">
<doc>Returns the contents of a specified file.</doc>
<arguments>
<arg>TC_009_Validation_Enter Username_in_special_characters.json</arg>
</arguments>
<assign>
<var>${json_string}</var>
</assign>
<msg timestamp="20210420 16:33:39.271" level="INFO" html="yes">Getting file '&lt;a href="file:///Users/panuwitsupageeratirod/ondemand/Automation_Ondemand2.0/CPFresh_mart/API_LOGIN_DRIVER/Login_Driver/TC_009_Validation_Enter Username_in_special_characters.json"&gt;/Users/panuwitsupageeratirod/ondemand/Automation_Ondemand2.0/CPFresh_mart/API_LOGIN_DRIVER/Login_Driver/TC_009_Validation_Enter Username_in_special_characters.json&lt;/a&gt;'.</msg>
<msg timestamp="20210420 16:33:39.271" level="INFO">${json_string} = {
    "citizenId " : "&amp;%$&amp;",
     "Password" : "@Test0001"
     
     }</msg>
<status status="PASS" starttime="20210420 16:33:39.270" endtime="20210420 16:33:39.271"></status>
</kw>
<kw name="Post Request" library="RequestsLibrary">
<doc>Send a POST request on the session object found using the
given `alias`</doc>
<arguments>
<arg>session</arg>
<arg>${path_1}</arg>
<arg>data=${json_string}</arg>
<arg>headers=${headers}</arg>
</arguments>
<assign>
<var>${resp}</var>
</assign>
<msg timestamp="20210420 16:33:39.272" level="INFO">POST Request using : uri=/v1/auth/login-citizen-id, params=None, files=None, allow_redirects=True, timeout=None
headers={'User-Agent': 'python-requests/2.22.0', 'Accept-Encoding': 'gzip, deflate', 'Accept': '*/*', 'Connection': 'keep-alive', 'Content-Type': 'application/json'} 
data={
    "citizenId " : "&amp;%$&amp;",
     "Password" : "@Test0001"
     
     } 
json=None</msg>
<msg timestamp="20210420 16:33:39.348" level="INFO">${resp} = &lt;Response [400]&gt;</msg>
<status status="PASS" starttime="20210420 16:33:39.271" endtime="20210420 16:33:39.348"></status>
</kw>
<kw name="Set Variable" library="BuiltIn">
<doc>Returns the given values which can then be assigned to a variables.</doc>
<arguments>
<arg>${resp.status_code}</arg>
</arguments>
<assign>
<var>${http_status_res_code}</var>
</assign>
<msg timestamp="20210420 16:33:39.349" level="INFO">${http_status_res_code} = 400</msg>
<status status="PASS" starttime="20210420 16:33:39.348" endtime="20210420 16:33:39.349"></status>
</kw>
<kw name="Validation data should have required property citizenId and password" library="user_keywords_login">
<arguments>
<arg>${resp}</arg>
</arguments>
<kw name="Get From Dictionary" library="Collections">
<doc>Returns a value from the given ``dictionary`` based on the given ``key``.</doc>
<arguments>
<arg>${resp.json()["error"]}</arg>
<arg>message</arg>
</arguments>
<assign>
<var>${ResMessage}</var>
</assign>
<msg timestamp="20210420 16:33:39.350" level="INFO">${ResMessage} = data should have required property 'citizenId', data should have required property 'password'</msg>
<status status="PASS" starttime="20210420 16:33:39.350" endtime="20210420 16:33:39.350"></status>
</kw>
<kw name="Should Be Equal As Strings" library="BuiltIn">
<doc>Fails if objects are unequal after converting them to strings.</doc>
<arguments>
<arg>${ResMessage}</arg>
<arg>data should have required property 'citizenId', data should have required property 'password'</arg>
</arguments>
<status status="PASS" starttime="20210420 16:33:39.350" endtime="20210420 16:33:39.351"></status>
</kw>
<status status="PASS" starttime="20210420 16:33:39.349" endtime="20210420 16:33:39.351"></status>
</kw>
<status status="PASS" starttime="20210420 16:33:39.267" endtime="20210420 16:33:39.351" critical="yes"></status>
</test>
<test id="s1-t10" name="TC_010_Validation_Enter_Password_in_characters">
<kw name="Create Session" library="RequestsLibrary">
<doc>Create Session: create a HTTP session to a server</doc>
<arguments>
<arg>session</arg>
<arg>${on_demand_host_1}</arg>
</arguments>
<msg timestamp="20210420 16:33:39.352" level="INFO">Creating Session using : alias=session, url=http://app-4pl-authentication.drivs.staging.tel.internal, headers={},                     cookies={}, auth=None, timeout=None, proxies=None, verify=False,                     debug=0 </msg>
<status status="PASS" starttime="20210420 16:33:39.352" endtime="20210420 16:33:39.352"></status>
</kw>
<kw name="Create Dictionary" library="BuiltIn">
<doc>Creates and returns a dictionary based on the given ``items``.</doc>
<arguments>
<arg>Content-Type=${Content-Type}</arg>
</arguments>
<assign>
<var>${headers}</var>
</assign>
<msg timestamp="20210420 16:33:39.353" level="INFO">${headers} = {'Content-Type': 'application/json'}</msg>
<status status="PASS" starttime="20210420 16:33:39.352" endtime="20210420 16:33:39.353"></status>
</kw>
<kw name="Get File" library="OperatingSystem">
<doc>Returns the contents of a specified file.</doc>
<arguments>
<arg>TC_010_Validation_Enter_Password_in_characters.json</arg>
</arguments>
<assign>
<var>${json_string}</var>
</assign>
<msg timestamp="20210420 16:33:39.354" level="INFO" html="yes">Getting file '&lt;a href="file:///Users/panuwitsupageeratirod/ondemand/Automation_Ondemand2.0/CPFresh_mart/API_LOGIN_DRIVER/Login_Driver/TC_010_Validation_Enter_Password_in_characters.json"&gt;/Users/panuwitsupageeratirod/ondemand/Automation_Ondemand2.0/CPFresh_mart/API_LOGIN_DRIVER/Login_Driver/TC_010_Validation_Enter_Password_in_characters.json&lt;/a&gt;'.</msg>
<msg timestamp="20210420 16:33:39.355" level="INFO">${json_string} = {
    "citizenId"  : "100000000001" ,
     "Password" : "jsasd"
}
    
     </msg>
<status status="PASS" starttime="20210420 16:33:39.354" endtime="20210420 16:33:39.355"></status>
</kw>
<kw name="Post Request" library="RequestsLibrary">
<doc>Send a POST request on the session object found using the
given `alias`</doc>
<arguments>
<arg>session</arg>
<arg>${path_1}</arg>
<arg>data=${json_string}</arg>
<arg>headers=${headers}</arg>
</arguments>
<assign>
<var>${resp}</var>
</assign>
<msg timestamp="20210420 16:33:39.355" level="INFO">POST Request using : uri=/v1/auth/login-citizen-id, params=None, files=None, allow_redirects=True, timeout=None
headers={'User-Agent': 'python-requests/2.22.0', 'Accept-Encoding': 'gzip, deflate', 'Accept': '*/*', 'Connection': 'keep-alive', 'Content-Type': 'application/json'} 
data={
    "citizenId"  : "100000000001" ,
     "Password" : "jsasd"
}
    
      
json=None</msg>
<msg timestamp="20210420 16:33:39.448" level="INFO">${resp} = &lt;Response [400]&gt;</msg>
<status status="PASS" starttime="20210420 16:33:39.355" endtime="20210420 16:33:39.448"></status>
</kw>
<kw name="Set Variable" library="BuiltIn">
<doc>Returns the given values which can then be assigned to a variables.</doc>
<arguments>
<arg>${resp.status_code}</arg>
</arguments>
<assign>
<var>${http_status_res_code}</var>
</assign>
<msg timestamp="20210420 16:33:39.449" level="INFO">${http_status_res_code} = 400</msg>
<status status="PASS" starttime="20210420 16:33:39.448" endtime="20210420 16:33:39.449"></status>
</kw>
<kw name="Validation data should have required property 'password'" library="user_keywords_login">
<arguments>
<arg>${resp}</arg>
</arguments>
<kw name="Get From Dictionary" library="Collections">
<doc>Returns a value from the given ``dictionary`` based on the given ``key``.</doc>
<arguments>
<arg>${resp.json()["error"]}</arg>
<arg>message</arg>
</arguments>
<assign>
<var>${ResMessage}</var>
</assign>
<msg timestamp="20210420 16:33:39.450" level="INFO">${ResMessage} = data should have required property 'password'</msg>
<status status="PASS" starttime="20210420 16:33:39.449" endtime="20210420 16:33:39.450"></status>
</kw>
<kw name="Should Be Equal As Strings" library="BuiltIn">
<doc>Fails if objects are unequal after converting them to strings.</doc>
<arguments>
<arg>${ResMessage}</arg>
<arg>data should have required property 'password'</arg>
</arguments>
<status status="PASS" starttime="20210420 16:33:39.450" endtime="20210420 16:33:39.450"></status>
</kw>
<status status="PASS" starttime="20210420 16:33:39.449" endtime="20210420 16:33:39.450"></status>
</kw>
<status status="PASS" starttime="20210420 16:33:39.351" endtime="20210420 16:33:39.451" critical="yes"></status>
</test>
<test id="s1-t11" name="TC_011_Validation_Enter_Password_in_special_characters">
<kw name="Create Session" library="RequestsLibrary">
<doc>Create Session: create a HTTP session to a server</doc>
<arguments>
<arg>session</arg>
<arg>${on_demand_host_1}</arg>
</arguments>
<msg timestamp="20210420 16:33:39.453" level="INFO">Creating Session using : alias=session, url=http://app-4pl-authentication.drivs.staging.tel.internal, headers={},                     cookies={}, auth=None, timeout=None, proxies=None, verify=False,                     debug=0 </msg>
<status status="PASS" starttime="20210420 16:33:39.452" endtime="20210420 16:33:39.453"></status>
</kw>
<kw name="Create Dictionary" library="BuiltIn">
<doc>Creates and returns a dictionary based on the given ``items``.</doc>
<arguments>
<arg>Content-Type=${Content-Type}</arg>
</arguments>
<assign>
<var>${headers}</var>
</assign>
<msg timestamp="20210420 16:33:39.454" level="INFO">${headers} = {'Content-Type': 'application/json'}</msg>
<status status="PASS" starttime="20210420 16:33:39.453" endtime="20210420 16:33:39.454"></status>
</kw>
<kw name="Get File" library="OperatingSystem">
<doc>Returns the contents of a specified file.</doc>
<arguments>
<arg>TC_011_Validation_Enter_Password_in_special_characters.json</arg>
</arguments>
<assign>
<var>${json_string}</var>
</assign>
<msg timestamp="20210420 16:33:39.454" level="INFO" html="yes">Getting file '&lt;a href="file:///Users/panuwitsupageeratirod/ondemand/Automation_Ondemand2.0/CPFresh_mart/API_LOGIN_DRIVER/Login_Driver/TC_011_Validation_Enter_Password_in_special_characters.json"&gt;/Users/panuwitsupageeratirod/ondemand/Automation_Ondemand2.0/CPFresh_mart/API_LOGIN_DRIVER/Login_Driver/TC_011_Validation_Enter_Password_in_special_characters.json&lt;/a&gt;'.</msg>
<msg timestamp="20210420 16:33:39.454" level="INFO">${json_string} = {
    "citizenId"  : "100000000001" ,
    "Password" : "$#%&amp;("
    
     }
    </msg>
<status status="PASS" starttime="20210420 16:33:39.454" endtime="20210420 16:33:39.454"></status>
</kw>
<kw name="Post Request" library="RequestsLibrary">
<doc>Send a POST request on the session object found using the
given `alias`</doc>
<arguments>
<arg>session</arg>
<arg>${path_1}</arg>
<arg>data=${json_string}</arg>
<arg>headers=${headers}</arg>
</arguments>
<assign>
<var>${resp}</var>
</assign>
<msg timestamp="20210420 16:33:39.455" level="INFO">POST Request using : uri=/v1/auth/login-citizen-id, params=None, files=None, allow_redirects=True, timeout=None
headers={'User-Agent': 'python-requests/2.22.0', 'Accept-Encoding': 'gzip, deflate', 'Accept': '*/*', 'Connection': 'keep-alive', 'Content-Type': 'application/json'} 
data={
    "citizenId"  : "100000000001" ,
    "Password" : "$#%&amp;("
    
     }
     
json=None</msg>
<msg timestamp="20210420 16:33:39.534" level="INFO">${resp} = &lt;Response [400]&gt;</msg>
<status status="PASS" starttime="20210420 16:33:39.455" endtime="20210420 16:33:39.534"></status>
</kw>
<kw name="Set Variable" library="BuiltIn">
<doc>Returns the given values which can then be assigned to a variables.</doc>
<arguments>
<arg>${resp.status_code}</arg>
</arguments>
<assign>
<var>${http_status_res_code}</var>
</assign>
<msg timestamp="20210420 16:33:39.535" level="INFO">${http_status_res_code} = 400</msg>
<status status="PASS" starttime="20210420 16:33:39.534" endtime="20210420 16:33:39.535"></status>
</kw>
<kw name="Validation data should have required property 'password'" library="user_keywords_login">
<arguments>
<arg>${resp}</arg>
</arguments>
<kw name="Get From Dictionary" library="Collections">
<doc>Returns a value from the given ``dictionary`` based on the given ``key``.</doc>
<arguments>
<arg>${resp.json()["error"]}</arg>
<arg>message</arg>
</arguments>
<assign>
<var>${ResMessage}</var>
</assign>
<msg timestamp="20210420 16:33:39.536" level="INFO">${ResMessage} = data should have required property 'password'</msg>
<status status="PASS" starttime="20210420 16:33:39.536" endtime="20210420 16:33:39.536"></status>
</kw>
<kw name="Should Be Equal As Strings" library="BuiltIn">
<doc>Fails if objects are unequal after converting them to strings.</doc>
<arguments>
<arg>${ResMessage}</arg>
<arg>data should have required property 'password'</arg>
</arguments>
<status status="PASS" starttime="20210420 16:33:39.536" endtime="20210420 16:33:39.537"></status>
</kw>
<status status="PASS" starttime="20210420 16:33:39.535" endtime="20210420 16:33:39.537"></status>
</kw>
<status status="PASS" starttime="20210420 16:33:39.452" endtime="20210420 16:33:39.537" critical="yes"></status>
</test>
<test id="s1-t12" name="TC_012_Validation_Verify_type_Username_type_int">
<kw name="Create Session" library="RequestsLibrary">
<doc>Create Session: create a HTTP session to a server</doc>
<arguments>
<arg>session</arg>
<arg>${on_demand_host_1}</arg>
</arguments>
<msg timestamp="20210420 16:33:39.538" level="INFO">Creating Session using : alias=session, url=http://app-4pl-authentication.drivs.staging.tel.internal, headers={},                     cookies={}, auth=None, timeout=None, proxies=None, verify=False,                     debug=0 </msg>
<status status="PASS" starttime="20210420 16:33:39.538" endtime="20210420 16:33:39.539"></status>
</kw>
<kw name="Create Dictionary" library="BuiltIn">
<doc>Creates and returns a dictionary based on the given ``items``.</doc>
<arguments>
<arg>Content-Type=${Content-Type}</arg>
</arguments>
<assign>
<var>${headers}</var>
</assign>
<msg timestamp="20210420 16:33:39.539" level="INFO">${headers} = {'Content-Type': 'application/json'}</msg>
<status status="PASS" starttime="20210420 16:33:39.539" endtime="20210420 16:33:39.539"></status>
</kw>
<kw name="Get File" library="OperatingSystem">
<doc>Returns the contents of a specified file.</doc>
<arguments>
<arg>TC_012_Validation_Verify_type_Username_type_int.json</arg>
</arguments>
<assign>
<var>${json_string}</var>
</assign>
<msg timestamp="20210420 16:33:39.540" level="INFO" html="yes">Getting file '&lt;a href="file:///Users/panuwitsupageeratirod/ondemand/Automation_Ondemand2.0/CPFresh_mart/API_LOGIN_DRIVER/Login_Driver/TC_012_Validation_Verify_type_Username_type_int.json"&gt;/Users/panuwitsupageeratirod/ondemand/Automation_Ondemand2.0/CPFresh_mart/API_LOGIN_DRIVER/Login_Driver/TC_012_Validation_Verify_type_Username_type_int.json&lt;/a&gt;'.</msg>
<msg timestamp="20210420 16:33:39.540" level="INFO">${json_string} = {
    "citizenId" : 100000000001,
    "Password" :  "@Test0001"

}</msg>
<status status="PASS" starttime="20210420 16:33:39.539" endtime="20210420 16:33:39.540"></status>
</kw>
<kw name="Post Request" library="RequestsLibrary">
<doc>Send a POST request on the session object found using the
given `alias`</doc>
<arguments>
<arg>session</arg>
<arg>${path_1}</arg>
<arg>data=${json_string}</arg>
<arg>headers=${headers}</arg>
</arguments>
<assign>
<var>${resp}</var>
</assign>
<msg timestamp="20210420 16:33:39.542" level="INFO">POST Request using : uri=/v1/auth/login-citizen-id, params=None, files=None, allow_redirects=True, timeout=None
headers={'User-Agent': 'python-requests/2.22.0', 'Accept-Encoding': 'gzip, deflate', 'Accept': '*/*', 'Connection': 'keep-alive', 'Content-Type': 'application/json'} 
data={
    "citizenId" : 100000000001,
    "Password" :  "@Test0001"

} 
json=None</msg>
<msg timestamp="20210420 16:33:39.620" level="INFO">${resp} = &lt;Response [400]&gt;</msg>
<status status="PASS" starttime="20210420 16:33:39.541" endtime="20210420 16:33:39.621"></status>
</kw>
<kw name="Set Variable" library="BuiltIn">
<doc>Returns the given values which can then be assigned to a variables.</doc>
<arguments>
<arg>${resp.status_code}</arg>
</arguments>
<assign>
<var>${http_status_res_code}</var>
</assign>
<msg timestamp="20210420 16:33:39.622" level="INFO">${http_status_res_code} = 400</msg>
<status status="PASS" starttime="20210420 16:33:39.621" endtime="20210420 16:33:39.622"></status>
</kw>
<kw name="data/citizenId should be string, data should have required property 'password'" library="user_keywords_login">
<arguments>
<arg>${resp}</arg>
</arguments>
<kw name="Get From Dictionary" library="Collections">
<doc>Returns a value from the given ``dictionary`` based on the given ``key``.</doc>
<arguments>
<arg>${resp.json()["error"]}</arg>
<arg>message</arg>
</arguments>
<assign>
<var>${ResMessage}</var>
</assign>
<msg timestamp="20210420 16:33:39.624" level="INFO">${ResMessage} = data/citizenId should be string, data should have required property 'password'</msg>
<status status="PASS" starttime="20210420 16:33:39.623" endtime="20210420 16:33:39.624"></status>
</kw>
<kw name="Should Be Equal As Strings" library="BuiltIn">
<doc>Fails if objects are unequal after converting them to strings.</doc>
<arguments>
<arg>${ResMessage}</arg>
<arg>data/citizenId should be string, data should have required property 'password'</arg>
</arguments>
<status status="PASS" starttime="20210420 16:33:39.624" endtime="20210420 16:33:39.624"></status>
</kw>
<status status="PASS" starttime="20210420 16:33:39.622" endtime="20210420 16:33:39.624"></status>
</kw>
<status status="PASS" starttime="20210420 16:33:39.537" endtime="20210420 16:33:39.625" critical="yes"></status>
</test>
<test id="s1-t13" name="TC_013_Validation_Verify_type_double">
<kw name="Create Session" library="RequestsLibrary">
<doc>Create Session: create a HTTP session to a server</doc>
<arguments>
<arg>session</arg>
<arg>${on_demand_host_1}</arg>
</arguments>
<msg timestamp="20210420 16:33:39.626" level="INFO">Creating Session using : alias=session, url=http://app-4pl-authentication.drivs.staging.tel.internal, headers={},                     cookies={}, auth=None, timeout=None, proxies=None, verify=False,                     debug=0 </msg>
<status status="PASS" starttime="20210420 16:33:39.626" endtime="20210420 16:33:39.627"></status>
</kw>
<kw name="Create Dictionary" library="BuiltIn">
<doc>Creates and returns a dictionary based on the given ``items``.</doc>
<arguments>
<arg>Content-Type=${Content-Type}</arg>
</arguments>
<assign>
<var>${headers}</var>
</assign>
<msg timestamp="20210420 16:33:39.628" level="INFO">${headers} = {'Content-Type': 'application/json'}</msg>
<status status="PASS" starttime="20210420 16:33:39.627" endtime="20210420 16:33:39.628"></status>
</kw>
<kw name="Get File" library="OperatingSystem">
<doc>Returns the contents of a specified file.</doc>
<arguments>
<arg>TC_013_Validation_Verify_type_double.json</arg>
</arguments>
<assign>
<var>${json_string}</var>
</assign>
<msg timestamp="20210420 16:33:39.630" level="INFO" html="yes">Getting file '&lt;a href="file:///Users/panuwitsupageeratirod/ondemand/Automation_Ondemand2.0/CPFresh_mart/API_LOGIN_DRIVER/Login_Driver/TC_013_Validation_Verify_type_double.json"&gt;/Users/panuwitsupageeratirod/ondemand/Automation_Ondemand2.0/CPFresh_mart/API_LOGIN_DRIVER/Login_Driver/TC_013_Validation_Verify_type_double.json&lt;/a&gt;'.</msg>
<msg timestamp="20210420 16:33:39.630" level="INFO">${json_string} = {
    "citizenId" : 100000000001.00,
    "Password" :  "@Test0001"

}</msg>
<status status="PASS" starttime="20210420 16:33:39.629" endtime="20210420 16:33:39.630"></status>
</kw>
<kw name="Post Request" library="RequestsLibrary">
<doc>Send a POST request on the session object found using the
given `alias`</doc>
<arguments>
<arg>session</arg>
<arg>${path_1}</arg>
<arg>data=${json_string}</arg>
<arg>headers=${headers}</arg>
</arguments>
<assign>
<var>${resp}</var>
</assign>
<msg timestamp="20210420 16:33:39.632" level="INFO">POST Request using : uri=/v1/auth/login-citizen-id, params=None, files=None, allow_redirects=True, timeout=None
headers={'User-Agent': 'python-requests/2.22.0', 'Accept-Encoding': 'gzip, deflate', 'Accept': '*/*', 'Connection': 'keep-alive', 'Content-Type': 'application/json'} 
data={
    "citizenId" : 100000000001.00,
    "Password" :  "@Test0001"

} 
json=None</msg>
<msg timestamp="20210420 16:33:39.713" level="INFO">${resp} = &lt;Response [400]&gt;</msg>
<status status="PASS" starttime="20210420 16:33:39.631" endtime="20210420 16:33:39.713"></status>
</kw>
<kw name="Set Variable" library="BuiltIn">
<doc>Returns the given values which can then be assigned to a variables.</doc>
<arguments>
<arg>${resp.status_code}</arg>
</arguments>
<assign>
<var>${http_status_res_code}</var>
</assign>
<msg timestamp="20210420 16:33:39.714" level="INFO">${http_status_res_code} = 400</msg>
<status status="PASS" starttime="20210420 16:33:39.713" endtime="20210420 16:33:39.714"></status>
</kw>
<kw name="data/citizenId should be string, data should have required property 'password'" library="user_keywords_login">
<arguments>
<arg>${resp}</arg>
</arguments>
<kw name="Get From Dictionary" library="Collections">
<doc>Returns a value from the given ``dictionary`` based on the given ``key``.</doc>
<arguments>
<arg>${resp.json()["error"]}</arg>
<arg>message</arg>
</arguments>
<assign>
<var>${ResMessage}</var>
</assign>
<msg timestamp="20210420 16:33:39.715" level="INFO">${ResMessage} = data/citizenId should be string, data should have required property 'password'</msg>
<status status="PASS" starttime="20210420 16:33:39.714" endtime="20210420 16:33:39.715"></status>
</kw>
<kw name="Should Be Equal As Strings" library="BuiltIn">
<doc>Fails if objects are unequal after converting them to strings.</doc>
<arguments>
<arg>${ResMessage}</arg>
<arg>data/citizenId should be string, data should have required property 'password'</arg>
</arguments>
<status status="PASS" starttime="20210420 16:33:39.715" endtime="20210420 16:33:39.715"></status>
</kw>
<status status="PASS" starttime="20210420 16:33:39.714" endtime="20210420 16:33:39.716"></status>
</kw>
<status status="PASS" starttime="20210420 16:33:39.625" endtime="20210420 16:33:39.716" critical="yes"></status>
</test>
<test id="s1-t14" name="TC_014_Validation_Verify_type_Password_type_int">
<kw name="Create Session" library="RequestsLibrary">
<doc>Create Session: create a HTTP session to a server</doc>
<arguments>
<arg>session</arg>
<arg>${on_demand_host_1}</arg>
</arguments>
<msg timestamp="20210420 16:33:39.717" level="INFO">Creating Session using : alias=session, url=http://app-4pl-authentication.drivs.staging.tel.internal, headers={},                     cookies={}, auth=None, timeout=None, proxies=None, verify=False,                     debug=0 </msg>
<status status="PASS" starttime="20210420 16:33:39.717" endtime="20210420 16:33:39.718"></status>
</kw>
<kw name="Create Dictionary" library="BuiltIn">
<doc>Creates and returns a dictionary based on the given ``items``.</doc>
<arguments>
<arg>Content-Type=${Content-Type}</arg>
</arguments>
<assign>
<var>${headers}</var>
</assign>
<msg timestamp="20210420 16:33:39.719" level="INFO">${headers} = {'Content-Type': 'application/json'}</msg>
<status status="PASS" starttime="20210420 16:33:39.718" endtime="20210420 16:33:39.719"></status>
</kw>
<kw name="Get File" library="OperatingSystem">
<doc>Returns the contents of a specified file.</doc>
<arguments>
<arg>TC_014_Validation_Verify_type_Password_type_int.json</arg>
</arguments>
<assign>
<var>${json_string}</var>
</assign>
<msg timestamp="20210420 16:33:39.720" level="INFO" html="yes">Getting file '&lt;a href="file:///Users/panuwitsupageeratirod/ondemand/Automation_Ondemand2.0/CPFresh_mart/API_LOGIN_DRIVER/Login_Driver/TC_014_Validation_Verify_type_Password_type_int.json"&gt;/Users/panuwitsupageeratirod/ondemand/Automation_Ondemand2.0/CPFresh_mart/API_LOGIN_DRIVER/Login_Driver/TC_014_Validation_Verify_type_Password_type_int.json&lt;/a&gt;'.</msg>
<msg timestamp="20210420 16:33:39.720" level="INFO">${json_string} = {
    "citizenId" : "100000000001",
    "Password" : 1

}</msg>
<status status="PASS" starttime="20210420 16:33:39.719" endtime="20210420 16:33:39.720"></status>
</kw>
<kw name="Post Request" library="RequestsLibrary">
<doc>Send a POST request on the session object found using the
given `alias`</doc>
<arguments>
<arg>session</arg>
<arg>${path_1}</arg>
<arg>data=${json_string}</arg>
<arg>headers=${headers}</arg>
</arguments>
<assign>
<var>${resp}</var>
</assign>
<msg timestamp="20210420 16:33:39.721" level="INFO">POST Request using : uri=/v1/auth/login-citizen-id, params=None, files=None, allow_redirects=True, timeout=None
headers={'User-Agent': 'python-requests/2.22.0', 'Accept-Encoding': 'gzip, deflate', 'Accept': '*/*', 'Connection': 'keep-alive', 'Content-Type': 'application/json'} 
data={
    "citizenId" : "100000000001",
    "Password" : 1

} 
json=None</msg>
<msg timestamp="20210420 16:33:39.799" level="INFO">${resp} = &lt;Response [400]&gt;</msg>
<status status="PASS" starttime="20210420 16:33:39.720" endtime="20210420 16:33:39.799"></status>
</kw>
<kw name="Set Variable" library="BuiltIn">
<doc>Returns the given values which can then be assigned to a variables.</doc>
<arguments>
<arg>${resp.status_code}</arg>
</arguments>
<assign>
<var>${http_status_res_code}</var>
</assign>
<msg timestamp="20210420 16:33:39.800" level="INFO">${http_status_res_code} = 400</msg>
<status status="PASS" starttime="20210420 16:33:39.799" endtime="20210420 16:33:39.800"></status>
</kw>
<kw name="Validation data should have required property 'password'" library="user_keywords_login">
<arguments>
<arg>${resp}</arg>
</arguments>
<kw name="Get From Dictionary" library="Collections">
<doc>Returns a value from the given ``dictionary`` based on the given ``key``.</doc>
<arguments>
<arg>${resp.json()["error"]}</arg>
<arg>message</arg>
</arguments>
<assign>
<var>${ResMessage}</var>
</assign>
<msg timestamp="20210420 16:33:39.802" level="INFO">${ResMessage} = data should have required property 'password'</msg>
<status status="PASS" starttime="20210420 16:33:39.801" endtime="20210420 16:33:39.802"></status>
</kw>
<kw name="Should Be Equal As Strings" library="BuiltIn">
<doc>Fails if objects are unequal after converting them to strings.</doc>
<arguments>
<arg>${ResMessage}</arg>
<arg>data should have required property 'password'</arg>
</arguments>
<status status="PASS" starttime="20210420 16:33:39.802" endtime="20210420 16:33:39.802"></status>
</kw>
<status status="PASS" starttime="20210420 16:33:39.800" endtime="20210420 16:33:39.802"></status>
</kw>
<status status="PASS" starttime="20210420 16:33:39.716" endtime="20210420 16:33:39.803" critical="yes"></status>
</test>
<test id="s1-t15" name="TC_015_Validation_Verify_type_Password_type_doble">
<kw name="Create Session" library="RequestsLibrary">
<doc>Create Session: create a HTTP session to a server</doc>
<arguments>
<arg>session</arg>
<arg>${on_demand_host_1}</arg>
</arguments>
<msg timestamp="20210420 16:33:39.804" level="INFO">Creating Session using : alias=session, url=http://app-4pl-authentication.drivs.staging.tel.internal, headers={},                     cookies={}, auth=None, timeout=None, proxies=None, verify=False,                     debug=0 </msg>
<status status="PASS" starttime="20210420 16:33:39.804" endtime="20210420 16:33:39.805"></status>
</kw>
<kw name="Create Dictionary" library="BuiltIn">
<doc>Creates and returns a dictionary based on the given ``items``.</doc>
<arguments>
<arg>Content-Type=${Content-Type}</arg>
</arguments>
<assign>
<var>${headers}</var>
</assign>
<msg timestamp="20210420 16:33:39.805" level="INFO">${headers} = {'Content-Type': 'application/json'}</msg>
<status status="PASS" starttime="20210420 16:33:39.805" endtime="20210420 16:33:39.805"></status>
</kw>
<kw name="Get File" library="OperatingSystem">
<doc>Returns the contents of a specified file.</doc>
<arguments>
<arg>TC_015_Validation_Verify_type_Password_type_doble.json</arg>
</arguments>
<assign>
<var>${json_string}</var>
</assign>
<msg timestamp="20210420 16:33:39.806" level="INFO" html="yes">Getting file '&lt;a href="file:///Users/panuwitsupageeratirod/ondemand/Automation_Ondemand2.0/CPFresh_mart/API_LOGIN_DRIVER/Login_Driver/TC_015_Validation_Verify_type_Password_type_doble.json"&gt;/Users/panuwitsupageeratirod/ondemand/Automation_Ondemand2.0/CPFresh_mart/API_LOGIN_DRIVER/Login_Driver/TC_015_Validation_Verify_type_Password_type_doble.json&lt;/a&gt;'.</msg>
<msg timestamp="20210420 16:33:39.806" level="INFO">${json_string} = {
    "citizenId" : "100000000001",
    "Password" : 1.00

}</msg>
<status status="PASS" starttime="20210420 16:33:39.806" endtime="20210420 16:33:39.806"></status>
</kw>
<kw name="Post Request" library="RequestsLibrary">
<doc>Send a POST request on the session object found using the
given `alias`</doc>
<arguments>
<arg>session</arg>
<arg>${path_1}</arg>
<arg>data=${json_string}</arg>
<arg>headers=${headers}</arg>
</arguments>
<assign>
<var>${resp}</var>
</assign>
<msg timestamp="20210420 16:33:39.807" level="INFO">POST Request using : uri=/v1/auth/login-citizen-id, params=None, files=None, allow_redirects=True, timeout=None
headers={'User-Agent': 'python-requests/2.22.0', 'Accept-Encoding': 'gzip, deflate', 'Accept': '*/*', 'Connection': 'keep-alive', 'Content-Type': 'application/json'} 
data={
    "citizenId" : "100000000001",
    "Password" : 1.00

} 
json=None</msg>
<msg timestamp="20210420 16:33:39.883" level="INFO">${resp} = &lt;Response [400]&gt;</msg>
<status status="PASS" starttime="20210420 16:33:39.806" endtime="20210420 16:33:39.883"></status>
</kw>
<kw name="Set Variable" library="BuiltIn">
<doc>Returns the given values which can then be assigned to a variables.</doc>
<arguments>
<arg>${resp.status_code}</arg>
</arguments>
<assign>
<var>${http_status_res_code}</var>
</assign>
<msg timestamp="20210420 16:33:39.884" level="INFO">${http_status_res_code} = 400</msg>
<status status="PASS" starttime="20210420 16:33:39.884" endtime="20210420 16:33:39.884"></status>
</kw>
<kw name="Validation data should have required property 'password'" library="user_keywords_login">
<arguments>
<arg>${resp}</arg>
</arguments>
<kw name="Get From Dictionary" library="Collections">
<doc>Returns a value from the given ``dictionary`` based on the given ``key``.</doc>
<arguments>
<arg>${resp.json()["error"]}</arg>
<arg>message</arg>
</arguments>
<assign>
<var>${ResMessage}</var>
</assign>
<msg timestamp="20210420 16:33:39.885" level="INFO">${ResMessage} = data should have required property 'password'</msg>
<status status="PASS" starttime="20210420 16:33:39.885" endtime="20210420 16:33:39.885"></status>
</kw>
<kw name="Should Be Equal As Strings" library="BuiltIn">
<doc>Fails if objects are unequal after converting them to strings.</doc>
<arguments>
<arg>${ResMessage}</arg>
<arg>data should have required property 'password'</arg>
</arguments>
<status status="PASS" starttime="20210420 16:33:39.886" endtime="20210420 16:33:39.886"></status>
</kw>
<status status="PASS" starttime="20210420 16:33:39.885" endtime="20210420 16:33:39.886"></status>
</kw>
<status status="PASS" starttime="20210420 16:33:39.803" endtime="20210420 16:33:39.886" critical="yes"></status>
</test>
<status status="PASS" starttime="20210420 16:33:38.083" endtime="20210420 16:33:39.887"></status>
</suite>
<statistics>
<total>
<stat pass="15" fail="0">Critical Tests</stat>
<stat pass="15" fail="0">All Tests</stat>
</total>
<tag>
</tag>
<suite>
<stat pass="15" fail="0" id="s1" name="Login">Login</stat>
</suite>
</statistics>
<errors>
</errors>
</robot>
