<?xml version="1.0" encoding="UTF-8"?>
<robot generator="Robot 3.1.2 (Python 3.7.4 on darwin)" generated="20210420 16:47:51.715" rpa="false">
<suite id="s1" name="Login" source="/Users/panuwitsupageeratirod/ondemand/Automation_Ondemand2.0/CPFresh_mart/API_LOGIN_DRIVER/Login_Driver/Login.robot">
<test id="s1-t1" name="TC_006_Validation_Verify_character_limit">
<kw name="Create Session" library="RequestsLibrary">
<doc>Create Session: create a HTTP session to a server</doc>
<arguments>
<arg>session</arg>
<arg>${on_demand_host_1}</arg>
</arguments>
<msg timestamp="20210420 16:47:52.449" level="INFO">Creating Session using : alias=session, url=http://app-4pl-authentication.drivs.staging.tel.internal, headers={},                     cookies={}, auth=None, timeout=None, proxies=None, verify=False,                     debug=0 </msg>
<status status="PASS" starttime="20210420 16:47:52.449" endtime="20210420 16:47:52.450"></status>
</kw>
<kw name="Create Dictionary" library="BuiltIn">
<doc>Creates and returns a dictionary based on the given ``items``.</doc>
<arguments>
<arg>Content-Type=${Content-Type}</arg>
</arguments>
<assign>
<var>${headers}</var>
</assign>
<msg timestamp="20210420 16:47:52.450" level="INFO">${headers} = {'Content-Type': 'application/json'}</msg>
<status status="PASS" starttime="20210420 16:47:52.450" endtime="20210420 16:47:52.450"></status>
</kw>
<kw name="Get File" library="OperatingSystem">
<doc>Returns the contents of a specified file.</doc>
<arguments>
<arg>TC_006_Validation_Verify_character_limit.json</arg>
</arguments>
<assign>
<var>${json_string}</var>
</assign>
<msg timestamp="20210420 16:47:52.451" level="INFO" html="yes">Getting file '&lt;a href="file:///Users/panuwitsupageeratirod/ondemand/Automation_Ondemand2.0/CPFresh_mart/API_LOGIN_DRIVER/Login_Driver/TC_006_Validation_Verify_character_limit.json"&gt;/Users/panuwitsupageeratirod/ondemand/Automation_Ondemand2.0/CPFresh_mart/API_LOGIN_DRIVER/Login_Driver/TC_006_Validation_Verify_character_limit.json&lt;/a&gt;'.</msg>
<msg timestamp="20210420 16:47:52.451" level="INFO">${json_string} = {
    "citizenId": "10000000000100000000000000000000",
    "Password":  "@Test000100000000000000"

}

</msg>
<status status="PASS" starttime="20210420 16:47:52.451" endtime="20210420 16:47:52.452"></status>
</kw>
<kw name="Post Request" library="RequestsLibrary">
<doc>Send a POST request on the session object found using the
given `alias`</doc>
<arguments>
<arg>session</arg>
<arg>${path_1}</arg>
<arg>data=${json_string}</arg>
<arg>headers=${headers}</arg>
</arguments>
<assign>
<var>${resp}</var>
</assign>
<msg timestamp="20210420 16:47:52.452" level="INFO">POST Request using : uri=/v1/auth/login-citizen-id, params=None, files=None, allow_redirects=True, timeout=None
headers={'User-Agent': 'python-requests/2.22.0', 'Accept-Encoding': 'gzip, deflate', 'Accept': '*/*', 'Connection': 'keep-alive', 'Content-Type': 'application/json'} 
data={
    "citizenId": "10000000000100000000000000000000",
    "Password":  "@Test000100000000000000"

}

 
json=None</msg>
<msg timestamp="20210420 16:47:52.593" level="INFO">${resp} = &lt;Response [400]&gt;</msg>
<status status="PASS" starttime="20210420 16:47:52.452" endtime="20210420 16:47:52.593"></status>
</kw>
<kw name="Set Variable" library="BuiltIn">
<doc>Returns the given values which can then be assigned to a variables.</doc>
<arguments>
<arg>${resp.status_code}</arg>
</arguments>
<assign>
<var>${http_status_res_code}</var>
</assign>
<msg timestamp="20210420 16:47:52.594" level="INFO">${http_status_res_code} = 400</msg>
<status status="PASS" starttime="20210420 16:47:52.594" endtime="20210420 16:47:52.594"></status>
</kw>
<kw name="Validation data should have required property 'password'" library="user_keywords_login">
<arguments>
<arg>${resp}</arg>
</arguments>
<kw name="Get From Dictionary" library="Collections">
<doc>Returns a value from the given ``dictionary`` based on the given ``key``.</doc>
<arguments>
<arg>${resp.json()["error"]}</arg>
<arg>message</arg>
</arguments>
<assign>
<var>${ResMessage}</var>
</assign>
<msg timestamp="20210420 16:47:52.596" level="INFO">${ResMessage} = data should have required property 'password'</msg>
<status status="PASS" starttime="20210420 16:47:52.595" endtime="20210420 16:47:52.596"></status>
</kw>
<kw name="Should Be Equal As Strings" library="BuiltIn">
<doc>Fails if objects are unequal after converting them to strings.</doc>
<arguments>
<arg>${ResMessage}</arg>
<arg>data should have required property 'password'</arg>
</arguments>
<status status="PASS" starttime="20210420 16:47:52.596" endtime="20210420 16:47:52.597"></status>
</kw>
<status status="PASS" starttime="20210420 16:47:52.594" endtime="20210420 16:47:52.597"></status>
</kw>
<status status="PASS" starttime="20210420 16:47:52.448" endtime="20210420 16:47:52.597" critical="yes"></status>
</test>
<test id="s1-t2" name="TC_007_Validation_Handles_case_sensitive">
<kw name="Create Session" library="RequestsLibrary">
<doc>Create Session: create a HTTP session to a server</doc>
<arguments>
<arg>session</arg>
<arg>${on_demand_host_1}</arg>
</arguments>
<msg timestamp="20210420 16:47:52.599" level="INFO">Creating Session using : alias=session, url=http://app-4pl-authentication.drivs.staging.tel.internal, headers={},                     cookies={}, auth=None, timeout=None, proxies=None, verify=False,                     debug=0 </msg>
<status status="PASS" starttime="20210420 16:47:52.598" endtime="20210420 16:47:52.599"></status>
</kw>
<kw name="Create Dictionary" library="BuiltIn">
<doc>Creates and returns a dictionary based on the given ``items``.</doc>
<arguments>
<arg>Content-Type=${Content-Type}</arg>
</arguments>
<assign>
<var>${headers}</var>
</assign>
<msg timestamp="20210420 16:47:52.600" level="INFO">${headers} = {'Content-Type': 'application/json'}</msg>
<status status="PASS" starttime="20210420 16:47:52.599" endtime="20210420 16:47:52.600"></status>
</kw>
<kw name="Get File" library="OperatingSystem">
<doc>Returns the contents of a specified file.</doc>
<arguments>
<arg>TC_007_Validation_Handles_case_sensitive.json</arg>
</arguments>
<assign>
<var>${json_string}</var>
</assign>
<msg timestamp="20210420 16:47:52.600" level="INFO" html="yes">Getting file '&lt;a href="file:///Users/panuwitsupageeratirod/ondemand/Automation_Ondemand2.0/CPFresh_mart/API_LOGIN_DRIVER/Login_Driver/TC_007_Validation_Handles_case_sensitive.json"&gt;/Users/panuwitsupageeratirod/ondemand/Automation_Ondemand2.0/CPFresh_mart/API_LOGIN_DRIVER/Login_Driver/TC_007_Validation_Handles_case_sensitive.json&lt;/a&gt;'.</msg>
<msg timestamp="20210420 16:47:52.610" level="INFO">${json_string} = {
"citizenId": "100000000001",
"Password":  "@TEST0001"
}</msg>
<status status="PASS" starttime="20210420 16:47:52.600" endtime="20210420 16:47:52.610"></status>
</kw>
<kw name="Post Request" library="RequestsLibrary">
<doc>Send a POST request on the session object found using the
given `alias`</doc>
<arguments>
<arg>session</arg>
<arg>${path_1}</arg>
<arg>data=${json_string}</arg>
<arg>headers=${headers}</arg>
</arguments>
<assign>
<var>${resp}</var>
</assign>
<msg timestamp="20210420 16:47:52.611" level="INFO">POST Request using : uri=/v1/auth/login-citizen-id, params=None, files=None, allow_redirects=True, timeout=None
headers={'User-Agent': 'python-requests/2.22.0', 'Accept-Encoding': 'gzip, deflate', 'Accept': '*/*', 'Connection': 'keep-alive', 'Content-Type': 'application/json'} 
data={
"citizenId": "100000000001",
"Password":  "@TEST0001"
} 
json=None</msg>
<msg timestamp="20210420 16:47:52.698" level="INFO">${resp} = &lt;Response [400]&gt;</msg>
<status status="PASS" starttime="20210420 16:47:52.610" endtime="20210420 16:47:52.698"></status>
</kw>
<kw name="Set Variable" library="BuiltIn">
<doc>Returns the given values which can then be assigned to a variables.</doc>
<arguments>
<arg>${resp.status_code}</arg>
</arguments>
<assign>
<var>${http_status_res_code}</var>
</assign>
<msg timestamp="20210420 16:47:52.698" level="INFO">${http_status_res_code} = 400</msg>
<status status="PASS" starttime="20210420 16:47:52.698" endtime="20210420 16:47:52.698"></status>
</kw>
<kw name="Validation data should have required property 'password'" library="user_keywords_login">
<arguments>
<arg>${resp}</arg>
</arguments>
<kw name="Get From Dictionary" library="Collections">
<doc>Returns a value from the given ``dictionary`` based on the given ``key``.</doc>
<arguments>
<arg>${resp.json()["error"]}</arg>
<arg>message</arg>
</arguments>
<assign>
<var>${ResMessage}</var>
</assign>
<msg timestamp="20210420 16:47:52.700" level="INFO">${ResMessage} = data should have required property 'password'</msg>
<status status="PASS" starttime="20210420 16:47:52.699" endtime="20210420 16:47:52.700"></status>
</kw>
<kw name="Should Be Equal As Strings" library="BuiltIn">
<doc>Fails if objects are unequal after converting them to strings.</doc>
<arguments>
<arg>${ResMessage}</arg>
<arg>data should have required property 'password'</arg>
</arguments>
<status status="PASS" starttime="20210420 16:47:52.700" endtime="20210420 16:47:52.700"></status>
</kw>
<status status="PASS" starttime="20210420 16:47:52.699" endtime="20210420 16:47:52.700"></status>
</kw>
<status status="PASS" starttime="20210420 16:47:52.598" endtime="20210420 16:47:52.701" critical="yes"></status>
</test>
<test id="s1-t3" name="TC_008_Validation_Enter_Username_in_characters">
<kw name="Create Session" library="RequestsLibrary">
<doc>Create Session: create a HTTP session to a server</doc>
<arguments>
<arg>session</arg>
<arg>${on_demand_host_1}</arg>
</arguments>
<msg timestamp="20210420 16:47:52.702" level="INFO">Creating Session using : alias=session, url=http://app-4pl-authentication.drivs.staging.tel.internal, headers={},                     cookies={}, auth=None, timeout=None, proxies=None, verify=False,                     debug=0 </msg>
<status status="PASS" starttime="20210420 16:47:52.702" endtime="20210420 16:47:52.702"></status>
</kw>
<kw name="Create Dictionary" library="BuiltIn">
<doc>Creates and returns a dictionary based on the given ``items``.</doc>
<arguments>
<arg>Content-Type=${Content-Type}</arg>
</arguments>
<assign>
<var>${headers}</var>
</assign>
<msg timestamp="20210420 16:47:52.703" level="INFO">${headers} = {'Content-Type': 'application/json'}</msg>
<status status="PASS" starttime="20210420 16:47:52.702" endtime="20210420 16:47:52.703"></status>
</kw>
<kw name="Get File" library="OperatingSystem">
<doc>Returns the contents of a specified file.</doc>
<arguments>
<arg>TC_008_Validation_Enter_Username_in_characters.json</arg>
</arguments>
<assign>
<var>${json_string}</var>
</assign>
<msg timestamp="20210420 16:47:52.704" level="INFO" html="yes">Getting file '&lt;a href="file:///Users/panuwitsupageeratirod/ondemand/Automation_Ondemand2.0/CPFresh_mart/API_LOGIN_DRIVER/Login_Driver/TC_008_Validation_Enter_Username_in_characters.json"&gt;/Users/panuwitsupageeratirod/ondemand/Automation_Ondemand2.0/CPFresh_mart/API_LOGIN_DRIVER/Login_Driver/TC_008_Validation_Enter_Username_in_characters.json&lt;/a&gt;'.</msg>
<msg timestamp="20210420 16:47:52.708" level="INFO">${json_string} = {
    "citizenId": "GGGG",
    "Password":  "@Test0001"

}</msg>
<status status="PASS" starttime="20210420 16:47:52.703" endtime="20210420 16:47:52.708"></status>
</kw>
<kw name="Post Request" library="RequestsLibrary">
<doc>Send a POST request on the session object found using the
given `alias`</doc>
<arguments>
<arg>session</arg>
<arg>${path_1}</arg>
<arg>data=${json_string}</arg>
<arg>headers=${headers}</arg>
</arguments>
<assign>
<var>${resp}</var>
</assign>
<msg timestamp="20210420 16:47:52.709" level="INFO">POST Request using : uri=/v1/auth/login-citizen-id, params=None, files=None, allow_redirects=True, timeout=None
headers={'User-Agent': 'python-requests/2.22.0', 'Accept-Encoding': 'gzip, deflate', 'Accept': '*/*', 'Connection': 'keep-alive', 'Content-Type': 'application/json'} 
data={
    "citizenId": "GGGG",
    "Password":  "@Test0001"

} 
json=None</msg>
<msg timestamp="20210420 16:47:52.790" level="INFO">${resp} = &lt;Response [400]&gt;</msg>
<status status="PASS" starttime="20210420 16:47:52.708" endtime="20210420 16:47:52.790"></status>
</kw>
<kw name="Set Variable" library="BuiltIn">
<doc>Returns the given values which can then be assigned to a variables.</doc>
<arguments>
<arg>${resp.status_code}</arg>
</arguments>
<assign>
<var>${http_status_res_code}</var>
</assign>
<msg timestamp="20210420 16:47:52.790" level="INFO">${http_status_res_code} = 400</msg>
<status status="PASS" starttime="20210420 16:47:52.790" endtime="20210420 16:47:52.790"></status>
</kw>
<kw name="Validation data should have required property 'password'" library="user_keywords_login">
<arguments>
<arg>${resp}</arg>
</arguments>
<kw name="Get From Dictionary" library="Collections">
<doc>Returns a value from the given ``dictionary`` based on the given ``key``.</doc>
<arguments>
<arg>${resp.json()["error"]}</arg>
<arg>message</arg>
</arguments>
<assign>
<var>${ResMessage}</var>
</assign>
<msg timestamp="20210420 16:47:52.791" level="INFO">${ResMessage} = data should have required property 'password'</msg>
<status status="PASS" starttime="20210420 16:47:52.791" endtime="20210420 16:47:52.791"></status>
</kw>
<kw name="Should Be Equal As Strings" library="BuiltIn">
<doc>Fails if objects are unequal after converting them to strings.</doc>
<arguments>
<arg>${ResMessage}</arg>
<arg>data should have required property 'password'</arg>
</arguments>
<status status="PASS" starttime="20210420 16:47:52.791" endtime="20210420 16:47:52.792"></status>
</kw>
<status status="PASS" starttime="20210420 16:47:52.791" endtime="20210420 16:47:52.792"></status>
</kw>
<status status="PASS" starttime="20210420 16:47:52.701" endtime="20210420 16:47:52.792" critical="yes"></status>
</test>
<test id="s1-t4" name="TC_009_Validation_Enter Username_in_special_characters">
<kw name="Create Session" library="RequestsLibrary">
<doc>Create Session: create a HTTP session to a server</doc>
<arguments>
<arg>session</arg>
<arg>${on_demand_host_1}</arg>
</arguments>
<msg timestamp="20210420 16:47:52.793" level="INFO">Creating Session using : alias=session, url=http://app-4pl-authentication.drivs.staging.tel.internal, headers={},                     cookies={}, auth=None, timeout=None, proxies=None, verify=False,                     debug=0 </msg>
<status status="PASS" starttime="20210420 16:47:52.793" endtime="20210420 16:47:52.793"></status>
</kw>
<kw name="Create Dictionary" library="BuiltIn">
<doc>Creates and returns a dictionary based on the given ``items``.</doc>
<arguments>
<arg>Content-Type=${Content-Type}</arg>
</arguments>
<assign>
<var>${headers}</var>
</assign>
<msg timestamp="20210420 16:47:52.794" level="INFO">${headers} = {'Content-Type': 'application/json'}</msg>
<status status="PASS" starttime="20210420 16:47:52.793" endtime="20210420 16:47:52.794"></status>
</kw>
<kw name="Get File" library="OperatingSystem">
<doc>Returns the contents of a specified file.</doc>
<arguments>
<arg>TC_009_Validation_Enter Username_in_special_characters.json</arg>
</arguments>
<assign>
<var>${json_string}</var>
</assign>
<msg timestamp="20210420 16:47:52.794" level="INFO" html="yes">Getting file '&lt;a href="file:///Users/panuwitsupageeratirod/ondemand/Automation_Ondemand2.0/CPFresh_mart/API_LOGIN_DRIVER/Login_Driver/TC_009_Validation_Enter Username_in_special_characters.json"&gt;/Users/panuwitsupageeratirod/ondemand/Automation_Ondemand2.0/CPFresh_mart/API_LOGIN_DRIVER/Login_Driver/TC_009_Validation_Enter Username_in_special_characters.json&lt;/a&gt;'.</msg>
<msg timestamp="20210420 16:47:52.795" level="INFO">${json_string} = {
    "citizenId " : "&amp;%$&amp;",
     "Password" : "@Test0001"
     
     }</msg>
<status status="PASS" starttime="20210420 16:47:52.794" endtime="20210420 16:47:52.795"></status>
</kw>
<kw name="Post Request" library="RequestsLibrary">
<doc>Send a POST request on the session object found using the
given `alias`</doc>
<arguments>
<arg>session</arg>
<arg>${path_1}</arg>
<arg>data=${json_string}</arg>
<arg>headers=${headers}</arg>
</arguments>
<assign>
<var>${resp}</var>
</assign>
<msg timestamp="20210420 16:47:52.796" level="INFO">POST Request using : uri=/v1/auth/login-citizen-id, params=None, files=None, allow_redirects=True, timeout=None
headers={'User-Agent': 'python-requests/2.22.0', 'Accept-Encoding': 'gzip, deflate', 'Accept': '*/*', 'Connection': 'keep-alive', 'Content-Type': 'application/json'} 
data={
    "citizenId " : "&amp;%$&amp;",
     "Password" : "@Test0001"
     
     } 
json=None</msg>
<msg timestamp="20210420 16:47:52.875" level="INFO">${resp} = &lt;Response [400]&gt;</msg>
<status status="PASS" starttime="20210420 16:47:52.795" endtime="20210420 16:47:52.875"></status>
</kw>
<kw name="Set Variable" library="BuiltIn">
<doc>Returns the given values which can then be assigned to a variables.</doc>
<arguments>
<arg>${resp.status_code}</arg>
</arguments>
<assign>
<var>${http_status_res_code}</var>
</assign>
<msg timestamp="20210420 16:47:52.876" level="INFO">${http_status_res_code} = 400</msg>
<status status="PASS" starttime="20210420 16:47:52.876" endtime="20210420 16:47:52.876"></status>
</kw>
<kw name="Validation data should have required property citizenId and password" library="user_keywords_login">
<arguments>
<arg>${resp}</arg>
</arguments>
<kw name="Get From Dictionary" library="Collections">
<doc>Returns a value from the given ``dictionary`` based on the given ``key``.</doc>
<arguments>
<arg>${resp.json()["error"]}</arg>
<arg>message</arg>
</arguments>
<assign>
<var>${ResMessage}</var>
</assign>
<msg timestamp="20210420 16:47:52.877" level="INFO">${ResMessage} = data should have required property 'citizenId', data should have required property 'password'</msg>
<status status="PASS" starttime="20210420 16:47:52.877" endtime="20210420 16:47:52.877"></status>
</kw>
<kw name="Should Be Equal As Strings" library="BuiltIn">
<doc>Fails if objects are unequal after converting them to strings.</doc>
<arguments>
<arg>${ResMessage}</arg>
<arg>data should have required property 'citizenId', data should have required property 'password'</arg>
</arguments>
<status status="PASS" starttime="20210420 16:47:52.877" endtime="20210420 16:47:52.878"></status>
</kw>
<status status="PASS" starttime="20210420 16:47:52.876" endtime="20210420 16:47:52.878"></status>
</kw>
<status status="PASS" starttime="20210420 16:47:52.792" endtime="20210420 16:47:52.878" critical="yes"></status>
</test>
<test id="s1-t5" name="TC_010_Validation_Enter_Password_in_characters">
<kw name="Create Session" library="RequestsLibrary">
<doc>Create Session: create a HTTP session to a server</doc>
<arguments>
<arg>session</arg>
<arg>${on_demand_host_1}</arg>
</arguments>
<msg timestamp="20210420 16:47:52.879" level="INFO">Creating Session using : alias=session, url=http://app-4pl-authentication.drivs.staging.tel.internal, headers={},                     cookies={}, auth=None, timeout=None, proxies=None, verify=False,                     debug=0 </msg>
<status status="PASS" starttime="20210420 16:47:52.879" endtime="20210420 16:47:52.879"></status>
</kw>
<kw name="Create Dictionary" library="BuiltIn">
<doc>Creates and returns a dictionary based on the given ``items``.</doc>
<arguments>
<arg>Content-Type=${Content-Type}</arg>
</arguments>
<assign>
<var>${headers}</var>
</assign>
<msg timestamp="20210420 16:47:52.880" level="INFO">${headers} = {'Content-Type': 'application/json'}</msg>
<status status="PASS" starttime="20210420 16:47:52.879" endtime="20210420 16:47:52.880"></status>
</kw>
<kw name="Get File" library="OperatingSystem">
<doc>Returns the contents of a specified file.</doc>
<arguments>
<arg>TC_010_Validation_Enter_Password_in_characters.json</arg>
</arguments>
<assign>
<var>${json_string}</var>
</assign>
<msg timestamp="20210420 16:47:52.880" level="INFO" html="yes">Getting file '&lt;a href="file:///Users/panuwitsupageeratirod/ondemand/Automation_Ondemand2.0/CPFresh_mart/API_LOGIN_DRIVER/Login_Driver/TC_010_Validation_Enter_Password_in_characters.json"&gt;/Users/panuwitsupageeratirod/ondemand/Automation_Ondemand2.0/CPFresh_mart/API_LOGIN_DRIVER/Login_Driver/TC_010_Validation_Enter_Password_in_characters.json&lt;/a&gt;'.</msg>
<msg timestamp="20210420 16:47:52.881" level="INFO">${json_string} = {
    "citizenId"  : "100000000001" ,
     "Password" : "jsasd"
}
    
     </msg>
<status status="PASS" starttime="20210420 16:47:52.880" endtime="20210420 16:47:52.881"></status>
</kw>
<kw name="Post Request" library="RequestsLibrary">
<doc>Send a POST request on the session object found using the
given `alias`</doc>
<arguments>
<arg>session</arg>
<arg>${path_1}</arg>
<arg>data=${json_string}</arg>
<arg>headers=${headers}</arg>
</arguments>
<assign>
<var>${resp}</var>
</assign>
<msg timestamp="20210420 16:47:52.882" level="INFO">POST Request using : uri=/v1/auth/login-citizen-id, params=None, files=None, allow_redirects=True, timeout=None
headers={'User-Agent': 'python-requests/2.22.0', 'Accept-Encoding': 'gzip, deflate', 'Accept': '*/*', 'Connection': 'keep-alive', 'Content-Type': 'application/json'} 
data={
    "citizenId"  : "100000000001" ,
     "Password" : "jsasd"
}
    
      
json=None</msg>
<msg timestamp="20210420 16:47:52.969" level="INFO">${resp} = &lt;Response [400]&gt;</msg>
<status status="PASS" starttime="20210420 16:47:52.882" endtime="20210420 16:47:52.969"></status>
</kw>
<kw name="Set Variable" library="BuiltIn">
<doc>Returns the given values which can then be assigned to a variables.</doc>
<arguments>
<arg>${resp.status_code}</arg>
</arguments>
<assign>
<var>${http_status_res_code}</var>
</assign>
<msg timestamp="20210420 16:47:52.970" level="INFO">${http_status_res_code} = 400</msg>
<status status="PASS" starttime="20210420 16:47:52.970" endtime="20210420 16:47:52.970"></status>
</kw>
<kw name="Validation data should have required property 'password'" library="user_keywords_login">
<arguments>
<arg>${resp}</arg>
</arguments>
<kw name="Get From Dictionary" library="Collections">
<doc>Returns a value from the given ``dictionary`` based on the given ``key``.</doc>
<arguments>
<arg>${resp.json()["error"]}</arg>
<arg>message</arg>
</arguments>
<assign>
<var>${ResMessage}</var>
</assign>
<msg timestamp="20210420 16:47:52.972" level="INFO">${ResMessage} = data should have required property 'password'</msg>
<status status="PASS" starttime="20210420 16:47:52.971" endtime="20210420 16:47:52.972"></status>
</kw>
<kw name="Should Be Equal As Strings" library="BuiltIn">
<doc>Fails if objects are unequal after converting them to strings.</doc>
<arguments>
<arg>${ResMessage}</arg>
<arg>data should have required property 'password'</arg>
</arguments>
<status status="PASS" starttime="20210420 16:47:52.972" endtime="20210420 16:47:52.972"></status>
</kw>
<status status="PASS" starttime="20210420 16:47:52.970" endtime="20210420 16:47:52.972"></status>
</kw>
<status status="PASS" starttime="20210420 16:47:52.878" endtime="20210420 16:47:52.973" critical="yes"></status>
</test>
<test id="s1-t6" name="TC_011_Validation_Enter_Password_in_special_characters">
<kw name="Create Session" library="RequestsLibrary">
<doc>Create Session: create a HTTP session to a server</doc>
<arguments>
<arg>session</arg>
<arg>${on_demand_host_1}</arg>
</arguments>
<msg timestamp="20210420 16:47:52.974" level="INFO">Creating Session using : alias=session, url=http://app-4pl-authentication.drivs.staging.tel.internal, headers={},                     cookies={}, auth=None, timeout=None, proxies=None, verify=False,                     debug=0 </msg>
<status status="PASS" starttime="20210420 16:47:52.974" endtime="20210420 16:47:52.974"></status>
</kw>
<kw name="Create Dictionary" library="BuiltIn">
<doc>Creates and returns a dictionary based on the given ``items``.</doc>
<arguments>
<arg>Content-Type=${Content-Type}</arg>
</arguments>
<assign>
<var>${headers}</var>
</assign>
<msg timestamp="20210420 16:47:52.976" level="INFO">${headers} = {'Content-Type': 'application/json'}</msg>
<status status="PASS" starttime="20210420 16:47:52.975" endtime="20210420 16:47:52.976"></status>
</kw>
<kw name="Get File" library="OperatingSystem">
<doc>Returns the contents of a specified file.</doc>
<arguments>
<arg>TC_011_Validation_Enter_Password_in_special_characters.json</arg>
</arguments>
<assign>
<var>${json_string}</var>
</assign>
<msg timestamp="20210420 16:47:52.976" level="INFO" html="yes">Getting file '&lt;a href="file:///Users/panuwitsupageeratirod/ondemand/Automation_Ondemand2.0/CPFresh_mart/API_LOGIN_DRIVER/Login_Driver/TC_011_Validation_Enter_Password_in_special_characters.json"&gt;/Users/panuwitsupageeratirod/ondemand/Automation_Ondemand2.0/CPFresh_mart/API_LOGIN_DRIVER/Login_Driver/TC_011_Validation_Enter_Password_in_special_characters.json&lt;/a&gt;'.</msg>
<msg timestamp="20210420 16:47:52.978" level="INFO">${json_string} = {
    "citizenId"  : "100000000001" ,
    "Password" : "$#%&amp;("
    
     }
    </msg>
<status status="PASS" starttime="20210420 16:47:52.976" endtime="20210420 16:47:52.978"></status>
</kw>
<kw name="Post Request" library="RequestsLibrary">
<doc>Send a POST request on the session object found using the
given `alias`</doc>
<arguments>
<arg>session</arg>
<arg>${path_1}</arg>
<arg>data=${json_string}</arg>
<arg>headers=${headers}</arg>
</arguments>
<assign>
<var>${resp}</var>
</assign>
<msg timestamp="20210420 16:47:52.979" level="INFO">POST Request using : uri=/v1/auth/login-citizen-id, params=None, files=None, allow_redirects=True, timeout=None
headers={'User-Agent': 'python-requests/2.22.0', 'Accept-Encoding': 'gzip, deflate', 'Accept': '*/*', 'Connection': 'keep-alive', 'Content-Type': 'application/json'} 
data={
    "citizenId"  : "100000000001" ,
    "Password" : "$#%&amp;("
    
     }
     
json=None</msg>
<msg timestamp="20210420 16:47:53.118" level="INFO">${resp} = &lt;Response [400]&gt;</msg>
<status status="PASS" starttime="20210420 16:47:52.978" endtime="20210420 16:47:53.118"></status>
</kw>
<kw name="Set Variable" library="BuiltIn">
<doc>Returns the given values which can then be assigned to a variables.</doc>
<arguments>
<arg>${resp.status_code}</arg>
</arguments>
<assign>
<var>${http_status_res_code}</var>
</assign>
<msg timestamp="20210420 16:47:53.119" level="INFO">${http_status_res_code} = 400</msg>
<status status="PASS" starttime="20210420 16:47:53.118" endtime="20210420 16:47:53.119"></status>
</kw>
<kw name="Validation data should have required property 'password'" library="user_keywords_login">
<arguments>
<arg>${resp}</arg>
</arguments>
<kw name="Get From Dictionary" library="Collections">
<doc>Returns a value from the given ``dictionary`` based on the given ``key``.</doc>
<arguments>
<arg>${resp.json()["error"]}</arg>
<arg>message</arg>
</arguments>
<assign>
<var>${ResMessage}</var>
</assign>
<msg timestamp="20210420 16:47:53.120" level="INFO">${ResMessage} = data should have required property 'password'</msg>
<status status="PASS" starttime="20210420 16:47:53.120" endtime="20210420 16:47:53.120"></status>
</kw>
<kw name="Should Be Equal As Strings" library="BuiltIn">
<doc>Fails if objects are unequal after converting them to strings.</doc>
<arguments>
<arg>${ResMessage}</arg>
<arg>data should have required property 'password'</arg>
</arguments>
<status status="PASS" starttime="20210420 16:47:53.121" endtime="20210420 16:47:53.121"></status>
</kw>
<status status="PASS" starttime="20210420 16:47:53.119" endtime="20210420 16:47:53.121"></status>
</kw>
<status status="PASS" starttime="20210420 16:47:52.973" endtime="20210420 16:47:53.122" critical="yes"></status>
</test>
<test id="s1-t7" name="TC_012_Validation_Verify_type_Username_type_int">
<kw name="Create Session" library="RequestsLibrary">
<doc>Create Session: create a HTTP session to a server</doc>
<arguments>
<arg>session</arg>
<arg>${on_demand_host_1}</arg>
</arguments>
<msg timestamp="20210420 16:47:53.123" level="INFO">Creating Session using : alias=session, url=http://app-4pl-authentication.drivs.staging.tel.internal, headers={},                     cookies={}, auth=None, timeout=None, proxies=None, verify=False,                     debug=0 </msg>
<status status="PASS" starttime="20210420 16:47:53.123" endtime="20210420 16:47:53.124"></status>
</kw>
<kw name="Create Dictionary" library="BuiltIn">
<doc>Creates and returns a dictionary based on the given ``items``.</doc>
<arguments>
<arg>Content-Type=${Content-Type}</arg>
</arguments>
<assign>
<var>${headers}</var>
</assign>
<msg timestamp="20210420 16:47:53.125" level="INFO">${headers} = {'Content-Type': 'application/json'}</msg>
<status status="PASS" starttime="20210420 16:47:53.124" endtime="20210420 16:47:53.125"></status>
</kw>
<kw name="Get File" library="OperatingSystem">
<doc>Returns the contents of a specified file.</doc>
<arguments>
<arg>TC_012_Validation_Verify_type_Username_type_int.json</arg>
</arguments>
<assign>
<var>${json_string}</var>
</assign>
<msg timestamp="20210420 16:47:53.126" level="INFO" html="yes">Getting file '&lt;a href="file:///Users/panuwitsupageeratirod/ondemand/Automation_Ondemand2.0/CPFresh_mart/API_LOGIN_DRIVER/Login_Driver/TC_012_Validation_Verify_type_Username_type_int.json"&gt;/Users/panuwitsupageeratirod/ondemand/Automation_Ondemand2.0/CPFresh_mart/API_LOGIN_DRIVER/Login_Driver/TC_012_Validation_Verify_type_Username_type_int.json&lt;/a&gt;'.</msg>
<msg timestamp="20210420 16:47:53.128" level="INFO">${json_string} = {
    "citizenId" : 100000000001,
    "Password" :  "@Test0001"

}</msg>
<status status="PASS" starttime="20210420 16:47:53.125" endtime="20210420 16:47:53.129"></status>
</kw>
<kw name="Post Request" library="RequestsLibrary">
<doc>Send a POST request on the session object found using the
given `alias`</doc>
<arguments>
<arg>session</arg>
<arg>${path_1}</arg>
<arg>data=${json_string}</arg>
<arg>headers=${headers}</arg>
</arguments>
<assign>
<var>${resp}</var>
</assign>
<msg timestamp="20210420 16:47:53.129" level="INFO">POST Request using : uri=/v1/auth/login-citizen-id, params=None, files=None, allow_redirects=True, timeout=None
headers={'User-Agent': 'python-requests/2.22.0', 'Accept-Encoding': 'gzip, deflate', 'Accept': '*/*', 'Connection': 'keep-alive', 'Content-Type': 'application/json'} 
data={
    "citizenId" : 100000000001,
    "Password" :  "@Test0001"

} 
json=None</msg>
<msg timestamp="20210420 16:47:53.211" level="INFO">${resp} = &lt;Response [400]&gt;</msg>
<status status="PASS" starttime="20210420 16:47:53.129" endtime="20210420 16:47:53.211"></status>
</kw>
<kw name="Set Variable" library="BuiltIn">
<doc>Returns the given values which can then be assigned to a variables.</doc>
<arguments>
<arg>${resp.status_code}</arg>
</arguments>
<assign>
<var>${http_status_res_code}</var>
</assign>
<msg timestamp="20210420 16:47:53.212" level="INFO">${http_status_res_code} = 400</msg>
<status status="PASS" starttime="20210420 16:47:53.211" endtime="20210420 16:47:53.212"></status>
</kw>
<kw name="data/citizenId should be string, data should have required property 'password'" library="user_keywords_login">
<arguments>
<arg>${resp}</arg>
</arguments>
<kw name="Get From Dictionary" library="Collections">
<doc>Returns a value from the given ``dictionary`` based on the given ``key``.</doc>
<arguments>
<arg>${resp.json()["error"]}</arg>
<arg>message</arg>
</arguments>
<assign>
<var>${ResMessage}</var>
</assign>
<msg timestamp="20210420 16:47:53.213" level="INFO">${ResMessage} = data/citizenId should be string, data should have required property 'password'</msg>
<status status="PASS" starttime="20210420 16:47:53.212" endtime="20210420 16:47:53.213"></status>
</kw>
<kw name="Should Be Equal As Strings" library="BuiltIn">
<doc>Fails if objects are unequal after converting them to strings.</doc>
<arguments>
<arg>${ResMessage}</arg>
<arg>data/citizenId should be string, data should have required property 'password'</arg>
</arguments>
<status status="PASS" starttime="20210420 16:47:53.213" endtime="20210420 16:47:53.214"></status>
</kw>
<status status="PASS" starttime="20210420 16:47:53.212" endtime="20210420 16:47:53.214"></status>
</kw>
<status status="PASS" starttime="20210420 16:47:53.122" endtime="20210420 16:47:53.214" critical="yes"></status>
</test>
<test id="s1-t8" name="TC_013_Validation_Verify_type_double">
<kw name="Create Session" library="RequestsLibrary">
<doc>Create Session: create a HTTP session to a server</doc>
<arguments>
<arg>session</arg>
<arg>${on_demand_host_1}</arg>
</arguments>
<msg timestamp="20210420 16:47:53.216" level="INFO">Creating Session using : alias=session, url=http://app-4pl-authentication.drivs.staging.tel.internal, headers={},                     cookies={}, auth=None, timeout=None, proxies=None, verify=False,                     debug=0 </msg>
<status status="PASS" starttime="20210420 16:47:53.215" endtime="20210420 16:47:53.216"></status>
</kw>
<kw name="Create Dictionary" library="BuiltIn">
<doc>Creates and returns a dictionary based on the given ``items``.</doc>
<arguments>
<arg>Content-Type=${Content-Type}</arg>
</arguments>
<assign>
<var>${headers}</var>
</assign>
<msg timestamp="20210420 16:47:53.217" level="INFO">${headers} = {'Content-Type': 'application/json'}</msg>
<status status="PASS" starttime="20210420 16:47:53.216" endtime="20210420 16:47:53.217"></status>
</kw>
<kw name="Get File" library="OperatingSystem">
<doc>Returns the contents of a specified file.</doc>
<arguments>
<arg>TC_013_Validation_Verify_type_double.json</arg>
</arguments>
<assign>
<var>${json_string}</var>
</assign>
<msg timestamp="20210420 16:47:53.217" level="INFO" html="yes">Getting file '&lt;a href="file:///Users/panuwitsupageeratirod/ondemand/Automation_Ondemand2.0/CPFresh_mart/API_LOGIN_DRIVER/Login_Driver/TC_013_Validation_Verify_type_double.json"&gt;/Users/panuwitsupageeratirod/ondemand/Automation_Ondemand2.0/CPFresh_mart/API_LOGIN_DRIVER/Login_Driver/TC_013_Validation_Verify_type_double.json&lt;/a&gt;'.</msg>
<msg timestamp="20210420 16:47:53.220" level="INFO">${json_string} = {
    "citizenId" : 100000000001.00,
    "Password" :  "@Test0001"

}</msg>
<status status="PASS" starttime="20210420 16:47:53.217" endtime="20210420 16:47:53.220"></status>
</kw>
<kw name="Post Request" library="RequestsLibrary">
<doc>Send a POST request on the session object found using the
given `alias`</doc>
<arguments>
<arg>session</arg>
<arg>${path_1}</arg>
<arg>data=${json_string}</arg>
<arg>headers=${headers}</arg>
</arguments>
<assign>
<var>${resp}</var>
</assign>
<msg timestamp="20210420 16:47:53.221" level="INFO">POST Request using : uri=/v1/auth/login-citizen-id, params=None, files=None, allow_redirects=True, timeout=None
headers={'User-Agent': 'python-requests/2.22.0', 'Accept-Encoding': 'gzip, deflate', 'Accept': '*/*', 'Connection': 'keep-alive', 'Content-Type': 'application/json'} 
data={
    "citizenId" : 100000000001.00,
    "Password" :  "@Test0001"

} 
json=None</msg>
<msg timestamp="20210420 16:47:53.302" level="INFO">${resp} = &lt;Response [400]&gt;</msg>
<status status="PASS" starttime="20210420 16:47:53.220" endtime="20210420 16:47:53.302"></status>
</kw>
<kw name="Set Variable" library="BuiltIn">
<doc>Returns the given values which can then be assigned to a variables.</doc>
<arguments>
<arg>${resp.status_code}</arg>
</arguments>
<assign>
<var>${http_status_res_code}</var>
</assign>
<msg timestamp="20210420 16:47:53.302" level="INFO">${http_status_res_code} = 400</msg>
<status status="PASS" starttime="20210420 16:47:53.302" endtime="20210420 16:47:53.302"></status>
</kw>
<kw name="data/citizenId should be string, data should have required property 'password'" library="user_keywords_login">
<arguments>
<arg>${resp}</arg>
</arguments>
<kw name="Get From Dictionary" library="Collections">
<doc>Returns a value from the given ``dictionary`` based on the given ``key``.</doc>
<arguments>
<arg>${resp.json()["error"]}</arg>
<arg>message</arg>
</arguments>
<assign>
<var>${ResMessage}</var>
</assign>
<msg timestamp="20210420 16:47:53.304" level="INFO">${ResMessage} = data/citizenId should be string, data should have required property 'password'</msg>
<status status="PASS" starttime="20210420 16:47:53.303" endtime="20210420 16:47:53.304"></status>
</kw>
<kw name="Should Be Equal As Strings" library="BuiltIn">
<doc>Fails if objects are unequal after converting them to strings.</doc>
<arguments>
<arg>${ResMessage}</arg>
<arg>data/citizenId should be string, data should have required property 'password'</arg>
</arguments>
<status status="PASS" starttime="20210420 16:47:53.304" endtime="20210420 16:47:53.304"></status>
</kw>
<status status="PASS" starttime="20210420 16:47:53.302" endtime="20210420 16:47:53.304"></status>
</kw>
<status status="PASS" starttime="20210420 16:47:53.214" endtime="20210420 16:47:53.304" critical="yes"></status>
</test>
<test id="s1-t9" name="TC_014_Validation_Verify_type_Password_type_int">
<kw name="Create Session" library="RequestsLibrary">
<doc>Create Session: create a HTTP session to a server</doc>
<arguments>
<arg>session</arg>
<arg>${on_demand_host_1}</arg>
</arguments>
<msg timestamp="20210420 16:47:53.308" level="INFO">Creating Session using : alias=session, url=http://app-4pl-authentication.drivs.staging.tel.internal, headers={},                     cookies={}, auth=None, timeout=None, proxies=None, verify=False,                     debug=0 </msg>
<status status="PASS" starttime="20210420 16:47:53.305" endtime="20210420 16:47:53.308"></status>
</kw>
<kw name="Create Dictionary" library="BuiltIn">
<doc>Creates and returns a dictionary based on the given ``items``.</doc>
<arguments>
<arg>Content-Type=${Content-Type}</arg>
</arguments>
<assign>
<var>${headers}</var>
</assign>
<msg timestamp="20210420 16:47:53.309" level="INFO">${headers} = {'Content-Type': 'application/json'}</msg>
<status status="PASS" starttime="20210420 16:47:53.308" endtime="20210420 16:47:53.309"></status>
</kw>
<kw name="Get File" library="OperatingSystem">
<doc>Returns the contents of a specified file.</doc>
<arguments>
<arg>TC_014_Validation_Verify_type_Password_type_int.json</arg>
</arguments>
<assign>
<var>${json_string}</var>
</assign>
<msg timestamp="20210420 16:47:53.309" level="INFO" html="yes">Getting file '&lt;a href="file:///Users/panuwitsupageeratirod/ondemand/Automation_Ondemand2.0/CPFresh_mart/API_LOGIN_DRIVER/Login_Driver/TC_014_Validation_Verify_type_Password_type_int.json"&gt;/Users/panuwitsupageeratirod/ondemand/Automation_Ondemand2.0/CPFresh_mart/API_LOGIN_DRIVER/Login_Driver/TC_014_Validation_Verify_type_Password_type_int.json&lt;/a&gt;'.</msg>
<msg timestamp="20210420 16:47:53.310" level="INFO">${json_string} = {
    "citizenId" : "100000000001",
    "Password" : 1

}</msg>
<status status="PASS" starttime="20210420 16:47:53.309" endtime="20210420 16:47:53.310"></status>
</kw>
<kw name="Post Request" library="RequestsLibrary">
<doc>Send a POST request on the session object found using the
given `alias`</doc>
<arguments>
<arg>session</arg>
<arg>${path_1}</arg>
<arg>data=${json_string}</arg>
<arg>headers=${headers}</arg>
</arguments>
<assign>
<var>${resp}</var>
</assign>
<msg timestamp="20210420 16:47:53.311" level="INFO">POST Request using : uri=/v1/auth/login-citizen-id, params=None, files=None, allow_redirects=True, timeout=None
headers={'User-Agent': 'python-requests/2.22.0', 'Accept-Encoding': 'gzip, deflate', 'Accept': '*/*', 'Connection': 'keep-alive', 'Content-Type': 'application/json'} 
data={
    "citizenId" : "100000000001",
    "Password" : 1

} 
json=None</msg>
<msg timestamp="20210420 16:47:53.437" level="INFO">${resp} = &lt;Response [400]&gt;</msg>
<status status="PASS" starttime="20210420 16:47:53.310" endtime="20210420 16:47:53.437"></status>
</kw>
<kw name="Set Variable" library="BuiltIn">
<doc>Returns the given values which can then be assigned to a variables.</doc>
<arguments>
<arg>${resp.status_code}</arg>
</arguments>
<assign>
<var>${http_status_res_code}</var>
</assign>
<msg timestamp="20210420 16:47:53.438" level="INFO">${http_status_res_code} = 400</msg>
<status status="PASS" starttime="20210420 16:47:53.437" endtime="20210420 16:47:53.438"></status>
</kw>
<kw name="Validation data should have required property 'password'" library="user_keywords_login">
<arguments>
<arg>${resp}</arg>
</arguments>
<kw name="Get From Dictionary" library="Collections">
<doc>Returns a value from the given ``dictionary`` based on the given ``key``.</doc>
<arguments>
<arg>${resp.json()["error"]}</arg>
<arg>message</arg>
</arguments>
<assign>
<var>${ResMessage}</var>
</assign>
<msg timestamp="20210420 16:47:53.439" level="INFO">${ResMessage} = data should have required property 'password'</msg>
<status status="PASS" starttime="20210420 16:47:53.439" endtime="20210420 16:47:53.440"></status>
</kw>
<kw name="Should Be Equal As Strings" library="BuiltIn">
<doc>Fails if objects are unequal after converting them to strings.</doc>
<arguments>
<arg>${ResMessage}</arg>
<arg>data should have required property 'password'</arg>
</arguments>
<status status="PASS" starttime="20210420 16:47:53.440" endtime="20210420 16:47:53.440"></status>
</kw>
<status status="PASS" starttime="20210420 16:47:53.438" endtime="20210420 16:47:53.440"></status>
</kw>
<status status="PASS" starttime="20210420 16:47:53.305" endtime="20210420 16:47:53.441" critical="yes"></status>
</test>
<test id="s1-t10" name="TC_015_Validation_Verify_type_Password_type_doble">
<kw name="Create Session" library="RequestsLibrary">
<doc>Create Session: create a HTTP session to a server</doc>
<arguments>
<arg>session</arg>
<arg>${on_demand_host_1}</arg>
</arguments>
<msg timestamp="20210420 16:47:53.442" level="INFO">Creating Session using : alias=session, url=http://app-4pl-authentication.drivs.staging.tel.internal, headers={},                     cookies={}, auth=None, timeout=None, proxies=None, verify=False,                     debug=0 </msg>
<status status="PASS" starttime="20210420 16:47:53.442" endtime="20210420 16:47:53.443"></status>
</kw>
<kw name="Create Dictionary" library="BuiltIn">
<doc>Creates and returns a dictionary based on the given ``items``.</doc>
<arguments>
<arg>Content-Type=${Content-Type}</arg>
</arguments>
<assign>
<var>${headers}</var>
</assign>
<msg timestamp="20210420 16:47:53.443" level="INFO">${headers} = {'Content-Type': 'application/json'}</msg>
<status status="PASS" starttime="20210420 16:47:53.443" endtime="20210420 16:47:53.444"></status>
</kw>
<kw name="Get File" library="OperatingSystem">
<doc>Returns the contents of a specified file.</doc>
<arguments>
<arg>TC_015_Validation_Verify_type_Password_type_doble.json</arg>
</arguments>
<assign>
<var>${json_string}</var>
</assign>
<msg timestamp="20210420 16:47:53.444" level="INFO" html="yes">Getting file '&lt;a href="file:///Users/panuwitsupageeratirod/ondemand/Automation_Ondemand2.0/CPFresh_mart/API_LOGIN_DRIVER/Login_Driver/TC_015_Validation_Verify_type_Password_type_doble.json"&gt;/Users/panuwitsupageeratirod/ondemand/Automation_Ondemand2.0/CPFresh_mart/API_LOGIN_DRIVER/Login_Driver/TC_015_Validation_Verify_type_Password_type_doble.json&lt;/a&gt;'.</msg>
<msg timestamp="20210420 16:47:53.451" level="INFO">${json_string} = {
    "citizenId" : "100000000001",
    "Password" : 1.00

}</msg>
<status status="PASS" starttime="20210420 16:47:53.444" endtime="20210420 16:47:53.451"></status>
</kw>
<kw name="Post Request" library="RequestsLibrary">
<doc>Send a POST request on the session object found using the
given `alias`</doc>
<arguments>
<arg>session</arg>
<arg>${path_1}</arg>
<arg>data=${json_string}</arg>
<arg>headers=${headers}</arg>
</arguments>
<assign>
<var>${resp}</var>
</assign>
<msg timestamp="20210420 16:47:53.452" level="INFO">POST Request using : uri=/v1/auth/login-citizen-id, params=None, files=None, allow_redirects=True, timeout=None
headers={'User-Agent': 'python-requests/2.22.0', 'Accept-Encoding': 'gzip, deflate', 'Accept': '*/*', 'Connection': 'keep-alive', 'Content-Type': 'application/json'} 
data={
    "citizenId" : "100000000001",
    "Password" : 1.00

} 
json=None</msg>
<msg timestamp="20210420 16:47:53.546" level="INFO">${resp} = &lt;Response [400]&gt;</msg>
<status status="PASS" starttime="20210420 16:47:53.451" endtime="20210420 16:47:53.546"></status>
</kw>
<kw name="Set Variable" library="BuiltIn">
<doc>Returns the given values which can then be assigned to a variables.</doc>
<arguments>
<arg>${resp.status_code}</arg>
</arguments>
<assign>
<var>${http_status_res_code}</var>
</assign>
<msg timestamp="20210420 16:47:53.548" level="INFO">${http_status_res_code} = 400</msg>
<status status="PASS" starttime="20210420 16:47:53.547" endtime="20210420 16:47:53.548"></status>
</kw>
<kw name="Validation data should have required property 'password'" library="user_keywords_login">
<arguments>
<arg>${resp}</arg>
</arguments>
<kw name="Get From Dictionary" library="Collections">
<doc>Returns a value from the given ``dictionary`` based on the given ``key``.</doc>
<arguments>
<arg>${resp.json()["error"]}</arg>
<arg>message</arg>
</arguments>
<assign>
<var>${ResMessage}</var>
</assign>
<msg timestamp="20210420 16:47:53.549" level="INFO">${ResMessage} = data should have required property 'password'</msg>
<status status="PASS" starttime="20210420 16:47:53.549" endtime="20210420 16:47:53.549"></status>
</kw>
<kw name="Should Be Equal As Strings" library="BuiltIn">
<doc>Fails if objects are unequal after converting them to strings.</doc>
<arguments>
<arg>${ResMessage}</arg>
<arg>data should have required property 'password'</arg>
</arguments>
<status status="PASS" starttime="20210420 16:47:53.549" endtime="20210420 16:47:53.550"></status>
</kw>
<status status="PASS" starttime="20210420 16:47:53.548" endtime="20210420 16:47:53.550"></status>
</kw>
<status status="PASS" starttime="20210420 16:47:53.441" endtime="20210420 16:47:53.550" critical="yes"></status>
</test>
<status status="PASS" starttime="20210420 16:47:51.717" endtime="20210420 16:47:53.551"></status>
</suite>
<statistics>
<total>
<stat pass="10" fail="0">Critical Tests</stat>
<stat pass="10" fail="0">All Tests</stat>
</total>
<tag>
</tag>
<suite>
<stat pass="10" fail="0" id="s1" name="Login">Login</stat>
</suite>
</statistics>
<errors>
</errors>
</robot>
