<?xml version="1.0" encoding="UTF-8"?>
<robot generator="Robot 3.1.2 (Python 3.7.4 on darwin)" generated="20210407 18:17:58.505" rpa="false">
<suite id="s1" name="API Forgot Password" source="/Users/panuwitsupageeratirod/ondemand/Automation_Ondemand2.0/CPFresh mart/API_Forgot_password/API_Forgot_Password.robot">
<test id="s1-t1" name="Setting Selenium Options">
<kw name="Set Selenium Speed" library="Selenium2Library">
<doc>Sets the delay that is waited after each Selenium command.</doc>
<arguments>
<arg>5</arg>
</arguments>
<status status="PASS" starttime="20210407 18:17:59.565" endtime="20210407 18:17:59.566"></status>
</kw>
<kw name="Set Selenium Timeout" library="Selenium2Library">
<doc>Sets the timeout that is used by various keywords.</doc>
<arguments>
<arg>60</arg>
</arguments>
<status status="PASS" starttime="20210407 18:17:59.567" endtime="20210407 18:17:59.567"></status>
</kw>
<status status="PASS" starttime="20210407 18:17:59.555" endtime="20210407 18:17:59.567" critical="yes"></status>
</test>
<test id="s1-t2" name="TC_0001_Driver_Forgot_password_success">
<kw name="Create Session" library="RequestsLibrary">
<doc>Create Session: create a HTTP session to a server</doc>
<arguments>
<arg>session</arg>
<arg>https://api.staging.true-e-logistics.com</arg>
</arguments>
<msg timestamp="20210407 18:17:59.568" level="INFO">Creating Session using : alias=session, url=https://api.staging.true-e-logistics.com, headers={},                     cookies={}, auth=None, timeout=None, proxies=None, verify=False,                     debug=0 </msg>
<status status="PASS" starttime="20210407 18:17:59.568" endtime="20210407 18:17:59.568"></status>
</kw>
<kw name="Create Dictionary" library="BuiltIn">
<doc>Creates and returns a dictionary based on the given ``items``.</doc>
<arguments>
<arg>Content-Type=${Content-Type}</arg>
<arg>language=TH</arg>
</arguments>
<assign>
<var>${headers}</var>
</assign>
<msg timestamp="20210407 18:17:59.569" level="INFO">${headers} = {'Content-Type': 'application/json', 'language': 'TH'}</msg>
<status status="PASS" starttime="20210407 18:17:59.568" endtime="20210407 18:17:59.569"></status>
</kw>
<kw name="Get File" library="OperatingSystem">
<doc>Returns the contents of a specified file.</doc>
<arguments>
<arg>TC_0001_Send_OTP_success.json</arg>
</arguments>
<assign>
<var>${json_string}</var>
</assign>
<msg timestamp="20210407 18:17:59.570" level="INFO" html="yes">Getting file '&lt;a href="file:///Users/panuwitsupageeratirod/ondemand/Automation_Ondemand2.0/CPFresh mart/API_Forgot_password/TC_0001_Send_OTP_success.json"&gt;/Users/panuwitsupageeratirod/ondemand/Automation_Ondemand2.0/CPFresh mart/API_Forgot_password/TC_0001_Send_OTP_success.json&lt;/a&gt;'.</msg>
<msg timestamp="20210407 18:17:59.570" level="INFO">${json_string} = {
    "phone": "0952477036"
}</msg>
<status status="PASS" starttime="20210407 18:17:59.569" endtime="20210407 18:17:59.571"></status>
</kw>
<kw name="Post Request" library="RequestsLibrary">
<doc>Send a POST request on the session object found using the
given `alias`</doc>
<arguments>
<arg>session</arg>
<arg>/4pl-authentication/v1/otp</arg>
<arg>data=${json_string}</arg>
<arg>headers=${headers}</arg>
</arguments>
<assign>
<var>${resp}</var>
</assign>
<msg timestamp="20210407 18:17:59.572" level="INFO">POST Request using : uri=/4pl-authentication/v1/otp, params=None, files=None, allow_redirects=True, timeout=None
headers={'User-Agent': 'python-requests/2.22.0', 'Accept-Encoding': 'gzip, deflate', 'Accept': '*/*', 'Connection': 'keep-alive', 'Content-Type': 'application/json', 'language': 'TH'} 
data={
    "phone": "0952477036"
} 
json=None</msg>
<msg timestamp="20210407 18:18:00.168" level="INFO">/Users/panuwitsupageeratirod/.virtualenvs/automate/lib/python3.7/site-packages/urllib3/connectionpool.py:851: InsecureRequestWarning: Unverified HTTPS request is being made. Adding certificate verification is strongly advised. See: https://urllib3.readthedocs.io/en/latest/advanced-usage.html#ssl-warnings
  InsecureRequestWarning)</msg>
<msg timestamp="20210407 18:18:00.168" level="INFO">${resp} = &lt;Response [200]&gt;</msg>
<status status="PASS" starttime="20210407 18:17:59.571" endtime="20210407 18:18:00.168"></status>
</kw>
<kw name="Set Variable" library="BuiltIn">
<doc>Returns the given values which can then be assigned to a variables.</doc>
<arguments>
<arg>${resp.status_code}</arg>
</arguments>
<assign>
<var>${http_status_res_code}</var>
</assign>
<msg timestamp="20210407 18:18:00.170" level="INFO">${http_status_res_code} = 200</msg>
<status status="PASS" starttime="20210407 18:18:00.169" endtime="20210407 18:18:00.170"></status>
</kw>
<kw name="Log" library="BuiltIn">
<doc>Logs the given message with the given level.</doc>
<arguments>
<arg>${resp.json()}</arg>
</arguments>
<msg timestamp="20210407 18:18:00.171" level="INFO">{'data': {'msg': 'OTP has been sent to phone number 0952477036 please verify', 'otpRefCode': 'wMVOfqsUc', 'otpCode': '687513', 'expiredAt': '2021-04-07T11:18:59.865Z'}, 'status': 'OK', 'statusCodes': 200}</msg>
<status status="PASS" starttime="20210407 18:18:00.171" endtime="20210407 18:18:00.171"></status>
</kw>
<kw name="Validation Http status code success 200 OK" library="user_keywords">
<arguments>
<arg>${http_status_res_code}</arg>
</arguments>
<kw name="Should Be Equal As Strings" library="BuiltIn">
<doc>Fails if objects are unequal after converting them to strings.</doc>
<arguments>
<arg>${http_status_res_code}</arg>
<arg>200</arg>
</arguments>
<msg timestamp="20210407 18:18:00.172" level="INFO">Argument types are:
&lt;class 'int'&gt;
&lt;type 'unicode'&gt;</msg>
<status status="PASS" starttime="20210407 18:18:00.172" endtime="20210407 18:18:00.172"></status>
</kw>
<status status="PASS" starttime="20210407 18:18:00.172" endtime="20210407 18:18:00.173"></status>
</kw>
<status status="PASS" starttime="20210407 18:17:59.567" endtime="20210407 18:18:00.173" critical="yes"></status>
</test>
<test id="s1-t3" name="TC_0002_Driver_forgot password when path environment incorect">
<kw name="Create Session" library="RequestsLibrary">
<doc>Create Session: create a HTTP session to a server</doc>
<arguments>
<arg>session</arg>
<arg>https://api.staging.true-e-logistics.com</arg>
</arguments>
<msg timestamp="20210407 18:18:00.175" level="INFO">Creating Session using : alias=session, url=https://api.staging.true-e-logistics.com, headers={},                     cookies={}, auth=None, timeout=None, proxies=None, verify=False,                     debug=0 </msg>
<status status="PASS" starttime="20210407 18:18:00.174" endtime="20210407 18:18:00.175"></status>
</kw>
<kw name="Create Dictionary" library="BuiltIn">
<doc>Creates and returns a dictionary based on the given ``items``.</doc>
<arguments>
<arg>Content-Type=${Content-Type}</arg>
<arg>language=TH</arg>
</arguments>
<assign>
<var>${headers}</var>
</assign>
<msg timestamp="20210407 18:18:00.176" level="INFO">${headers} = {'Content-Type': 'application/json', 'language': 'TH'}</msg>
<status status="PASS" starttime="20210407 18:18:00.175" endtime="20210407 18:18:00.176"></status>
</kw>
<kw name="Get File" library="OperatingSystem">
<doc>Returns the contents of a specified file.</doc>
<arguments>
<arg>TC_0001_Send_OTP_success.json</arg>
</arguments>
<assign>
<var>${json_string}</var>
</assign>
<msg timestamp="20210407 18:18:00.177" level="INFO" html="yes">Getting file '&lt;a href="file:///Users/panuwitsupageeratirod/ondemand/Automation_Ondemand2.0/CPFresh mart/API_Forgot_password/TC_0001_Send_OTP_success.json"&gt;/Users/panuwitsupageeratirod/ondemand/Automation_Ondemand2.0/CPFresh mart/API_Forgot_password/TC_0001_Send_OTP_success.json&lt;/a&gt;'.</msg>
<msg timestamp="20210407 18:18:00.177" level="INFO">${json_string} = {
    "phone": "0952477036"
}</msg>
<status status="PASS" starttime="20210407 18:18:00.176" endtime="20210407 18:18:00.177"></status>
</kw>
<kw name="Post Request" library="RequestsLibrary">
<doc>Send a POST request on the session object found using the
given `alias`</doc>
<arguments>
<arg>session</arg>
<arg>/4pl-authentication/v1/otpxxx</arg>
<arg>data=${json_string}</arg>
<arg>headers=${headers}</arg>
</arguments>
<assign>
<var>${resp}</var>
</assign>
<msg timestamp="20210407 18:18:00.178" level="INFO">POST Request using : uri=/4pl-authentication/v1/otpxxx, params=None, files=None, allow_redirects=True, timeout=None
headers={'User-Agent': 'python-requests/2.22.0', 'Accept-Encoding': 'gzip, deflate', 'Accept': '*/*', 'Connection': 'keep-alive', 'Content-Type': 'application/json', 'language': 'TH'} 
data={
    "phone": "0952477036"
} 
json=None</msg>
<msg timestamp="20210407 18:18:00.396" level="INFO">/Users/panuwitsupageeratirod/.virtualenvs/automate/lib/python3.7/site-packages/urllib3/connectionpool.py:851: InsecureRequestWarning: Unverified HTTPS request is being made. Adding certificate verification is strongly advised. See: https://urllib3.readthedocs.io/en/latest/advanced-usage.html#ssl-warnings
  InsecureRequestWarning)</msg>
<msg timestamp="20210407 18:18:00.396" level="INFO">${resp} = &lt;Response [404]&gt;</msg>
<status status="PASS" starttime="20210407 18:18:00.178" endtime="20210407 18:18:00.396"></status>
</kw>
<kw name="Set Variable" library="BuiltIn">
<doc>Returns the given values which can then be assigned to a variables.</doc>
<arguments>
<arg>${resp.status_code}</arg>
</arguments>
<assign>
<var>${http_status_res_code}</var>
</assign>
<msg timestamp="20210407 18:18:00.397" level="INFO">${http_status_res_code} = 404</msg>
<status status="PASS" starttime="20210407 18:18:00.397" endtime="20210407 18:18:00.398"></status>
</kw>
<kw name="Log" library="BuiltIn">
<doc>Logs the given message with the given level.</doc>
<arguments>
<arg>${resp.json()}</arg>
</arguments>
<msg timestamp="20210407 18:18:00.398" level="INFO">{'message': 'The requested resource could not be found.', 'error': {}, 'status': 'NOT_FOUND', 'statusCode': 404}</msg>
<status status="PASS" starttime="20210407 18:18:00.398" endtime="20210407 18:18:00.398"></status>
</kw>
<kw name="Validation Http status code 404 NOT FOUND" library="user_keywords">
<arguments>
<arg>${http_status_res_code}</arg>
</arguments>
<kw name="Should Be Equal As Strings" library="BuiltIn">
<doc>Fails if objects are unequal after converting them to strings.</doc>
<arguments>
<arg>${http_status_res_code}</arg>
<arg>404</arg>
</arguments>
<msg timestamp="20210407 18:18:00.400" level="INFO">Argument types are:
&lt;class 'int'&gt;
&lt;type 'unicode'&gt;</msg>
<status status="PASS" starttime="20210407 18:18:00.400" endtime="20210407 18:18:00.400"></status>
</kw>
<status status="PASS" starttime="20210407 18:18:00.399" endtime="20210407 18:18:00.401"></status>
</kw>
<status status="PASS" starttime="20210407 18:18:00.173" endtime="20210407 18:18:00.401" critical="yes"></status>
</test>
<test id="s1-t4" name="TC_0004_Driver_fill in phone number not complete 10 characters">
<kw name="Create Session" library="RequestsLibrary">
<doc>Create Session: create a HTTP session to a server</doc>
<arguments>
<arg>session</arg>
<arg>https://api.staging.true-e-logistics.com</arg>
</arguments>
<msg timestamp="20210407 18:18:00.402" level="INFO">Creating Session using : alias=session, url=https://api.staging.true-e-logistics.com, headers={},                     cookies={}, auth=None, timeout=None, proxies=None, verify=False,                     debug=0 </msg>
<status status="PASS" starttime="20210407 18:18:00.402" endtime="20210407 18:18:00.402"></status>
</kw>
<kw name="Create Dictionary" library="BuiltIn">
<doc>Creates and returns a dictionary based on the given ``items``.</doc>
<arguments>
<arg>Content-Type=${Content-Type}</arg>
<arg>language=TH</arg>
<arg>template=ODM</arg>
</arguments>
<assign>
<var>${headers}</var>
</assign>
<msg timestamp="20210407 18:18:00.403" level="INFO">${headers} = {'Content-Type': 'application/json', 'language': 'TH', 'template': 'ODM'}</msg>
<status status="PASS" starttime="20210407 18:18:00.403" endtime="20210407 18:18:00.403"></status>
</kw>
<kw name="Get File" library="OperatingSystem">
<doc>Returns the contents of a specified file.</doc>
<arguments>
<arg>TC_0004_Phone_number not complete 10 characters.json</arg>
</arguments>
<assign>
<var>${json_string}</var>
</assign>
<msg timestamp="20210407 18:18:00.403" level="INFO" html="yes">Getting file '&lt;a href="file:///Users/panuwitsupageeratirod/ondemand/Automation_Ondemand2.0/CPFresh mart/API_Forgot_password/TC_0004_Phone_number not complete 10 characters.json"&gt;/Users/panuwitsupageeratirod/ondemand/Automation_Ondemand2.0/CPFresh mart/API_Forgot_password/TC_0004_Phone_number not complete 10 characters.json&lt;/a&gt;'.</msg>
<msg timestamp="20210407 18:18:00.405" level="INFO">${json_string} = {
    "phone": "08738420"
}</msg>
<status status="PASS" starttime="20210407 18:18:00.403" endtime="20210407 18:18:00.406"></status>
</kw>
<kw name="Post Request" library="RequestsLibrary">
<doc>Send a POST request on the session object found using the
given `alias`</doc>
<arguments>
<arg>session</arg>
<arg>/4pl-authentication/v1/otp</arg>
<arg>data=${json_string}</arg>
<arg>headers=${headers}</arg>
</arguments>
<assign>
<var>${resp}</var>
</assign>
<msg timestamp="20210407 18:18:00.407" level="INFO">POST Request using : uri=/4pl-authentication/v1/otp, params=None, files=None, allow_redirects=True, timeout=None
headers={'User-Agent': 'python-requests/2.22.0', 'Accept-Encoding': 'gzip, deflate', 'Accept': '*/*', 'Connection': 'keep-alive', 'Content-Type': 'application/json', 'language': 'TH', 'template': 'ODM'} 
data={
    "phone": "08738420"
} 
json=None</msg>
<msg timestamp="20210407 18:18:00.601" level="INFO">/Users/panuwitsupageeratirod/.virtualenvs/automate/lib/python3.7/site-packages/urllib3/connectionpool.py:851: InsecureRequestWarning: Unverified HTTPS request is being made. Adding certificate verification is strongly advised. See: https://urllib3.readthedocs.io/en/latest/advanced-usage.html#ssl-warnings
  InsecureRequestWarning)</msg>
<msg timestamp="20210407 18:18:00.602" level="INFO">${resp} = &lt;Response [404]&gt;</msg>
<status status="PASS" starttime="20210407 18:18:00.406" endtime="20210407 18:18:00.602"></status>
</kw>
<kw name="Set Variable" library="BuiltIn">
<doc>Returns the given values which can then be assigned to a variables.</doc>
<arguments>
<arg>${resp.status_code}</arg>
</arguments>
<assign>
<var>${http_status_res_code}</var>
</assign>
<msg timestamp="20210407 18:18:00.602" level="INFO">${http_status_res_code} = 404</msg>
<status status="PASS" starttime="20210407 18:18:00.602" endtime="20210407 18:18:00.602"></status>
</kw>
<kw name="Log" library="BuiltIn">
<doc>Logs the given message with the given level.</doc>
<arguments>
<arg>${resp.json()}</arg>
</arguments>
<msg timestamp="20210407 18:18:00.603" level="INFO">{'success': False, 'data': None, 'error': {'message': 'user by phone 08738420 not found'}}</msg>
<status status="PASS" starttime="20210407 18:18:00.602" endtime="20210407 18:18:00.603"></status>
</kw>
<kw name="Validation Http status code 404 NOT FOUND" library="user_keywords">
<arguments>
<arg>${http_status_res_code}</arg>
</arguments>
<kw name="Should Be Equal As Strings" library="BuiltIn">
<doc>Fails if objects are unequal after converting them to strings.</doc>
<arguments>
<arg>${http_status_res_code}</arg>
<arg>404</arg>
</arguments>
<msg timestamp="20210407 18:18:00.604" level="INFO">Argument types are:
&lt;class 'int'&gt;
&lt;type 'unicode'&gt;</msg>
<status status="PASS" starttime="20210407 18:18:00.604" endtime="20210407 18:18:00.605"></status>
</kw>
<status status="PASS" starttime="20210407 18:18:00.603" endtime="20210407 18:18:00.605"></status>
</kw>
<status status="PASS" starttime="20210407 18:18:00.401" endtime="20210407 18:18:00.605" critical="yes"></status>
</test>
<test id="s1-t5" name="TC_0005_Driver_fill in phone number not available">
<kw name="Create Session" library="RequestsLibrary">
<doc>Create Session: create a HTTP session to a server</doc>
<arguments>
<arg>session</arg>
<arg>https://api.staging.true-e-logistics.com</arg>
</arguments>
<msg timestamp="20210407 18:18:00.607" level="INFO">Creating Session using : alias=session, url=https://api.staging.true-e-logistics.com, headers={},                     cookies={}, auth=None, timeout=None, proxies=None, verify=False,                     debug=0 </msg>
<status status="PASS" starttime="20210407 18:18:00.607" endtime="20210407 18:18:00.607"></status>
</kw>
<kw name="Create Dictionary" library="BuiltIn">
<doc>Creates and returns a dictionary based on the given ``items``.</doc>
<arguments>
<arg>Content-Type=${Content-Type}</arg>
<arg>language=TH</arg>
<arg>template=ODM</arg>
</arguments>
<assign>
<var>${headers}</var>
</assign>
<msg timestamp="20210407 18:18:00.613" level="INFO">${headers} = {'Content-Type': 'application/json', 'language': 'TH', 'template': 'ODM'}</msg>
<status status="PASS" starttime="20210407 18:18:00.611" endtime="20210407 18:18:00.613"></status>
</kw>
<kw name="Get File" library="OperatingSystem">
<doc>Returns the contents of a specified file.</doc>
<arguments>
<arg>TC_0005_Phone number not available.json</arg>
</arguments>
<assign>
<var>${json_string}</var>
</assign>
<msg timestamp="20210407 18:18:00.614" level="INFO" html="yes">Getting file '&lt;a href="file:///Users/panuwitsupageeratirod/ondemand/Automation_Ondemand2.0/CPFresh mart/API_Forgot_password/TC_0005_Phone number not available.json"&gt;/Users/panuwitsupageeratirod/ondemand/Automation_Ondemand2.0/CPFresh mart/API_Forgot_password/TC_0005_Phone number not available.json&lt;/a&gt;'.</msg>
<msg timestamp="20210407 18:18:00.616" level="INFO">${json_string} = {
    "phone": "0900000000"
}</msg>
<status status="PASS" starttime="20210407 18:18:00.613" endtime="20210407 18:18:00.616"></status>
</kw>
<kw name="Post Request" library="RequestsLibrary">
<doc>Send a POST request on the session object found using the
given `alias`</doc>
<arguments>
<arg>session</arg>
<arg>/4pl-authentication/v1/otp</arg>
<arg>data=${json_string}</arg>
<arg>headers=${headers}</arg>
</arguments>
<assign>
<var>${resp}</var>
</assign>
<msg timestamp="20210407 18:18:00.620" level="INFO">POST Request using : uri=/4pl-authentication/v1/otp, params=None, files=None, allow_redirects=True, timeout=None
headers={'User-Agent': 'python-requests/2.22.0', 'Accept-Encoding': 'gzip, deflate', 'Accept': '*/*', 'Connection': 'keep-alive', 'Content-Type': 'application/json', 'language': 'TH', 'template': 'ODM'} 
data={
    "phone": "0900000000"
} 
json=None</msg>
<msg timestamp="20210407 18:18:00.825" level="INFO">/Users/panuwitsupageeratirod/.virtualenvs/automate/lib/python3.7/site-packages/urllib3/connectionpool.py:851: InsecureRequestWarning: Unverified HTTPS request is being made. Adding certificate verification is strongly advised. See: https://urllib3.readthedocs.io/en/latest/advanced-usage.html#ssl-warnings
  InsecureRequestWarning)</msg>
<msg timestamp="20210407 18:18:00.826" level="INFO">${resp} = &lt;Response [404]&gt;</msg>
<status status="PASS" starttime="20210407 18:18:00.619" endtime="20210407 18:18:00.826"></status>
</kw>
<kw name="Set Variable" library="BuiltIn">
<doc>Returns the given values which can then be assigned to a variables.</doc>
<arguments>
<arg>${resp.status_code}</arg>
</arguments>
<assign>
<var>${http_status_res_code}</var>
</assign>
<msg timestamp="20210407 18:18:00.827" level="INFO">${http_status_res_code} = 404</msg>
<status status="PASS" starttime="20210407 18:18:00.827" endtime="20210407 18:18:00.827"></status>
</kw>
<kw name="Log" library="BuiltIn">
<doc>Logs the given message with the given level.</doc>
<arguments>
<arg>${resp.json()}</arg>
</arguments>
<msg timestamp="20210407 18:18:00.828" level="INFO">{'success': False, 'data': None, 'error': {'message': 'user by phone 0900000000 not found'}}</msg>
<status status="PASS" starttime="20210407 18:18:00.828" endtime="20210407 18:18:00.829"></status>
</kw>
<kw name="Validation Http status code 404 NOT FOUND" library="user_keywords">
<arguments>
<arg>${http_status_res_code}</arg>
</arguments>
<kw name="Should Be Equal As Strings" library="BuiltIn">
<doc>Fails if objects are unequal after converting them to strings.</doc>
<arguments>
<arg>${http_status_res_code}</arg>
<arg>404</arg>
</arguments>
<msg timestamp="20210407 18:18:00.831" level="INFO">Argument types are:
&lt;class 'int'&gt;
&lt;type 'unicode'&gt;</msg>
<status status="PASS" starttime="20210407 18:18:00.831" endtime="20210407 18:18:00.832"></status>
</kw>
<status status="PASS" starttime="20210407 18:18:00.830" endtime="20210407 18:18:00.832"></status>
</kw>
<status status="PASS" starttime="20210407 18:18:00.606" endtime="20210407 18:18:00.832" critical="yes"></status>
</test>
<test id="s1-t6" name="TC_0006_Verify that format phone number starts with 0">
<kw name="Create Session" library="RequestsLibrary">
<doc>Create Session: create a HTTP session to a server</doc>
<arguments>
<arg>session</arg>
<arg>https://api.staging.true-e-logistics.com</arg>
</arguments>
<msg timestamp="20210407 18:18:00.835" level="INFO">Creating Session using : alias=session, url=https://api.staging.true-e-logistics.com, headers={},                     cookies={}, auth=None, timeout=None, proxies=None, verify=False,                     debug=0 </msg>
<status status="PASS" starttime="20210407 18:18:00.834" endtime="20210407 18:18:00.835"></status>
</kw>
<kw name="Create Dictionary" library="BuiltIn">
<doc>Creates and returns a dictionary based on the given ``items``.</doc>
<arguments>
<arg>Content-Type=${Content-Type}</arg>
<arg>language=TH</arg>
<arg>template=ODM</arg>
</arguments>
<assign>
<var>${headers}</var>
</assign>
<msg timestamp="20210407 18:18:00.836" level="INFO">${headers} = {'Content-Type': 'application/json', 'language': 'TH', 'template': 'ODM'}</msg>
<status status="PASS" starttime="20210407 18:18:00.836" endtime="20210407 18:18:00.836"></status>
</kw>
<kw name="Get File" library="OperatingSystem">
<doc>Returns the contents of a specified file.</doc>
<arguments>
<arg>TC_0006_Verify that format phone number start with 0.json</arg>
</arguments>
<assign>
<var>${json_string}</var>
</assign>
<msg timestamp="20210407 18:18:00.838" level="INFO" html="yes">Getting file '&lt;a href="file:///Users/panuwitsupageeratirod/ondemand/Automation_Ondemand2.0/CPFresh mart/API_Forgot_password/TC_0006_Verify that format phone number start with 0.json"&gt;/Users/panuwitsupageeratirod/ondemand/Automation_Ondemand2.0/CPFresh mart/API_Forgot_password/TC_0006_Verify that format phone number start with 0.json&lt;/a&gt;'.</msg>
<msg timestamp="20210407 18:18:00.844" level="INFO">${json_string} = {
    "phone": "0873842085"
}</msg>
<status status="PASS" starttime="20210407 18:18:00.836" endtime="20210407 18:18:00.844"></status>
</kw>
<kw name="Post Request" library="RequestsLibrary">
<doc>Send a POST request on the session object found using the
given `alias`</doc>
<arguments>
<arg>session</arg>
<arg>/4pl-authentication/v1/otp</arg>
<arg>data=${json_string}</arg>
<arg>headers=${headers}</arg>
</arguments>
<assign>
<var>${resp}</var>
</assign>
<msg timestamp="20210407 18:18:00.850" level="INFO">POST Request using : uri=/4pl-authentication/v1/otp, params=None, files=None, allow_redirects=True, timeout=None
headers={'User-Agent': 'python-requests/2.22.0', 'Accept-Encoding': 'gzip, deflate', 'Accept': '*/*', 'Connection': 'keep-alive', 'Content-Type': 'application/json', 'language': 'TH', 'template': 'ODM'} 
data={
    "phone": "0873842085"
} 
json=None</msg>
<msg timestamp="20210407 18:18:01.264" level="INFO">/Users/panuwitsupageeratirod/.virtualenvs/automate/lib/python3.7/site-packages/urllib3/connectionpool.py:851: InsecureRequestWarning: Unverified HTTPS request is being made. Adding certificate verification is strongly advised. See: https://urllib3.readthedocs.io/en/latest/advanced-usage.html#ssl-warnings
  InsecureRequestWarning)</msg>
<msg timestamp="20210407 18:18:01.264" level="INFO">${resp} = &lt;Response [200]&gt;</msg>
<status status="PASS" starttime="20210407 18:18:00.847" endtime="20210407 18:18:01.264"></status>
</kw>
<kw name="Set Variable" library="BuiltIn">
<doc>Returns the given values which can then be assigned to a variables.</doc>
<arguments>
<arg>${resp.status_code}</arg>
</arguments>
<assign>
<var>${http_status_res_code}</var>
</assign>
<msg timestamp="20210407 18:18:01.265" level="INFO">${http_status_res_code} = 200</msg>
<status status="PASS" starttime="20210407 18:18:01.264" endtime="20210407 18:18:01.265"></status>
</kw>
<kw name="Log" library="BuiltIn">
<doc>Logs the given message with the given level.</doc>
<arguments>
<arg>${resp.json()}</arg>
</arguments>
<msg timestamp="20210407 18:18:01.266" level="INFO">{'data': {'msg': 'OTP has been sent to phone number 0873842085 please verify', 'otpRefCode': '1VT0lyL5y', 'otpCode': '495954', 'expiredAt': '2021-04-07T11:19:01.018Z'}, 'status': 'OK', 'statusCodes': 200}</msg>
<status status="PASS" starttime="20210407 18:18:01.265" endtime="20210407 18:18:01.266"></status>
</kw>
<kw name="Validation Http status code success 200 OK" library="user_keywords">
<arguments>
<arg>${http_status_res_code}</arg>
</arguments>
<kw name="Should Be Equal As Strings" library="BuiltIn">
<doc>Fails if objects are unequal after converting them to strings.</doc>
<arguments>
<arg>${http_status_res_code}</arg>
<arg>200</arg>
</arguments>
<msg timestamp="20210407 18:18:01.268" level="INFO">Argument types are:
&lt;class 'int'&gt;
&lt;type 'unicode'&gt;</msg>
<status status="PASS" starttime="20210407 18:18:01.267" endtime="20210407 18:18:01.268"></status>
</kw>
<status status="PASS" starttime="20210407 18:18:01.266" endtime="20210407 18:18:01.268"></status>
</kw>
<kw name="Get From Dictionary" library="Collections">
<doc>Returns a value from the given ``dictionary`` based on the given ``key``.</doc>
<arguments>
<arg>${resp.json()["data"]}</arg>
<arg>otpRefCode</arg>
</arguments>
<assign>
<var>${otpRefCode}</var>
</assign>
<msg timestamp="20210407 18:18:01.269" level="INFO">${otpRefCode} = 1VT0lyL5y</msg>
<status status="PASS" starttime="20210407 18:18:01.268" endtime="20210407 18:18:01.269"></status>
</kw>
<kw name="Get From Dictionary" library="Collections">
<doc>Returns a value from the given ``dictionary`` based on the given ``key``.</doc>
<arguments>
<arg>${resp.json()["data"]}</arg>
<arg>otpCode</arg>
</arguments>
<assign>
<var>${otpCode}</var>
</assign>
<msg timestamp="20210407 18:18:01.270" level="INFO">${otpCode} = 495954</msg>
<status status="PASS" starttime="20210407 18:18:01.269" endtime="20210407 18:18:01.270"></status>
</kw>
<kw name="Create File" library="OperatingSystem">
<doc>Creates a file with the given content and encoding.</doc>
<arguments>
<arg>${EXECDIR}/otpRefCode.txt</arg>
<arg>${otpRefCode}</arg>
</arguments>
<msg timestamp="20210407 18:18:01.270" level="INFO" html="yes">Created file '&lt;a href="file:///Users/panuwitsupageeratirod/ondemand/Automation_Ondemand2.0/CPFresh mart/API_Forgot_password/otpRefCode.txt"&gt;/Users/panuwitsupageeratirod/ondemand/Automation_Ondemand2.0/CPFresh mart/API_Forgot_password/otpRefCode.txt&lt;/a&gt;'.</msg>
<status status="PASS" starttime="20210407 18:18:01.270" endtime="20210407 18:18:01.270"></status>
</kw>
<kw name="Create File" library="OperatingSystem">
<doc>Creates a file with the given content and encoding.</doc>
<arguments>
<arg>${EXECDIR}/otpCode.txt</arg>
<arg>${otpCode}</arg>
</arguments>
<msg timestamp="20210407 18:18:01.272" level="INFO" html="yes">Created file '&lt;a href="file:///Users/panuwitsupageeratirod/ondemand/Automation_Ondemand2.0/CPFresh mart/API_Forgot_password/otpCode.txt"&gt;/Users/panuwitsupageeratirod/ondemand/Automation_Ondemand2.0/CPFresh mart/API_Forgot_password/otpCode.txt&lt;/a&gt;'.</msg>
<status status="PASS" starttime="20210407 18:18:01.271" endtime="20210407 18:18:01.272"></status>
</kw>
<kw name="Set Global Variable" library="BuiltIn">
<doc>Makes a variable available globally in all tests and suites.</doc>
<arguments>
<arg>${otpRefCode}</arg>
</arguments>
<msg timestamp="20210407 18:18:01.272" level="INFO">${otpRefCode} = 1VT0lyL5y</msg>
<status status="PASS" starttime="20210407 18:18:01.272" endtime="20210407 18:18:01.273"></status>
</kw>
<kw name="Set Global Variable" library="BuiltIn">
<doc>Makes a variable available globally in all tests and suites.</doc>
<arguments>
<arg>${otpCode}</arg>
</arguments>
<msg timestamp="20210407 18:18:01.273" level="INFO">${otpCode} = 495954</msg>
<status status="PASS" starttime="20210407 18:18:01.273" endtime="20210407 18:18:01.273"></status>
</kw>
<status status="PASS" starttime="20210407 18:18:00.833" endtime="20210407 18:18:01.274" critical="yes"></status>
</test>
<test id="s1-t7" name="TC_0007_Verify that format phone number with +66">
<kw name="Create Session" library="RequestsLibrary">
<doc>Create Session: create a HTTP session to a server</doc>
<arguments>
<arg>session</arg>
<arg>https://api.staging.true-e-logistics.com</arg>
</arguments>
<msg timestamp="20210407 18:18:01.276" level="INFO">Creating Session using : alias=session, url=https://api.staging.true-e-logistics.com, headers={},                     cookies={}, auth=None, timeout=None, proxies=None, verify=False,                     debug=0 </msg>
<status status="PASS" starttime="20210407 18:18:01.276" endtime="20210407 18:18:01.276"></status>
</kw>
<kw name="Create Dictionary" library="BuiltIn">
<doc>Creates and returns a dictionary based on the given ``items``.</doc>
<arguments>
<arg>Content-Type=${Content-Type}</arg>
<arg>language=TH</arg>
<arg>template=ODM</arg>
</arguments>
<assign>
<var>${headers}</var>
</assign>
<msg timestamp="20210407 18:18:01.277" level="INFO">${headers} = {'Content-Type': 'application/json', 'language': 'TH', 'template': 'ODM'}</msg>
<status status="PASS" starttime="20210407 18:18:01.277" endtime="20210407 18:18:01.277"></status>
</kw>
<kw name="Get File" library="OperatingSystem">
<doc>Returns the contents of a specified file.</doc>
<arguments>
<arg>TC_0007_Verify that format phone numbe.json</arg>
</arguments>
<assign>
<var>${json_string}</var>
</assign>
<msg timestamp="20210407 18:18:01.278" level="INFO" html="yes">Getting file '&lt;a href="file:///Users/panuwitsupageeratirod/ondemand/Automation_Ondemand2.0/CPFresh mart/API_Forgot_password/TC_0007_Verify that format phone numbe.json"&gt;/Users/panuwitsupageeratirod/ondemand/Automation_Ondemand2.0/CPFresh mart/API_Forgot_password/TC_0007_Verify that format phone numbe.json&lt;/a&gt;'.</msg>
<msg timestamp="20210407 18:18:01.278" level="INFO">${json_string} = {
    "phone": "+66873842085"
}</msg>
<status status="PASS" starttime="20210407 18:18:01.277" endtime="20210407 18:18:01.278"></status>
</kw>
<kw name="Post Request" library="RequestsLibrary">
<doc>Send a POST request on the session object found using the
given `alias`</doc>
<arguments>
<arg>session</arg>
<arg>/4pl-authentication/v1/otp</arg>
<arg>data=${json_string}</arg>
<arg>headers=${headers}</arg>
</arguments>
<assign>
<var>${resp}</var>
</assign>
<msg timestamp="20210407 18:18:01.284" level="INFO">POST Request using : uri=/4pl-authentication/v1/otp, params=None, files=None, allow_redirects=True, timeout=None
headers={'User-Agent': 'python-requests/2.22.0', 'Accept-Encoding': 'gzip, deflate', 'Accept': '*/*', 'Connection': 'keep-alive', 'Content-Type': 'application/json', 'language': 'TH', 'template': 'ODM'} 
data={
    "phone": "+66873842085"
} 
json=None</msg>
<msg timestamp="20210407 18:18:01.525" level="INFO">/Users/panuwitsupageeratirod/.virtualenvs/automate/lib/python3.7/site-packages/urllib3/connectionpool.py:851: InsecureRequestWarning: Unverified HTTPS request is being made. Adding certificate verification is strongly advised. See: https://urllib3.readthedocs.io/en/latest/advanced-usage.html#ssl-warnings
  InsecureRequestWarning)</msg>
<msg timestamp="20210407 18:18:01.526" level="INFO">${resp} = &lt;Response [404]&gt;</msg>
<status status="PASS" starttime="20210407 18:18:01.283" endtime="20210407 18:18:01.526"></status>
</kw>
<kw name="Set Variable" library="BuiltIn">
<doc>Returns the given values which can then be assigned to a variables.</doc>
<arguments>
<arg>${resp.status_code}</arg>
</arguments>
<assign>
<var>${http_status_res_code}</var>
</assign>
<msg timestamp="20210407 18:18:01.527" level="INFO">${http_status_res_code} = 404</msg>
<status status="PASS" starttime="20210407 18:18:01.526" endtime="20210407 18:18:01.527"></status>
</kw>
<kw name="Log" library="BuiltIn">
<doc>Logs the given message with the given level.</doc>
<arguments>
<arg>${resp.json()}</arg>
</arguments>
<msg timestamp="20210407 18:18:01.528" level="INFO">{'success': False, 'data': None, 'error': {'message': 'user by phone +66873842085 not found'}}</msg>
<status status="PASS" starttime="20210407 18:18:01.527" endtime="20210407 18:18:01.528"></status>
</kw>
<kw name="Validation Http status code 404 NOT FOUND" library="user_keywords">
<arguments>
<arg>${http_status_res_code}</arg>
</arguments>
<kw name="Should Be Equal As Strings" library="BuiltIn">
<doc>Fails if objects are unequal after converting them to strings.</doc>
<arguments>
<arg>${http_status_res_code}</arg>
<arg>404</arg>
</arguments>
<msg timestamp="20210407 18:18:01.530" level="INFO">Argument types are:
&lt;class 'int'&gt;
&lt;type 'unicode'&gt;</msg>
<status status="PASS" starttime="20210407 18:18:01.529" endtime="20210407 18:18:01.530"></status>
</kw>
<status status="PASS" starttime="20210407 18:18:01.529" endtime="20210407 18:18:01.530"></status>
</kw>
<status status="PASS" starttime="20210407 18:18:01.275" endtime="20210407 18:18:01.530" critical="yes"></status>
</test>
<test id="s1-t8" name="TC_0008_Driver Validation OTP Success">
<kw name="Create Session" library="RequestsLibrary">
<doc>Create Session: create a HTTP session to a server</doc>
<arguments>
<arg>session</arg>
<arg>https://api.staging.true-e-logistics.com</arg>
</arguments>
<msg timestamp="20210407 18:18:01.532" level="INFO">Creating Session using : alias=session, url=https://api.staging.true-e-logistics.com, headers={},                     cookies={}, auth=None, timeout=None, proxies=None, verify=False,                     debug=0 </msg>
<status status="PASS" starttime="20210407 18:18:01.532" endtime="20210407 18:18:01.533"></status>
</kw>
<kw name="Create Dictionary" library="BuiltIn">
<doc>Creates and returns a dictionary based on the given ``items``.</doc>
<arguments>
<arg>Content-Type=${Content-Type}</arg>
<arg>language=TH</arg>
</arguments>
<assign>
<var>${headers}</var>
</assign>
<msg timestamp="20210407 18:18:01.534" level="INFO">${headers} = {'Content-Type': 'application/json', 'language': 'TH'}</msg>
<status status="PASS" starttime="20210407 18:18:01.533" endtime="20210407 18:18:01.534"></status>
</kw>
<kw name="Get File" library="OperatingSystem">
<doc>Returns the contents of a specified file.</doc>
<arguments>
<arg>TC_0001_Validation_OTP_success.json</arg>
</arguments>
<assign>
<var>${json_string}</var>
</assign>
<msg timestamp="20210407 18:18:01.535" level="INFO" html="yes">Getting file '&lt;a href="file:///Users/panuwitsupageeratirod/ondemand/Automation_Ondemand2.0/CPFresh mart/API_Forgot_password/TC_0001_Validation_OTP_success.json"&gt;/Users/panuwitsupageeratirod/ondemand/Automation_Ondemand2.0/CPFresh mart/API_Forgot_password/TC_0001_Validation_OTP_success.json&lt;/a&gt;'.</msg>
<msg timestamp="20210407 18:18:01.536" level="INFO">${json_string} = {
    "otpCode": "612442",
    "otpRefCode": "FZtrkOW_w"
}</msg>
<status status="PASS" starttime="20210407 18:18:01.534" endtime="20210407 18:18:01.536"></status>
</kw>
<kw name="Validation OTP success" library="user_keywords_forgot_password">
<arguments>
<arg>${json_string}</arg>
</arguments>
<assign>
<var>${new_json_string}</var>
</assign>
<kw name="Evaluate" library="BuiltIn">
<doc>Evaluates the given expression in Python and returns the results.</doc>
<arguments>
<arg>json.loads('''${json_string}''')</arg>
<arg>json</arg>
</arguments>
<assign>
<var>${json_string}</var>
</assign>
<msg timestamp="20210407 18:18:01.537" level="INFO">${json_string} = {'otpCode': '612442', 'otpRefCode': 'FZtrkOW_w'}</msg>
<status status="PASS" starttime="20210407 18:18:01.537" endtime="20210407 18:18:01.538"></status>
</kw>
<kw name="Get File" library="OperatingSystem">
<doc>Returns the contents of a specified file.</doc>
<arguments>
<arg>otpRefCode.txt</arg>
</arguments>
<assign>
<var>${otpRefCode}</var>
</assign>
<msg timestamp="20210407 18:18:01.538" level="INFO" html="yes">Getting file '&lt;a href="file:///Users/panuwitsupageeratirod/ondemand/Automation_Ondemand2.0/CPFresh mart/API_Forgot_password/otpRefCode.txt"&gt;/Users/panuwitsupageeratirod/ondemand/Automation_Ondemand2.0/CPFresh mart/API_Forgot_password/otpRefCode.txt&lt;/a&gt;'.</msg>
<msg timestamp="20210407 18:18:01.538" level="INFO">${otpRefCode} = 1VT0lyL5y</msg>
<status status="PASS" starttime="20210407 18:18:01.538" endtime="20210407 18:18:01.538"></status>
</kw>
<kw name="Get File" library="OperatingSystem">
<doc>Returns the contents of a specified file.</doc>
<arguments>
<arg>otpCode.txt</arg>
</arguments>
<assign>
<var>${otpCode}</var>
</assign>
<msg timestamp="20210407 18:18:01.539" level="INFO" html="yes">Getting file '&lt;a href="file:///Users/panuwitsupageeratirod/ondemand/Automation_Ondemand2.0/CPFresh mart/API_Forgot_password/otpCode.txt"&gt;/Users/panuwitsupageeratirod/ondemand/Automation_Ondemand2.0/CPFresh mart/API_Forgot_password/otpCode.txt&lt;/a&gt;'.</msg>
<msg timestamp="20210407 18:18:01.539" level="INFO">${otpCode} = 495954</msg>
<status status="PASS" starttime="20210407 18:18:01.538" endtime="20210407 18:18:01.539"></status>
</kw>
<kw name="Set To Dictionary" library="Collections">
<doc>Adds the given ``key_value_pairs`` and ``items`` to the ``dictionary``.</doc>
<arguments>
<arg>${json_string}</arg>
<arg>otpCode=${otpCode}</arg>
</arguments>
<status status="PASS" starttime="20210407 18:18:01.540" endtime="20210407 18:18:01.540"></status>
</kw>
<kw name="Set To Dictionary" library="Collections">
<doc>Adds the given ``key_value_pairs`` and ``items`` to the ``dictionary``.</doc>
<arguments>
<arg>${json_string}</arg>
<arg>otpRefCode=${otpRefCode}</arg>
</arguments>
<status status="PASS" starttime="20210407 18:18:01.540" endtime="20210407 18:18:01.540"></status>
</kw>
<kw name="Evaluate" library="BuiltIn">
<doc>Evaluates the given expression in Python and returns the results.</doc>
<arguments>
<arg>json.dumps(${json_string})</arg>
<arg>json</arg>
</arguments>
<assign>
<var>${json_string}</var>
</assign>
<msg timestamp="20210407 18:18:01.541" level="INFO">${json_string} = {"otpCode": "495954", "otpRefCode": "1VT0lyL5y"}</msg>
<status status="PASS" starttime="20210407 18:18:01.540" endtime="20210407 18:18:01.541"></status>
</kw>
<msg timestamp="20210407 18:18:01.541" level="INFO">${new_json_string} = {"otpCode": "495954", "otpRefCode": "1VT0lyL5y"}</msg>
<status status="PASS" starttime="20210407 18:18:01.536" endtime="20210407 18:18:01.541"></status>
</kw>
<kw name="Post Request" library="RequestsLibrary">
<doc>Send a POST request on the session object found using the
given `alias`</doc>
<arguments>
<arg>session</arg>
<arg>/4pl-authentication/v1/otp/verify/user</arg>
<arg>data=${new_json_string}</arg>
<arg>headers=${headers}</arg>
</arguments>
<assign>
<var>${resp}</var>
</assign>
<msg timestamp="20210407 18:18:01.542" level="INFO">POST Request using : uri=/4pl-authentication/v1/otp/verify/user, params=None, files=None, allow_redirects=True, timeout=None
headers={'User-Agent': 'python-requests/2.22.0', 'Accept-Encoding': 'gzip, deflate', 'Accept': '*/*', 'Connection': 'keep-alive', 'Content-Type': 'application/json', 'language': 'TH'} 
data={"otpCode": "495954", "otpRefCode": "1VT0lyL5y"} 
json=None</msg>
<msg timestamp="20210407 18:18:01.743" level="INFO">/Users/panuwitsupageeratirod/.virtualenvs/automate/lib/python3.7/site-packages/urllib3/connectionpool.py:851: InsecureRequestWarning: Unverified HTTPS request is being made. Adding certificate verification is strongly advised. See: https://urllib3.readthedocs.io/en/latest/advanced-usage.html#ssl-warnings
  InsecureRequestWarning)</msg>
<msg timestamp="20210407 18:18:01.743" level="INFO">${resp} = &lt;Response [200]&gt;</msg>
<status status="PASS" starttime="20210407 18:18:01.541" endtime="20210407 18:18:01.743"></status>
</kw>
<kw name="Set Variable" library="BuiltIn">
<doc>Returns the given values which can then be assigned to a variables.</doc>
<arguments>
<arg>${resp.status_code}</arg>
</arguments>
<assign>
<var>${http_status_res_code}</var>
</assign>
<msg timestamp="20210407 18:18:01.744" level="INFO">${http_status_res_code} = 200</msg>
<status status="PASS" starttime="20210407 18:18:01.744" endtime="20210407 18:18:01.744"></status>
</kw>
<kw name="Log" library="BuiltIn">
<doc>Logs the given message with the given level.</doc>
<arguments>
<arg>${resp.json()}</arg>
</arguments>
<msg timestamp="20210407 18:18:01.745" level="INFO">{'data': {'resetPasswordInfo': {'token': 'IG6bZrYYW', 'expiredAt': '2021-04-07T11:33:01.717Z', 'isTokenUsed': False}, 'phone': '0873842085'}, 'status': 'OK', 'statusCodes': 200}</msg>
<status status="PASS" starttime="20210407 18:18:01.745" endtime="20210407 18:18:01.746"></status>
</kw>
<kw name="Validation Http status code success 200 OK" library="user_keywords">
<arguments>
<arg>${http_status_res_code}</arg>
</arguments>
<kw name="Should Be Equal As Strings" library="BuiltIn">
<doc>Fails if objects are unequal after converting them to strings.</doc>
<arguments>
<arg>${http_status_res_code}</arg>
<arg>200</arg>
</arguments>
<msg timestamp="20210407 18:18:01.746" level="INFO">Argument types are:
&lt;class 'int'&gt;
&lt;type 'unicode'&gt;</msg>
<status status="PASS" starttime="20210407 18:18:01.746" endtime="20210407 18:18:01.746"></status>
</kw>
<status status="PASS" starttime="20210407 18:18:01.746" endtime="20210407 18:18:01.747"></status>
</kw>
<kw name="Get From Dictionary" library="Collections">
<doc>Returns a value from the given ``dictionary`` based on the given ``key``.</doc>
<arguments>
<arg>${resp.json()["data"]["resetPasswordInfo"]}</arg>
<arg>token</arg>
</arguments>
<assign>
<var>${token_forgotpassword}</var>
</assign>
<msg timestamp="20210407 18:18:01.747" level="INFO">${token_forgotpassword} = IG6bZrYYW</msg>
<status status="PASS" starttime="20210407 18:18:01.747" endtime="20210407 18:18:01.747"></status>
</kw>
<kw name="Create File" library="OperatingSystem">
<doc>Creates a file with the given content and encoding.</doc>
<arguments>
<arg>${EXECDIR}/token_forgotpassword.txt</arg>
<arg>${token_forgotpassword}</arg>
</arguments>
<msg timestamp="20210407 18:18:01.750" level="INFO" html="yes">Created file '&lt;a href="file:///Users/panuwitsupageeratirod/ondemand/Automation_Ondemand2.0/CPFresh mart/API_Forgot_password/token_forgotpassword.txt"&gt;/Users/panuwitsupageeratirod/ondemand/Automation_Ondemand2.0/CPFresh mart/API_Forgot_password/token_forgotpassword.txt&lt;/a&gt;'.</msg>
<status status="PASS" starttime="20210407 18:18:01.748" endtime="20210407 18:18:01.750"></status>
</kw>
<kw name="Set Global Variable" library="BuiltIn">
<doc>Makes a variable available globally in all tests and suites.</doc>
<arguments>
<arg>${token_forgotpassword}</arg>
</arguments>
<msg timestamp="20210407 18:18:01.751" level="INFO">${token_forgotpassword} = IG6bZrYYW</msg>
<status status="PASS" starttime="20210407 18:18:01.750" endtime="20210407 18:18:01.751"></status>
</kw>
<status status="PASS" starttime="20210407 18:18:01.531" endtime="20210407 18:18:01.751" critical="yes"></status>
</test>
<test id="s1-t9" name="TC_0009_Driver Validation OTP when path environment incorect">
<kw name="Create Session" library="RequestsLibrary">
<doc>Create Session: create a HTTP session to a server</doc>
<arguments>
<arg>session</arg>
<arg>https://api.staging.true-e-logistics.com</arg>
</arguments>
<msg timestamp="20210407 18:18:01.752" level="INFO">Creating Session using : alias=session, url=https://api.staging.true-e-logistics.com, headers={},                     cookies={}, auth=None, timeout=None, proxies=None, verify=False,                     debug=0 </msg>
<status status="PASS" starttime="20210407 18:18:01.752" endtime="20210407 18:18:01.753"></status>
</kw>
<kw name="Create Dictionary" library="BuiltIn">
<doc>Creates and returns a dictionary based on the given ``items``.</doc>
<arguments>
<arg>Content-Type=${Content-Type}</arg>
<arg>language=TH</arg>
</arguments>
<assign>
<var>${headers}</var>
</assign>
<msg timestamp="20210407 18:18:01.753" level="INFO">${headers} = {'Content-Type': 'application/json', 'language': 'TH'}</msg>
<status status="PASS" starttime="20210407 18:18:01.753" endtime="20210407 18:18:01.753"></status>
</kw>
<kw name="Get File" library="OperatingSystem">
<doc>Returns the contents of a specified file.</doc>
<arguments>
<arg>TC_0001_Validation_OTP_success.json</arg>
</arguments>
<assign>
<var>${json_string}</var>
</assign>
<msg timestamp="20210407 18:18:01.754" level="INFO" html="yes">Getting file '&lt;a href="file:///Users/panuwitsupageeratirod/ondemand/Automation_Ondemand2.0/CPFresh mart/API_Forgot_password/TC_0001_Validation_OTP_success.json"&gt;/Users/panuwitsupageeratirod/ondemand/Automation_Ondemand2.0/CPFresh mart/API_Forgot_password/TC_0001_Validation_OTP_success.json&lt;/a&gt;'.</msg>
<msg timestamp="20210407 18:18:01.754" level="INFO">${json_string} = {
    "otpCode": "612442",
    "otpRefCode": "FZtrkOW_w"
}</msg>
<status status="PASS" starttime="20210407 18:18:01.753" endtime="20210407 18:18:01.754"></status>
</kw>
<kw name="Post Request" library="RequestsLibrary">
<doc>Send a POST request on the session object found using the
given `alias`</doc>
<arguments>
<arg>session</arg>
<arg>/4pl-authentication/v1/otp/verify/userxxx</arg>
<arg>data=${json_string}</arg>
<arg>headers=${headers}</arg>
</arguments>
<assign>
<var>${resp}</var>
</assign>
<msg timestamp="20210407 18:18:01.754" level="INFO">POST Request using : uri=/4pl-authentication/v1/otp/verify/userxxx, params=None, files=None, allow_redirects=True, timeout=None
headers={'User-Agent': 'python-requests/2.22.0', 'Accept-Encoding': 'gzip, deflate', 'Accept': '*/*', 'Connection': 'keep-alive', 'Content-Type': 'application/json', 'language': 'TH'} 
data={
    "otpCode": "612442",
    "otpRefCode": "FZtrkOW_w"
} 
json=None</msg>
<msg timestamp="20210407 18:18:01.938" level="INFO">/Users/panuwitsupageeratirod/.virtualenvs/automate/lib/python3.7/site-packages/urllib3/connectionpool.py:851: InsecureRequestWarning: Unverified HTTPS request is being made. Adding certificate verification is strongly advised. See: https://urllib3.readthedocs.io/en/latest/advanced-usage.html#ssl-warnings
  InsecureRequestWarning)</msg>
<msg timestamp="20210407 18:18:01.938" level="INFO">${resp} = &lt;Response [404]&gt;</msg>
<status status="PASS" starttime="20210407 18:18:01.754" endtime="20210407 18:18:01.938"></status>
</kw>
<kw name="Set Variable" library="BuiltIn">
<doc>Returns the given values which can then be assigned to a variables.</doc>
<arguments>
<arg>${resp.status_code}</arg>
</arguments>
<assign>
<var>${http_status_res_code}</var>
</assign>
<msg timestamp="20210407 18:18:01.942" level="INFO">${http_status_res_code} = 404</msg>
<status status="PASS" starttime="20210407 18:18:01.939" endtime="20210407 18:18:01.942"></status>
</kw>
<kw name="Log" library="BuiltIn">
<doc>Logs the given message with the given level.</doc>
<arguments>
<arg>${resp.json()}</arg>
</arguments>
<msg timestamp="20210407 18:18:01.944" level="INFO">{'message': 'The requested resource could not be found.', 'error': {}, 'status': 'NOT_FOUND', 'statusCode': 404}</msg>
<status status="PASS" starttime="20210407 18:18:01.942" endtime="20210407 18:18:01.944"></status>
</kw>
<kw name="Validation Http status code 404 NOT FOUND" library="user_keywords">
<arguments>
<arg>${http_status_res_code}</arg>
</arguments>
<kw name="Should Be Equal As Strings" library="BuiltIn">
<doc>Fails if objects are unequal after converting them to strings.</doc>
<arguments>
<arg>${http_status_res_code}</arg>
<arg>404</arg>
</arguments>
<msg timestamp="20210407 18:18:01.946" level="INFO">Argument types are:
&lt;class 'int'&gt;
&lt;type 'unicode'&gt;</msg>
<status status="PASS" starttime="20210407 18:18:01.945" endtime="20210407 18:18:01.947"></status>
</kw>
<status status="PASS" starttime="20210407 18:18:01.944" endtime="20210407 18:18:01.947"></status>
</kw>
<status status="PASS" starttime="20210407 18:18:01.751" endtime="20210407 18:18:01.947" critical="yes"></status>
</test>
<test id="s1-t10" name="TC_00011_Verify driver fill in OTP incorrectly">
<kw name="Create Session" library="RequestsLibrary">
<doc>Create Session: create a HTTP session to a server</doc>
<arguments>
<arg>session</arg>
<arg>https://api.staging.true-e-logistics.com</arg>
</arguments>
<msg timestamp="20210407 18:18:01.949" level="INFO">Creating Session using : alias=session, url=https://api.staging.true-e-logistics.com, headers={},                     cookies={}, auth=None, timeout=None, proxies=None, verify=False,                     debug=0 </msg>
<status status="PASS" starttime="20210407 18:18:01.949" endtime="20210407 18:18:01.951"></status>
</kw>
<kw name="Create Dictionary" library="BuiltIn">
<doc>Creates and returns a dictionary based on the given ``items``.</doc>
<arguments>
<arg>Content-Type=${Content-Type}</arg>
<arg>language=TH</arg>
</arguments>
<assign>
<var>${headers}</var>
</assign>
<msg timestamp="20210407 18:18:01.953" level="INFO">${headers} = {'Content-Type': 'application/json', 'language': 'TH'}</msg>
<status status="PASS" starttime="20210407 18:18:01.953" endtime="20210407 18:18:01.953"></status>
</kw>
<kw name="Get File" library="OperatingSystem">
<doc>Returns the contents of a specified file.</doc>
<arguments>
<arg>TC_0004_Validation_OTP incorrectly.json</arg>
</arguments>
<assign>
<var>${json_string}</var>
</assign>
<msg timestamp="20210407 18:18:01.954" level="INFO" html="yes">Getting file '&lt;a href="file:///Users/panuwitsupageeratirod/ondemand/Automation_Ondemand2.0/CPFresh mart/API_Forgot_password/TC_0004_Validation_OTP incorrectly.json"&gt;/Users/panuwitsupageeratirod/ondemand/Automation_Ondemand2.0/CPFresh mart/API_Forgot_password/TC_0004_Validation_OTP incorrectly.json&lt;/a&gt;'.</msg>
<msg timestamp="20210407 18:18:01.955" level="INFO">${json_string} = {
    "otpCode": "000000",
    "otpRefCode": "FZtrkOW_w"
}</msg>
<status status="PASS" starttime="20210407 18:18:01.954" endtime="20210407 18:18:01.955"></status>
</kw>
<kw name="Post Request" library="RequestsLibrary">
<doc>Send a POST request on the session object found using the
given `alias`</doc>
<arguments>
<arg>session</arg>
<arg>/4pl-authentication/v1/otp/verify/user</arg>
<arg>data=${json_string}</arg>
<arg>headers=${headers}</arg>
</arguments>
<assign>
<var>${resp}</var>
</assign>
<msg timestamp="20210407 18:18:01.962" level="INFO">POST Request using : uri=/4pl-authentication/v1/otp/verify/user, params=None, files=None, allow_redirects=True, timeout=None
headers={'User-Agent': 'python-requests/2.22.0', 'Accept-Encoding': 'gzip, deflate', 'Accept': '*/*', 'Connection': 'keep-alive', 'Content-Type': 'application/json', 'language': 'TH'} 
data={
    "otpCode": "000000",
    "otpRefCode": "FZtrkOW_w"
} 
json=None</msg>
<msg timestamp="20210407 18:18:02.143" level="INFO">/Users/panuwitsupageeratirod/.virtualenvs/automate/lib/python3.7/site-packages/urllib3/connectionpool.py:851: InsecureRequestWarning: Unverified HTTPS request is being made. Adding certificate verification is strongly advised. See: https://urllib3.readthedocs.io/en/latest/advanced-usage.html#ssl-warnings
  InsecureRequestWarning)</msg>
<msg timestamp="20210407 18:18:02.144" level="INFO">${resp} = &lt;Response [400]&gt;</msg>
<status status="PASS" starttime="20210407 18:18:01.959" endtime="20210407 18:18:02.144"></status>
</kw>
<kw name="Set Variable" library="BuiltIn">
<doc>Returns the given values which can then be assigned to a variables.</doc>
<arguments>
<arg>${resp.status_code}</arg>
</arguments>
<assign>
<var>${http_status_res_code}</var>
</assign>
<msg timestamp="20210407 18:18:02.145" level="INFO">${http_status_res_code} = 400</msg>
<status status="PASS" starttime="20210407 18:18:02.144" endtime="20210407 18:18:02.145"></status>
</kw>
<kw name="Log" library="BuiltIn">
<doc>Logs the given message with the given level.</doc>
<arguments>
<arg>${resp.json()}</arg>
</arguments>
<msg timestamp="20210407 18:18:02.146" level="INFO">{'success': False, 'data': None, 'error': {'message': 'otpCode or otpRefCode is invalid'}}</msg>
<status status="PASS" starttime="20210407 18:18:02.146" endtime="20210407 18:18:02.146"></status>
</kw>
<kw name="Validation Http status code 400 Bad request" library="user_keywords">
<arguments>
<arg>${http_status_res_code}</arg>
</arguments>
<kw name="Should Be Equal As Strings" library="BuiltIn">
<doc>Fails if objects are unequal after converting them to strings.</doc>
<arguments>
<arg>${http_status_res_code}</arg>
<arg>400</arg>
</arguments>
<msg timestamp="20210407 18:18:02.148" level="INFO">Argument types are:
&lt;class 'int'&gt;
&lt;type 'unicode'&gt;</msg>
<status status="PASS" starttime="20210407 18:18:02.147" endtime="20210407 18:18:02.148"></status>
</kw>
<status status="PASS" starttime="20210407 18:18:02.147" endtime="20210407 18:18:02.148"></status>
</kw>
<status status="PASS" starttime="20210407 18:18:01.948" endtime="20210407 18:18:02.148" critical="yes"></status>
</test>
<test id="s1-t11" name="TC_00012_Verify driver not filled out all the OTP">
<kw name="Create Session" library="RequestsLibrary">
<doc>Create Session: create a HTTP session to a server</doc>
<arguments>
<arg>session</arg>
<arg>https://api.staging.true-e-logistics.com</arg>
</arguments>
<msg timestamp="20210407 18:18:02.149" level="INFO">Creating Session using : alias=session, url=https://api.staging.true-e-logistics.com, headers={},                     cookies={}, auth=None, timeout=None, proxies=None, verify=False,                     debug=0 </msg>
<status status="PASS" starttime="20210407 18:18:02.149" endtime="20210407 18:18:02.150"></status>
</kw>
<kw name="Create Dictionary" library="BuiltIn">
<doc>Creates and returns a dictionary based on the given ``items``.</doc>
<arguments>
<arg>Content-Type=${Content-Type}</arg>
<arg>language=TH</arg>
</arguments>
<assign>
<var>${headers}</var>
</assign>
<msg timestamp="20210407 18:18:02.151" level="INFO">${headers} = {'Content-Type': 'application/json', 'language': 'TH'}</msg>
<status status="PASS" starttime="20210407 18:18:02.150" endtime="20210407 18:18:02.151"></status>
</kw>
<kw name="Get File" library="OperatingSystem">
<doc>Returns the contents of a specified file.</doc>
<arguments>
<arg>TC_0005_Validation_not filled out all the OTP.json</arg>
</arguments>
<assign>
<var>${json_string}</var>
</assign>
<msg timestamp="20210407 18:18:02.152" level="INFO" html="yes">Getting file '&lt;a href="file:///Users/panuwitsupageeratirod/ondemand/Automation_Ondemand2.0/CPFresh mart/API_Forgot_password/TC_0005_Validation_not filled out all the OTP.json"&gt;/Users/panuwitsupageeratirod/ondemand/Automation_Ondemand2.0/CPFresh mart/API_Forgot_password/TC_0005_Validation_not filled out all the OTP.json&lt;/a&gt;'.</msg>
<msg timestamp="20210407 18:18:02.153" level="INFO">${json_string} = {
    "otpCode": "111",
    "otpRefCode": "FZtrkOW_w"
}</msg>
<status status="PASS" starttime="20210407 18:18:02.151" endtime="20210407 18:18:02.153"></status>
</kw>
<kw name="Post Request" library="RequestsLibrary">
<doc>Send a POST request on the session object found using the
given `alias`</doc>
<arguments>
<arg>session</arg>
<arg>/4pl-authentication/v1/otp/verify/user</arg>
<arg>data=${json_string}</arg>
<arg>headers=${headers}</arg>
</arguments>
<assign>
<var>${resp}</var>
</assign>
<msg timestamp="20210407 18:18:02.154" level="INFO">POST Request using : uri=/4pl-authentication/v1/otp/verify/user, params=None, files=None, allow_redirects=True, timeout=None
headers={'User-Agent': 'python-requests/2.22.0', 'Accept-Encoding': 'gzip, deflate', 'Accept': '*/*', 'Connection': 'keep-alive', 'Content-Type': 'application/json', 'language': 'TH'} 
data={
    "otpCode": "111",
    "otpRefCode": "FZtrkOW_w"
} 
json=None</msg>
<msg timestamp="20210407 18:18:02.335" level="INFO">/Users/panuwitsupageeratirod/.virtualenvs/automate/lib/python3.7/site-packages/urllib3/connectionpool.py:851: InsecureRequestWarning: Unverified HTTPS request is being made. Adding certificate verification is strongly advised. See: https://urllib3.readthedocs.io/en/latest/advanced-usage.html#ssl-warnings
  InsecureRequestWarning)</msg>
<msg timestamp="20210407 18:18:02.335" level="INFO">${resp} = &lt;Response [400]&gt;</msg>
<status status="PASS" starttime="20210407 18:18:02.153" endtime="20210407 18:18:02.335"></status>
</kw>
<kw name="Set Variable" library="BuiltIn">
<doc>Returns the given values which can then be assigned to a variables.</doc>
<arguments>
<arg>${resp.status_code}</arg>
</arguments>
<assign>
<var>${http_status_res_code}</var>
</assign>
<msg timestamp="20210407 18:18:02.336" level="INFO">${http_status_res_code} = 400</msg>
<status status="PASS" starttime="20210407 18:18:02.336" endtime="20210407 18:18:02.336"></status>
</kw>
<kw name="Log" library="BuiltIn">
<doc>Logs the given message with the given level.</doc>
<arguments>
<arg>${resp.json()}</arg>
</arguments>
<msg timestamp="20210407 18:18:02.337" level="INFO">{'success': False, 'data': None, 'error': {'message': 'otpCode or otpRefCode is invalid'}}</msg>
<status status="PASS" starttime="20210407 18:18:02.337" endtime="20210407 18:18:02.337"></status>
</kw>
<kw name="Validation Http status code 400 Bad request" library="user_keywords">
<arguments>
<arg>${http_status_res_code}</arg>
</arguments>
<kw name="Should Be Equal As Strings" library="BuiltIn">
<doc>Fails if objects are unequal after converting them to strings.</doc>
<arguments>
<arg>${http_status_res_code}</arg>
<arg>400</arg>
</arguments>
<msg timestamp="20210407 18:18:02.338" level="INFO">Argument types are:
&lt;class 'int'&gt;
&lt;type 'unicode'&gt;</msg>
<status status="PASS" starttime="20210407 18:18:02.338" endtime="20210407 18:18:02.338"></status>
</kw>
<status status="PASS" starttime="20210407 18:18:02.338" endtime="20210407 18:18:02.338"></status>
</kw>
<status status="PASS" starttime="20210407 18:18:02.148" endtime="20210407 18:18:02.339" critical="yes"></status>
</test>
<test id="s1-t12" name="TC_00013_Verify driver only fill in OTP with the number">
<kw name="Create Session" library="RequestsLibrary">
<doc>Create Session: create a HTTP session to a server</doc>
<arguments>
<arg>session</arg>
<arg>https://api.staging.true-e-logistics.com</arg>
</arguments>
<msg timestamp="20210407 18:18:02.340" level="INFO">Creating Session using : alias=session, url=https://api.staging.true-e-logistics.com, headers={},                     cookies={}, auth=None, timeout=None, proxies=None, verify=False,                     debug=0 </msg>
<status status="PASS" starttime="20210407 18:18:02.340" endtime="20210407 18:18:02.341"></status>
</kw>
<kw name="Create Dictionary" library="BuiltIn">
<doc>Creates and returns a dictionary based on the given ``items``.</doc>
<arguments>
<arg>Content-Type=${Content-Type}</arg>
<arg>language=TH</arg>
</arguments>
<assign>
<var>${headers}</var>
</assign>
<msg timestamp="20210407 18:18:02.342" level="INFO">${headers} = {'Content-Type': 'application/json', 'language': 'TH'}</msg>
<status status="PASS" starttime="20210407 18:18:02.342" endtime="20210407 18:18:02.343"></status>
</kw>
<kw name="Get File" library="OperatingSystem">
<doc>Returns the contents of a specified file.</doc>
<arguments>
<arg>TC_0006_Validation_ only fill in OTP with the number.json</arg>
</arguments>
<assign>
<var>${json_string}</var>
</assign>
<msg timestamp="20210407 18:18:02.344" level="INFO" html="yes">Getting file '&lt;a href="file:///Users/panuwitsupageeratirod/ondemand/Automation_Ondemand2.0/CPFresh mart/API_Forgot_password/TC_0006_Validation_ only fill in OTP with the number.json"&gt;/Users/panuwitsupageeratirod/ondemand/Automation_Ondemand2.0/CPFresh mart/API_Forgot_password/TC_0006_Validation_ only fill in OTP with the number.json&lt;/a&gt;'.</msg>
<msg timestamp="20210407 18:18:02.344" level="INFO">${json_string} = {
    "otpCode": "XXXXXX",
    "otpRefCode": "FZtrkOW_w"
}</msg>
<status status="PASS" starttime="20210407 18:18:02.343" endtime="20210407 18:18:02.344"></status>
</kw>
<kw name="Post Request" library="RequestsLibrary">
<doc>Send a POST request on the session object found using the
given `alias`</doc>
<arguments>
<arg>session</arg>
<arg>/4pl-authentication/v1/otp/verify/user</arg>
<arg>data=${json_string}</arg>
<arg>headers=${headers}</arg>
</arguments>
<assign>
<var>${resp}</var>
</assign>
<msg timestamp="20210407 18:18:02.346" level="INFO">POST Request using : uri=/4pl-authentication/v1/otp/verify/user, params=None, files=None, allow_redirects=True, timeout=None
headers={'User-Agent': 'python-requests/2.22.0', 'Accept-Encoding': 'gzip, deflate', 'Accept': '*/*', 'Connection': 'keep-alive', 'Content-Type': 'application/json', 'language': 'TH'} 
data={
    "otpCode": "XXXXXX",
    "otpRefCode": "FZtrkOW_w"
} 
json=None</msg>
<msg timestamp="20210407 18:18:02.514" level="INFO">/Users/panuwitsupageeratirod/.virtualenvs/automate/lib/python3.7/site-packages/urllib3/connectionpool.py:851: InsecureRequestWarning: Unverified HTTPS request is being made. Adding certificate verification is strongly advised. See: https://urllib3.readthedocs.io/en/latest/advanced-usage.html#ssl-warnings
  InsecureRequestWarning)</msg>
<msg timestamp="20210407 18:18:02.514" level="INFO">${resp} = &lt;Response [400]&gt;</msg>
<status status="PASS" starttime="20210407 18:18:02.345" endtime="20210407 18:18:02.514"></status>
</kw>
<kw name="Set Variable" library="BuiltIn">
<doc>Returns the given values which can then be assigned to a variables.</doc>
<arguments>
<arg>${resp.status_code}</arg>
</arguments>
<assign>
<var>${http_status_res_code}</var>
</assign>
<msg timestamp="20210407 18:18:02.515" level="INFO">${http_status_res_code} = 400</msg>
<status status="PASS" starttime="20210407 18:18:02.514" endtime="20210407 18:18:02.515"></status>
</kw>
<kw name="Log" library="BuiltIn">
<doc>Logs the given message with the given level.</doc>
<arguments>
<arg>${resp.json()}</arg>
</arguments>
<msg timestamp="20210407 18:18:02.515" level="INFO">{'success': False, 'data': None, 'error': {'message': 'otpCode or otpRefCode is invalid'}}</msg>
<status status="PASS" starttime="20210407 18:18:02.515" endtime="20210407 18:18:02.515"></status>
</kw>
<kw name="Validation Http status code 400 Bad request" library="user_keywords">
<arguments>
<arg>${http_status_res_code}</arg>
</arguments>
<kw name="Should Be Equal As Strings" library="BuiltIn">
<doc>Fails if objects are unequal after converting them to strings.</doc>
<arguments>
<arg>${http_status_res_code}</arg>
<arg>400</arg>
</arguments>
<msg timestamp="20210407 18:18:02.517" level="INFO">Argument types are:
&lt;class 'int'&gt;
&lt;type 'unicode'&gt;</msg>
<status status="PASS" starttime="20210407 18:18:02.516" endtime="20210407 18:18:02.517"></status>
</kw>
<status status="PASS" starttime="20210407 18:18:02.516" endtime="20210407 18:18:02.517"></status>
</kw>
<status status="PASS" starttime="20210407 18:18:02.339" endtime="20210407 18:18:02.517" critical="yes"></status>
</test>
<test id="s1-t13" name="TC_00014_Validation OTP expired 30 second">
<kw name="Create Session" library="RequestsLibrary">
<doc>Create Session: create a HTTP session to a server</doc>
<arguments>
<arg>session</arg>
<arg>https://api.staging.true-e-logistics.com</arg>
</arguments>
<msg timestamp="20210407 18:18:02.518" level="INFO">Creating Session using : alias=session, url=https://api.staging.true-e-logistics.com, headers={},                     cookies={}, auth=None, timeout=None, proxies=None, verify=False,                     debug=0 </msg>
<status status="PASS" starttime="20210407 18:18:02.518" endtime="20210407 18:18:02.519"></status>
</kw>
<kw name="Create Dictionary" library="BuiltIn">
<doc>Creates and returns a dictionary based on the given ``items``.</doc>
<arguments>
<arg>Content-Type=${Content-Type}</arg>
<arg>language=TH</arg>
</arguments>
<assign>
<var>${headers}</var>
</assign>
<msg timestamp="20210407 18:18:02.519" level="INFO">${headers} = {'Content-Type': 'application/json', 'language': 'TH'}</msg>
<status status="PASS" starttime="20210407 18:18:02.519" endtime="20210407 18:18:02.520"></status>
</kw>
<kw name="Get File" library="OperatingSystem">
<doc>Returns the contents of a specified file.</doc>
<arguments>
<arg>TC_0001_Validation_OTP_success.json</arg>
</arguments>
<assign>
<var>${json_string}</var>
</assign>
<msg timestamp="20210407 18:18:02.520" level="INFO" html="yes">Getting file '&lt;a href="file:///Users/panuwitsupageeratirod/ondemand/Automation_Ondemand2.0/CPFresh mart/API_Forgot_password/TC_0001_Validation_OTP_success.json"&gt;/Users/panuwitsupageeratirod/ondemand/Automation_Ondemand2.0/CPFresh mart/API_Forgot_password/TC_0001_Validation_OTP_success.json&lt;/a&gt;'.</msg>
<msg timestamp="20210407 18:18:02.520" level="INFO">${json_string} = {
    "otpCode": "612442",
    "otpRefCode": "FZtrkOW_w"
}</msg>
<status status="PASS" starttime="20210407 18:18:02.520" endtime="20210407 18:18:02.520"></status>
</kw>
<kw name="Post Request" library="RequestsLibrary">
<doc>Send a POST request on the session object found using the
given `alias`</doc>
<arguments>
<arg>session</arg>
<arg>/4pl-authentication/v1/otp/verify/user</arg>
<arg>data=${json_string}</arg>
<arg>headers=${headers}</arg>
</arguments>
<assign>
<var>${resp}</var>
</assign>
<msg timestamp="20210407 18:18:02.521" level="INFO">POST Request using : uri=/4pl-authentication/v1/otp/verify/user, params=None, files=None, allow_redirects=True, timeout=None
headers={'User-Agent': 'python-requests/2.22.0', 'Accept-Encoding': 'gzip, deflate', 'Accept': '*/*', 'Connection': 'keep-alive', 'Content-Type': 'application/json', 'language': 'TH'} 
data={
    "otpCode": "612442",
    "otpRefCode": "FZtrkOW_w"
} 
json=None</msg>
<msg timestamp="20210407 18:18:02.712" level="INFO">/Users/panuwitsupageeratirod/.virtualenvs/automate/lib/python3.7/site-packages/urllib3/connectionpool.py:851: InsecureRequestWarning: Unverified HTTPS request is being made. Adding certificate verification is strongly advised. See: https://urllib3.readthedocs.io/en/latest/advanced-usage.html#ssl-warnings
  InsecureRequestWarning)</msg>
<msg timestamp="20210407 18:18:02.712" level="INFO">${resp} = &lt;Response [400]&gt;</msg>
<status status="PASS" starttime="20210407 18:18:02.520" endtime="20210407 18:18:02.712"></status>
</kw>
<kw name="Set Variable" library="BuiltIn">
<doc>Returns the given values which can then be assigned to a variables.</doc>
<arguments>
<arg>${resp.status_code}</arg>
</arguments>
<assign>
<var>${http_status_res_code}</var>
</assign>
<msg timestamp="20210407 18:18:02.713" level="INFO">${http_status_res_code} = 400</msg>
<status status="PASS" starttime="20210407 18:18:02.713" endtime="20210407 18:18:02.714"></status>
</kw>
<kw name="Log" library="BuiltIn">
<doc>Logs the given message with the given level.</doc>
<arguments>
<arg>${resp.json()}</arg>
</arguments>
<msg timestamp="20210407 18:18:02.715" level="INFO">{'success': False, 'data': None, 'error': {'message': 'otpCode or otpRefCode is invalid'}}</msg>
<status status="PASS" starttime="20210407 18:18:02.714" endtime="20210407 18:18:02.715"></status>
</kw>
<kw name="Validation Http status code 400 Bad request" library="user_keywords">
<arguments>
<arg>${http_status_res_code}</arg>
</arguments>
<kw name="Should Be Equal As Strings" library="BuiltIn">
<doc>Fails if objects are unequal after converting them to strings.</doc>
<arguments>
<arg>${http_status_res_code}</arg>
<arg>400</arg>
</arguments>
<msg timestamp="20210407 18:18:02.717" level="INFO">Argument types are:
&lt;class 'int'&gt;
&lt;type 'unicode'&gt;</msg>
<status status="PASS" starttime="20210407 18:18:02.716" endtime="20210407 18:18:02.717"></status>
</kw>
<status status="PASS" starttime="20210407 18:18:02.715" endtime="20210407 18:18:02.717"></status>
</kw>
<status status="PASS" starttime="20210407 18:18:02.517" endtime="20210407 18:18:02.717" critical="yes"></status>
</test>
<test id="s1-t14" name="TC_00015_Reset password success">
<kw name="Create Session" library="RequestsLibrary">
<doc>Create Session: create a HTTP session to a server</doc>
<arguments>
<arg>session</arg>
<arg>https://api.staging.true-e-logistics.com</arg>
</arguments>
<msg timestamp="20210407 18:18:02.724" level="INFO">Creating Session using : alias=session, url=https://api.staging.true-e-logistics.com, headers={},                     cookies={}, auth=None, timeout=None, proxies=None, verify=False,                     debug=0 </msg>
<status status="PASS" starttime="20210407 18:18:02.720" endtime="20210407 18:18:02.725"></status>
</kw>
<kw name="Create Dictionary" library="BuiltIn">
<doc>Creates and returns a dictionary based on the given ``items``.</doc>
<arguments>
<arg>Content-Type=${Content-Type}</arg>
<arg>language=TH</arg>
</arguments>
<assign>
<var>${headers}</var>
</assign>
<msg timestamp="20210407 18:18:02.727" level="INFO">${headers} = {'Content-Type': 'application/json', 'language': 'TH'}</msg>
<status status="PASS" starttime="20210407 18:18:02.726" endtime="20210407 18:18:02.727"></status>
</kw>
<kw name="Get File" library="OperatingSystem">
<doc>Returns the contents of a specified file.</doc>
<arguments>
<arg>TC_0001_Reset_password_success.json</arg>
</arguments>
<assign>
<var>${json_string}</var>
</assign>
<msg timestamp="20210407 18:18:02.727" level="INFO" html="yes">Getting file '&lt;a href="file:///Users/panuwitsupageeratirod/ondemand/Automation_Ondemand2.0/CPFresh mart/API_Forgot_password/TC_0001_Reset_password_success.json"&gt;/Users/panuwitsupageeratirod/ondemand/Automation_Ondemand2.0/CPFresh mart/API_Forgot_password/TC_0001_Reset_password_success.json&lt;/a&gt;'.</msg>
<msg timestamp="20210407 18:18:02.733" level="INFO">${json_string} = {
    "token":"9ffDw3UEG",
    "phone":"0873842085",
    "newPassword":"Top27117!"
}</msg>
<status status="PASS" starttime="20210407 18:18:02.727" endtime="20210407 18:18:02.733"></status>
</kw>
<kw name="Reset password success" library="user_keywords_forgot_password">
<arguments>
<arg>${json_string}</arg>
</arguments>
<assign>
<var>${new_json_string}</var>
</assign>
<kw name="Evaluate" library="BuiltIn">
<doc>Evaluates the given expression in Python and returns the results.</doc>
<arguments>
<arg>json.loads('''${json_string}''')</arg>
<arg>json</arg>
</arguments>
<assign>
<var>${json_string}</var>
</assign>
<msg timestamp="20210407 18:18:02.737" level="INFO">${json_string} = {'token': '9ffDw3UEG', 'phone': '0873842085', 'newPassword': 'Top27117!'}</msg>
<status status="PASS" starttime="20210407 18:18:02.737" endtime="20210407 18:18:02.737"></status>
</kw>
<kw name="Get File" library="OperatingSystem">
<doc>Returns the contents of a specified file.</doc>
<arguments>
<arg>token_forgotpassword.txt</arg>
</arguments>
<assign>
<var>${token_forgotpassword}</var>
</assign>
<msg timestamp="20210407 18:18:02.738" level="INFO" html="yes">Getting file '&lt;a href="file:///Users/panuwitsupageeratirod/ondemand/Automation_Ondemand2.0/CPFresh mart/API_Forgot_password/token_forgotpassword.txt"&gt;/Users/panuwitsupageeratirod/ondemand/Automation_Ondemand2.0/CPFresh mart/API_Forgot_password/token_forgotpassword.txt&lt;/a&gt;'.</msg>
<msg timestamp="20210407 18:18:02.738" level="INFO">${token_forgotpassword} = IG6bZrYYW</msg>
<status status="PASS" starttime="20210407 18:18:02.738" endtime="20210407 18:18:02.739"></status>
</kw>
<kw name="Set To Dictionary" library="Collections">
<doc>Adds the given ``key_value_pairs`` and ``items`` to the ``dictionary``.</doc>
<arguments>
<arg>${json_string}</arg>
<arg>token=${token_forgotpassword}</arg>
</arguments>
<status status="PASS" starttime="20210407 18:18:02.740" endtime="20210407 18:18:02.740"></status>
</kw>
<kw name="Evaluate" library="BuiltIn">
<doc>Evaluates the given expression in Python and returns the results.</doc>
<arguments>
<arg>json.dumps(${json_string})</arg>
<arg>json</arg>
</arguments>
<assign>
<var>${json_string}</var>
</assign>
<msg timestamp="20210407 18:18:02.741" level="INFO">${json_string} = {"token": "IG6bZrYYW", "phone": "0873842085", "newPassword": "Top27117!"}</msg>
<status status="PASS" starttime="20210407 18:18:02.740" endtime="20210407 18:18:02.741"></status>
</kw>
<msg timestamp="20210407 18:18:02.741" level="INFO">${new_json_string} = {"token": "IG6bZrYYW", "phone": "0873842085", "newPassword": "Top27117!"}</msg>
<status status="PASS" starttime="20210407 18:18:02.734" endtime="20210407 18:18:02.741"></status>
</kw>
<kw name="Post Request" library="RequestsLibrary">
<doc>Send a POST request on the session object found using the
given `alias`</doc>
<arguments>
<arg>session</arg>
<arg>/4pl-authentication/v1/auth/password/reset</arg>
<arg>data=${new_json_string}</arg>
<arg>headers=${headers}</arg>
</arguments>
<assign>
<var>${resp}</var>
</assign>
<msg timestamp="20210407 18:18:02.742" level="INFO">POST Request using : uri=/4pl-authentication/v1/auth/password/reset, params=None, files=None, allow_redirects=True, timeout=None
headers={'User-Agent': 'python-requests/2.22.0', 'Accept-Encoding': 'gzip, deflate', 'Accept': '*/*', 'Connection': 'keep-alive', 'Content-Type': 'application/json', 'language': 'TH'} 
data={"token": "IG6bZrYYW", "phone": "0873842085", "newPassword": "Top27117!"} 
json=None</msg>
<msg timestamp="20210407 18:18:02.958" level="INFO">/Users/panuwitsupageeratirod/.virtualenvs/automate/lib/python3.7/site-packages/urllib3/connectionpool.py:851: InsecureRequestWarning: Unverified HTTPS request is being made. Adding certificate verification is strongly advised. See: https://urllib3.readthedocs.io/en/latest/advanced-usage.html#ssl-warnings
  InsecureRequestWarning)</msg>
<msg timestamp="20210407 18:18:02.958" level="INFO">${resp} = &lt;Response [200]&gt;</msg>
<status status="PASS" starttime="20210407 18:18:02.742" endtime="20210407 18:18:02.959"></status>
</kw>
<kw name="Set Variable" library="BuiltIn">
<doc>Returns the given values which can then be assigned to a variables.</doc>
<arguments>
<arg>${resp.status_code}</arg>
</arguments>
<assign>
<var>${http_status_res_code}</var>
</assign>
<msg timestamp="20210407 18:18:02.961" level="INFO">${http_status_res_code} = 200</msg>
<status status="PASS" starttime="20210407 18:18:02.959" endtime="20210407 18:18:02.961"></status>
</kw>
<kw name="Log" library="BuiltIn">
<doc>Logs the given message with the given level.</doc>
<arguments>
<arg>${resp.json()}</arg>
</arguments>
<msg timestamp="20210407 18:18:02.962" level="INFO">{'data': {'username': 'topblitz', 'email': 'panuwit_sup@true-e-logistics.com', 'phone': '0873842085'}, 'status': 'OK', 'statusCodes': 200}</msg>
<status status="PASS" starttime="20210407 18:18:02.961" endtime="20210407 18:18:02.962"></status>
</kw>
<kw name="Validation Http status code success 200 OK" library="user_keywords">
<arguments>
<arg>${http_status_res_code}</arg>
</arguments>
<kw name="Should Be Equal As Strings" library="BuiltIn">
<doc>Fails if objects are unequal after converting them to strings.</doc>
<arguments>
<arg>${http_status_res_code}</arg>
<arg>200</arg>
</arguments>
<msg timestamp="20210407 18:18:02.963" level="INFO">Argument types are:
&lt;class 'int'&gt;
&lt;type 'unicode'&gt;</msg>
<status status="PASS" starttime="20210407 18:18:02.963" endtime="20210407 18:18:02.963"></status>
</kw>
<status status="PASS" starttime="20210407 18:18:02.962" endtime="20210407 18:18:02.964"></status>
</kw>
<status status="PASS" starttime="20210407 18:18:02.720" endtime="20210407 18:18:02.964" critical="yes"></status>
</test>
<test id="s1-t15" name="TC_00016_System should not be able to reset password success when driver reset password duplicate">
<kw name="Create Session" library="RequestsLibrary">
<doc>Create Session: create a HTTP session to a server</doc>
<arguments>
<arg>session</arg>
<arg>https://api.staging.true-e-logistics.com</arg>
</arguments>
<msg timestamp="20210407 18:18:02.965" level="INFO">Creating Session using : alias=session, url=https://api.staging.true-e-logistics.com, headers={},                     cookies={}, auth=None, timeout=None, proxies=None, verify=False,                     debug=0 </msg>
<status status="PASS" starttime="20210407 18:18:02.965" endtime="20210407 18:18:02.965"></status>
</kw>
<kw name="Create Dictionary" library="BuiltIn">
<doc>Creates and returns a dictionary based on the given ``items``.</doc>
<arguments>
<arg>Content-Type=${Content-Type}</arg>
<arg>language=TH</arg>
</arguments>
<assign>
<var>${headers}</var>
</assign>
<msg timestamp="20210407 18:18:02.967" level="INFO">${headers} = {'Content-Type': 'application/json', 'language': 'TH'}</msg>
<status status="PASS" starttime="20210407 18:18:02.966" endtime="20210407 18:18:02.967"></status>
</kw>
<kw name="Get File" library="OperatingSystem">
<doc>Returns the contents of a specified file.</doc>
<arguments>
<arg>TC_0001_Reset_password_success.json</arg>
</arguments>
<assign>
<var>${json_string}</var>
</assign>
<msg timestamp="20210407 18:18:02.967" level="INFO" html="yes">Getting file '&lt;a href="file:///Users/panuwitsupageeratirod/ondemand/Automation_Ondemand2.0/CPFresh mart/API_Forgot_password/TC_0001_Reset_password_success.json"&gt;/Users/panuwitsupageeratirod/ondemand/Automation_Ondemand2.0/CPFresh mart/API_Forgot_password/TC_0001_Reset_password_success.json&lt;/a&gt;'.</msg>
<msg timestamp="20210407 18:18:02.968" level="INFO">${json_string} = {
    "token":"9ffDw3UEG",
    "phone":"0873842085",
    "newPassword":"Top27117!"
}</msg>
<status status="PASS" starttime="20210407 18:18:02.967" endtime="20210407 18:18:02.968"></status>
</kw>
<kw name="Reset password success" library="user_keywords_forgot_password">
<arguments>
<arg>${json_string}</arg>
</arguments>
<assign>
<var>${new_json_string}</var>
</assign>
<kw name="Evaluate" library="BuiltIn">
<doc>Evaluates the given expression in Python and returns the results.</doc>
<arguments>
<arg>json.loads('''${json_string}''')</arg>
<arg>json</arg>
</arguments>
<assign>
<var>${json_string}</var>
</assign>
<msg timestamp="20210407 18:18:02.969" level="INFO">${json_string} = {'token': '9ffDw3UEG', 'phone': '0873842085', 'newPassword': 'Top27117!'}</msg>
<status status="PASS" starttime="20210407 18:18:02.968" endtime="20210407 18:18:02.969"></status>
</kw>
<kw name="Get File" library="OperatingSystem">
<doc>Returns the contents of a specified file.</doc>
<arguments>
<arg>token_forgotpassword.txt</arg>
</arguments>
<assign>
<var>${token_forgotpassword}</var>
</assign>
<msg timestamp="20210407 18:18:02.969" level="INFO" html="yes">Getting file '&lt;a href="file:///Users/panuwitsupageeratirod/ondemand/Automation_Ondemand2.0/CPFresh mart/API_Forgot_password/token_forgotpassword.txt"&gt;/Users/panuwitsupageeratirod/ondemand/Automation_Ondemand2.0/CPFresh mart/API_Forgot_password/token_forgotpassword.txt&lt;/a&gt;'.</msg>
<msg timestamp="20210407 18:18:02.969" level="INFO">${token_forgotpassword} = IG6bZrYYW</msg>
<status status="PASS" starttime="20210407 18:18:02.969" endtime="20210407 18:18:02.969"></status>
</kw>
<kw name="Set To Dictionary" library="Collections">
<doc>Adds the given ``key_value_pairs`` and ``items`` to the ``dictionary``.</doc>
<arguments>
<arg>${json_string}</arg>
<arg>token=${token_forgotpassword}</arg>
</arguments>
<status status="PASS" starttime="20210407 18:18:02.970" endtime="20210407 18:18:02.970"></status>
</kw>
<kw name="Evaluate" library="BuiltIn">
[...]
}</msg>
<status status="PASS" starttime="20210407 18:18:03.868" endtime="20210407 18:18:03.870"></status>
</kw>
<kw name="Reset password success" library="user_keywords_forgot_password">
<arguments>
<arg>${json_string}</arg>
</arguments>
<assign>
<var>${new_json_string}</var>
</assign>
<kw name="Evaluate" library="BuiltIn">
<doc>Evaluates the given expression in Python and returns the results.</doc>
<arguments>
<arg>json.loads('''${json_string}''')</arg>
<arg>json</arg>
</arguments>
<assign>
<var>${json_string}</var>
</assign>
<msg timestamp="20210407 18:18:03.875" level="INFO">${json_string} = {'token': 'sve8eBZIu', 'phone': '0900000000', 'newPassword': 'Toptest27117!'}</msg>
<status status="PASS" starttime="20210407 18:18:03.872" endtime="20210407 18:18:03.875"></status>
</kw>
<kw name="Get File" library="OperatingSystem">
<doc>Returns the contents of a specified file.</doc>
<arguments>
<arg>token_forgotpassword.txt</arg>
</arguments>
<assign>
<var>${token_forgotpassword}</var>
</assign>
<msg timestamp="20210407 18:18:03.878" level="INFO" html="yes">Getting file '&lt;a href="file:///Users/panuwitsupageeratirod/ondemand/Automation_Ondemand2.0/CPFresh mart/API_Forgot_password/token_forgotpassword.txt"&gt;/Users/panuwitsupageeratirod/ondemand/Automation_Ondemand2.0/CPFresh mart/API_Forgot_password/token_forgotpassword.txt&lt;/a&gt;'.</msg>
<msg timestamp="20210407 18:18:03.878" level="INFO">${token_forgotpassword} = IG6bZrYYW</msg>
<status status="PASS" starttime="20210407 18:18:03.877" endtime="20210407 18:18:03.878"></status>
</kw>
<kw name="Set To Dictionary" library="Collections">
<doc>Adds the given ``key_value_pairs`` and ``items`` to the ``dictionary``.</doc>
<arguments>
<arg>${json_string}</arg>
<arg>token=${token_forgotpassword}</arg>
</arguments>
<status status="PASS" starttime="20210407 18:18:03.878" endtime="20210407 18:18:03.879"></status>
</kw>
<kw name="Evaluate" library="BuiltIn">
<doc>Evaluates the given expression in Python and returns the results.</doc>
<arguments>
<arg>json.dumps(${json_string})</arg>
<arg>json</arg>
</arguments>
<assign>
<var>${json_string}</var>
</assign>
<msg timestamp="20210407 18:18:03.880" level="INFO">${json_string} = {"token": "IG6bZrYYW", "phone": "0900000000", "newPassword": "Toptest27117!"}</msg>
<status status="PASS" starttime="20210407 18:18:03.879" endtime="20210407 18:18:03.880"></status>
</kw>
<msg timestamp="20210407 18:18:03.881" level="INFO">${new_json_string} = {"token": "IG6bZrYYW", "phone": "0900000000", "newPassword": "Toptest27117!"}</msg>
<status status="PASS" starttime="20210407 18:18:03.870" endtime="20210407 18:18:03.881"></status>
</kw>
<kw name="Post Request" library="RequestsLibrary">
<doc>Send a POST request on the session object found using the
given `alias`</doc>
<arguments>
<arg>session</arg>
<arg>/4pl-authentication/v1/auth/password/reset</arg>
<arg>data=${new_json_string}</arg>
<arg>headers=${headers}</arg>
</arguments>
<assign>
<var>${resp}</var>
</assign>
<msg timestamp="20210407 18:18:03.883" level="INFO">POST Request using : uri=/4pl-authentication/v1/auth/password/reset, params=None, files=None, allow_redirects=True, timeout=None
headers={'User-Agent': 'python-requests/2.22.0', 'Accept-Encoding': 'gzip, deflate', 'Accept': '*/*', 'Connection': 'keep-alive', 'Content-Type': 'application/json', 'language': 'TH'} 
data={"token": "IG6bZrYYW", "phone": "0900000000", "newPassword": "Toptest27117!"} 
json=None</msg>
<msg timestamp="20210407 18:18:04.079" level="INFO">/Users/panuwitsupageeratirod/.virtualenvs/automate/lib/python3.7/site-packages/urllib3/connectionpool.py:851: InsecureRequestWarning: Unverified HTTPS request is being made. Adding certificate verification is strongly advised. See: https://urllib3.readthedocs.io/en/latest/advanced-usage.html#ssl-warnings
  InsecureRequestWarning)</msg>
<msg timestamp="20210407 18:18:04.080" level="INFO">${resp} = &lt;Response [400]&gt;</msg>
<status status="PASS" starttime="20210407 18:18:03.882" endtime="20210407 18:18:04.080"></status>
</kw>
<kw name="Set Variable" library="BuiltIn">
<doc>Returns the given values which can then be assigned to a variables.</doc>
<arguments>
<arg>${resp.status_code}</arg>
</arguments>
<assign>
<var>${http_status_res_code}</var>
</assign>
<msg timestamp="20210407 18:18:04.081" level="INFO">${http_status_res_code} = 400</msg>
<status status="PASS" starttime="20210407 18:18:04.080" endtime="20210407 18:18:04.081"></status>
</kw>
<kw name="Log" library="BuiltIn">
<doc>Logs the given message with the given level.</doc>
<arguments>
<arg>${resp.json()}</arg>
</arguments>
<msg timestamp="20210407 18:18:04.082" level="INFO">{'success': False, 'data': None, 'error': {'message': 'Invalid phone number'}}</msg>
<status status="PASS" starttime="20210407 18:18:04.081" endtime="20210407 18:18:04.083"></status>
</kw>
<kw name="Validation Invalid phone number" library="user_keywords_forgot_password">
<arguments>
<arg>${resp}</arg>
</arguments>
<kw name="Get From Dictionary" library="Collections">
<doc>Returns a value from the given ``dictionary`` based on the given ``key``.</doc>
<arguments>
<arg>${resp.json()["error"]}</arg>
<arg>message</arg>
</arguments>
<assign>
<var>${ResMessage}</var>
</assign>
<msg timestamp="20210407 18:18:04.085" level="INFO">${ResMessage} = Invalid phone number</msg>
<status status="PASS" starttime="20210407 18:18:04.084" endtime="20210407 18:18:04.085"></status>
</kw>
<kw name="Should Be Equal As Strings" library="BuiltIn">
<doc>Fails if objects are unequal after converting them to strings.</doc>
<arguments>
<arg>${ResMessage}</arg>
<arg>Invalid phone number</arg>
</arguments>
<status status="PASS" starttime="20210407 18:18:04.085" endtime="20210407 18:18:04.085"></status>
</kw>
<status status="PASS" starttime="20210407 18:18:04.083" endtime="20210407 18:18:04.085"></status>
</kw>
<status status="PASS" starttime="20210407 18:18:03.863" endtime="20210407 18:18:04.085" critical="yes"></status>
</test>
<test id="s1-t20" name="Tc_00022_Verify that driver not fill in new password">
<kw name="Create Session" library="RequestsLibrary">
<doc>Create Session: create a HTTP session to a server</doc>
<arguments>
<arg>session</arg>
<arg>https://api.staging.true-e-logistics.com</arg>
</arguments>
<msg timestamp="20210407 18:18:04.087" level="INFO">Creating Session using : alias=session, url=https://api.staging.true-e-logistics.com, headers={},                     cookies={}, auth=None, timeout=None, proxies=None, verify=False,                     debug=0 </msg>
<status status="PASS" starttime="20210407 18:18:04.087" endtime="20210407 18:18:04.087"></status>
</kw>
<kw name="Create Dictionary" library="BuiltIn">
<doc>Creates and returns a dictionary based on the given ``items``.</doc>
<arguments>
<arg>Content-Type=${Content-Type}</arg>
<arg>language=TH</arg>
</arguments>
<assign>
<var>${headers}</var>
</assign>
<msg timestamp="20210407 18:18:04.088" level="INFO">${headers} = {'Content-Type': 'application/json', 'language': 'TH'}</msg>
<status status="PASS" starttime="20210407 18:18:04.087" endtime="20210407 18:18:04.088"></status>
</kw>
<kw name="Get File" library="OperatingSystem">
<doc>Returns the contents of a specified file.</doc>
<arguments>
<arg>Tc_0008_newpassword_not_fill_in_new_password.json</arg>
</arguments>
<assign>
<var>${json_string}</var>
</assign>
<msg timestamp="20210407 18:18:04.088" level="INFO" html="yes">Getting file '&lt;a href="file:///Users/panuwitsupageeratirod/ondemand/Automation_Ondemand2.0/CPFresh mart/API_Forgot_password/Tc_0008_newpassword_not_fill_in_new_password.json"&gt;/Users/panuwitsupageeratirod/ondemand/Automation_Ondemand2.0/CPFresh mart/API_Forgot_password/Tc_0008_newpassword_not_fill_in_new_password.json&lt;/a&gt;'.</msg>
<msg timestamp="20210407 18:18:04.094" level="INFO">${json_string} = {
    "token":"9ffDw3UEG",
    "phone":"0952477036",
    "newPassword":""
}</msg>
<status status="PASS" starttime="20210407 18:18:04.088" endtime="20210407 18:18:04.094"></status>
</kw>
<kw name="Reset password success" library="user_keywords_forgot_password">
<arguments>
<arg>${json_string}</arg>
</arguments>
<assign>
<var>${new_json_string}</var>
</assign>
<kw name="Evaluate" library="BuiltIn">
<doc>Evaluates the given expression in Python and returns the results.</doc>
<arguments>
<arg>json.loads('''${json_string}''')</arg>
<arg>json</arg>
</arguments>
<assign>
<var>${json_string}</var>
</assign>
<msg timestamp="20210407 18:18:04.098" level="INFO">${json_string} = {'token': '9ffDw3UEG', 'phone': '0952477036', 'newPassword': ''}</msg>
<status status="PASS" starttime="20210407 18:18:04.095" endtime="20210407 18:18:04.098"></status>
</kw>
<kw name="Get File" library="OperatingSystem">
<doc>Returns the contents of a specified file.</doc>
<arguments>
<arg>token_forgotpassword.txt</arg>
</arguments>
<assign>
<var>${token_forgotpassword}</var>
</assign>
<msg timestamp="20210407 18:18:04.101" level="INFO" html="yes">Getting file '&lt;a href="file:///Users/panuwitsupageeratirod/ondemand/Automation_Ondemand2.0/CPFresh mart/API_Forgot_password/token_forgotpassword.txt"&gt;/Users/panuwitsupageeratirod/ondemand/Automation_Ondemand2.0/CPFresh mart/API_Forgot_password/token_forgotpassword.txt&lt;/a&gt;'.</msg>
<msg timestamp="20210407 18:18:04.103" level="INFO">${token_forgotpassword} = IG6bZrYYW</msg>
<status status="PASS" starttime="20210407 18:18:04.100" endtime="20210407 18:18:04.103"></status>
</kw>
<kw name="Set To Dictionary" library="Collections">
<doc>Adds the given ``key_value_pairs`` and ``items`` to the ``dictionary``.</doc>
<arguments>
<arg>${json_string}</arg>
<arg>token=${token_forgotpassword}</arg>
</arguments>
<status status="PASS" starttime="20210407 18:18:04.104" endtime="20210407 18:18:04.105"></status>
</kw>
<kw name="Evaluate" library="BuiltIn">
<doc>Evaluates the given expression in Python and returns the results.</doc>
<arguments>
<arg>json.dumps(${json_string})</arg>
<arg>json</arg>
</arguments>
<assign>
<var>${json_string}</var>
</assign>
<msg timestamp="20210407 18:18:04.106" level="INFO">${json_string} = {"token": "IG6bZrYYW", "phone": "0952477036", "newPassword": ""}</msg>
<status status="PASS" starttime="20210407 18:18:04.105" endtime="20210407 18:18:04.106"></status>
</kw>
<msg timestamp="20210407 18:18:04.106" level="INFO">${new_json_string} = {"token": "IG6bZrYYW", "phone": "0952477036", "newPassword": ""}</msg>
<status status="PASS" starttime="20210407 18:18:04.094" endtime="20210407 18:18:04.107"></status>
</kw>
<kw name="Post Request" library="RequestsLibrary">
<doc>Send a POST request on the session object found using the
given `alias`</doc>
<arguments>
<arg>session</arg>
<arg>/4pl-authentication/v1/auth/password/reset</arg>
<arg>data=${new_json_string}</arg>
<arg>headers=${headers}</arg>
</arguments>
<assign>
<var>${resp}</var>
</assign>
<msg timestamp="20210407 18:18:04.108" level="INFO">POST Request using : uri=/4pl-authentication/v1/auth/password/reset, params=None, files=None, allow_redirects=True, timeout=None
headers={'User-Agent': 'python-requests/2.22.0', 'Accept-Encoding': 'gzip, deflate', 'Accept': '*/*', 'Connection': 'keep-alive', 'Content-Type': 'application/json', 'language': 'TH'} 
data={"token": "IG6bZrYYW", "phone": "0952477036", "newPassword": ""} 
json=None</msg>
<msg timestamp="20210407 18:18:04.318" level="INFO">/Users/panuwitsupageeratirod/.virtualenvs/automate/lib/python3.7/site-packages/urllib3/connectionpool.py:851: InsecureRequestWarning: Unverified HTTPS request is being made. Adding certificate verification is strongly advised. See: https://urllib3.readthedocs.io/en/latest/advanced-usage.html#ssl-warnings
  InsecureRequestWarning)</msg>
<msg timestamp="20210407 18:18:04.318" level="INFO">${resp} = &lt;Response [400]&gt;</msg>
<status status="PASS" starttime="20210407 18:18:04.107" endtime="20210407 18:18:04.318"></status>
</kw>
<kw name="Set Variable" library="BuiltIn">
<doc>Returns the given values which can then be assigned to a variables.</doc>
<arguments>
<arg>${resp.status_code}</arg>
</arguments>
<assign>
<var>${http_status_res_code}</var>
</assign>
<msg timestamp="20210407 18:18:04.320" level="INFO">${http_status_res_code} = 400</msg>
<status status="PASS" starttime="20210407 18:18:04.319" endtime="20210407 18:18:04.320"></status>
</kw>
<kw name="Log" library="BuiltIn">
<doc>Logs the given message with the given level.</doc>
<arguments>
<arg>${resp.json()}</arg>
</arguments>
<msg timestamp="20210407 18:18:04.321" level="INFO">{'success': False, 'data': None, 'error': {'message': 'data/newPassword must be an match with pattern minimum eight characters maximum twenty characters, at least one upper case English letter, one lower case English letter, one number and one special character'}}</msg>
<status status="PASS" starttime="20210407 18:18:04.321" endtime="20210407 18:18:04.322"></status>
</kw>
<kw name="Validation incorect pattern newpassword" library="user_keywords_forgot_password">
<arguments>
<arg>${resp}</arg>
</arguments>
<kw name="Get From Dictionary" library="Collections">
<doc>Returns a value from the given ``dictionary`` based on the given ``key``.</doc>
<arguments>
<arg>${resp.json()["error"]}</arg>
<arg>message</arg>
</arguments>
<assign>
<var>${ResMessage}</var>
</assign>
<msg timestamp="20210407 18:18:04.323" level="INFO">${ResMessage} = data/newPassword must be an match with pattern minimum eight characters maximum twenty characters, at least one upper case English letter, one lower case English letter, one number and one special cha...</msg>
<status status="PASS" starttime="20210407 18:18:04.323" endtime="20210407 18:18:04.323"></status>
</kw>
<kw name="Should Be Equal As Strings" library="BuiltIn">
<doc>Fails if objects are unequal after converting them to strings.</doc>
<arguments>
<arg>${ResMessage}</arg>
<arg>data/newPassword must be an match with pattern minimum eight characters maximum twenty characters, at least one upper case English letter, one lower case English letter, one number and one special character</arg>
</arguments>
<status status="PASS" starttime="20210407 18:18:04.323" endtime="20210407 18:18:04.323"></status>
</kw>
<status status="PASS" starttime="20210407 18:18:04.322" endtime="20210407 18:18:04.323"></status>
</kw>
<status status="PASS" starttime="20210407 18:18:04.086" endtime="20210407 18:18:04.323" critical="yes"></status>
</test>
<test id="s1-t21" name="Tc_00023_fill in token incorrectly">
<kw name="Create Session" library="RequestsLibrary">
<doc>Create Session: create a HTTP session to a server</doc>
<arguments>
<arg>session</arg>
<arg>https://api.staging.true-e-logistics.com</arg>
</arguments>
<msg timestamp="20210407 18:18:04.368" level="INFO">Creating Session using : alias=session, url=https://api.staging.true-e-logistics.com, headers={},                     cookies={}, auth=None, timeout=None, proxies=None, verify=False,                     debug=0 </msg>
<status status="PASS" starttime="20210407 18:18:04.368" endtime="20210407 18:18:04.370"></status>
</kw>
<kw name="Create Dictionary" library="BuiltIn">
<doc>Creates and returns a dictionary based on the given ``items``.</doc>
<arguments>
<arg>Content-Type=${Content-Type}</arg>
</arguments>
<assign>
<var>${headers}</var>
</assign>
<msg timestamp="20210407 18:18:04.371" level="INFO">${headers} = {'Content-Type': 'application/json'}</msg>
<status status="PASS" starttime="20210407 18:18:04.370" endtime="20210407 18:18:04.371"></status>
</kw>
<kw name="Get File" library="OperatingSystem">
<doc>Returns the contents of a specified file.</doc>
<arguments>
<arg>Tc_0009_fill_in_token_incorrectly.json</arg>
</arguments>
<assign>
<var>${json_string}</var>
</assign>
<msg timestamp="20210407 18:18:04.372" level="INFO" html="yes">Getting file '&lt;a href="file:///Users/panuwitsupageeratirod/ondemand/Automation_Ondemand2.0/CPFresh mart/API_Forgot_password/Tc_0009_fill_in_token_incorrectly.json"&gt;/Users/panuwitsupageeratirod/ondemand/Automation_Ondemand2.0/CPFresh mart/API_Forgot_password/Tc_0009_fill_in_token_incorrectly.json&lt;/a&gt;'.</msg>
<msg timestamp="20210407 18:18:04.372" level="INFO">${json_string} = {
    "token":"xxxx",
    "phone":"0952477036",
    "newPassword":"Aa1234567!"
}
</msg>
<status status="PASS" starttime="20210407 18:18:04.371" endtime="20210407 18:18:04.372"></status>
</kw>
<kw name="Post Request" library="RequestsLibrary">
<doc>Send a POST request on the session object found using the
given `alias`</doc>
<arguments>
<arg>session</arg>
<arg>4pl-authentication/v1/auth/password/reset</arg>
<arg>data=${json_string}</arg>
<arg>headers=${headers}</arg>
</arguments>
<assign>
<var>${resp}</var>
</assign>
<msg timestamp="20210407 18:18:04.374" level="INFO">POST Request using : uri=4pl-authentication/v1/auth/password/reset, params=None, files=None, allow_redirects=True, timeout=None
headers={'User-Agent': 'python-requests/2.22.0', 'Accept-Encoding': 'gzip, deflate', 'Accept': '*/*', 'Connection': 'keep-alive', 'Content-Type': 'application/json'} 
data={
    "token":"xxxx",
    "phone":"0952477036",
    "newPassword":"Aa1234567!"
}
 
json=None</msg>
<msg timestamp="20210407 18:18:04.574" level="INFO">/Users/panuwitsupageeratirod/.virtualenvs/automate/lib/python3.7/site-packages/urllib3/connectionpool.py:851: InsecureRequestWarning: Unverified HTTPS request is being made. Adding certificate verification is strongly advised. See: https://urllib3.readthedocs.io/en/latest/advanced-usage.html#ssl-warnings
  InsecureRequestWarning)</msg>
<msg timestamp="20210407 18:18:04.575" level="INFO">${resp} = &lt;Response [400]&gt;</msg>
<status status="PASS" starttime="20210407 18:18:04.373" endtime="20210407 18:18:04.575"></status>
</kw>
<kw name="Set Variable" library="BuiltIn">
<doc>Returns the given values which can then be assigned to a variables.</doc>
<arguments>
<arg>${resp.status_code}</arg>
</arguments>
<assign>
<var>${http_status_res_code}</var>
</assign>
<msg timestamp="20210407 18:18:04.577" level="INFO">${http_status_res_code} = 400</msg>
<status status="PASS" starttime="20210407 18:18:04.576" endtime="20210407 18:18:04.577"></status>
</kw>
<kw name="Log" library="BuiltIn">
<doc>Logs the given message with the given level.</doc>
<arguments>
<arg>${resp.json()}</arg>
</arguments>
<msg timestamp="20210407 18:18:04.579" level="INFO">{'success': False, 'data': None, 'error': {'message': 'Invalid token'}}</msg>
<status status="PASS" starttime="20210407 18:18:04.578" endtime="20210407 18:18:04.579"></status>
</kw>
<kw name="Validation Invalid token" library="user_keywords_forgot_password">
<arguments>
<arg>${resp}</arg>
</arguments>
<kw name="Get From Dictionary" library="Collections">
<doc>Returns a value from the given ``dictionary`` based on the given ``key``.</doc>
<arguments>
<arg>${resp.json()["error"]}</arg>
<arg>message</arg>
</arguments>
<assign>
<var>${ResMessage}</var>
</assign>
<msg timestamp="20210407 18:18:04.582" level="INFO">${ResMessage} = Invalid token</msg>
<status status="PASS" starttime="20210407 18:18:04.581" endtime="20210407 18:18:04.582"></status>
</kw>
<kw name="Should Be Equal As Strings" library="BuiltIn">
<doc>Fails if objects are unequal after converting them to strings.</doc>
<arguments>
<arg>${ResMessage}</arg>
<arg>Invalid token</arg>
</arguments>
<status status="PASS" starttime="20210407 18:18:04.582" endtime="20210407 18:18:04.582"></status>
</kw>
<status status="PASS" starttime="20210407 18:18:04.580" endtime="20210407 18:18:04.582"></status>
</kw>
<status status="PASS" starttime="20210407 18:18:04.338" endtime="20210407 18:18:04.583" critical="yes"></status>
</test>
<status status="PASS" starttime="20210407 18:17:58.508" endtime="20210407 18:18:04.587"></status>
</suite>
<statistics>
<total>
<stat pass="21" fail="0">Critical Tests</stat>
<stat pass="21" fail="0">All Tests</stat>
</total>
<tag>
</tag>
<suite>
<stat pass="21" fail="0" id="s1" name="API Forgot Password">API Forgot Password</stat>
</suite>
</statistics>
<errors>
</errors>
</robot>
